#
# There is insufficient memory for the Java Runtime Environment to continue.
# Native memory allocation (malloc) failed to allocate 1060096 bytes for Chunk::new
# Possible reasons:
#   The system is out of physical RAM or swap space
#   In 32 bit mode, the process size limit was hit
# Possible solutions:
#   Reduce memory load on the system
#   Increase physical memory or swap space
#   Check if swap backing store is full
#   Use 64 bit Java on a 64 bit OS
#   Decrease Java heap size (-Xmx/-Xms)
#   Decrease number of Java threads
#   Decrease Java thread stack sizes (-Xss)
#   Set larger code cache with -XX:ReservedCodeCacheSize=
# This output file may be truncated or incomplete.
#
#  Out of Memory Error (allocation.cpp:390), pid=10516, tid=0x0000000000003198
#
# JRE version: Java(TM) SE Runtime Environment (8.0_191-b12) (build 1.8.0_191-b12)
# Java VM: Java HotSpot(TM) 64-Bit Server VM (25.191-b12 mixed mode windows-amd64 compressed oops)
# Failed to write core dump. Minidumps are not enabled by default on client versions of Windows
#

---------------  T H R E A D  ---------------

Current thread (0x00000000186ae000):  JavaThread "C2 CompilerThread0" daemon [_thread_in_native, id=12696, stack(0x0000000018e20000,0x0000000018f20000)]

Stack: [0x0000000018e20000,0x0000000018f20000]
[error occurred during error reporting (printing stack bounds), id 0xc0000005]

Native frames: (J=compiled Java code, j=interpreted, Vv=VM code, C=native code)


Current CompileTask:
C2:  14449 2385       4       groovy.lang.MetaClassImpl$1MOPIter::methodNameAction (325 bytes)


---------------  P R O C E S S  ---------------

Java Threads: ( => current thread )
  0x000000001a2f1000 JavaThread "Cache worker for execution history cache (C:\Users\Administrator\.gradle\caches\5.1.1\executionHistory)" [_thread_blocked, id=12044, stack(0x0000000020e90000,0x0000000020f90000)]
  0x000000001a2eb000 JavaThread "Cache worker for cache directory md-rule (C:\Users\Administrator\.gradle\caches\5.1.1\md-rule)" [_thread_blocked, id=7932, stack(0x0000000020d90000,0x0000000020e90000)]
  0x000000001a2f0000 JavaThread "Cache worker for cache directory md-supplier (C:\Users\Administrator\.gradle\caches\5.1.1\md-supplier)" [_thread_blocked, id=5620, stack(0x00000000207c0000,0x00000000208c0000)]
  0x000000001a2ef800 JavaThread "Cache worker for file hash cache (F:\JavaTest\car\.gradle\5.1.1\fileHashes)" [_thread_blocked, id=8848, stack(0x000000001e0c0000,0x000000001e1c0000)]
  0x000000001a2ec800 JavaThread "Cache worker for journal cache (C:\Users\Administrator\.gradle\caches\journal-1)" [_thread_blocked, id=10676, stack(0x000000001cdf0000,0x000000001cef0000)]
  0x000000001a2eb800 JavaThread "File lock request listener" [_thread_in_native, id=9600, stack(0x000000001ccf0000,0x000000001cdf0000)]
  0x000000001a2ee800 JavaThread "Cache worker for file hash cache (C:\Users\Administrator\.gradle\caches\5.1.1\fileHashes)" [_thread_blocked, id=7656, stack(0x000000001cbf0000,0x000000001ccf0000)]
  0x0000000019cdb800 JavaThread "Thread-9" [_thread_blocked, id=10020, stack(0x000000001caf0000,0x000000001cbf0000)]
  0x000000001a2f7800 JavaThread "Stdin handler" [_thread_blocked, id=8264, stack(0x000000001c9f0000,0x000000001caf0000)]
  0x00000000194f0800 JavaThread "Asynchronous log dispatcher for DefaultDaemonConnection: socket connection from /127.0.0.1:51718 to /127.0.0.1:51719" [_thread_blocked, id=3396, stack(0x000000001c7f0000,0x000000001c8f0000)]
  0x000000001ac3c800 JavaThread "Daemon worker" [_thread_in_vm, id=3612, stack(0x000000001c6f0000,0x000000001c7f0000)]
  0x000000001a950000 JavaThread "Cancel handler" [_thread_blocked, id=356, stack(0x000000001c5f0000,0x000000001c6f0000)]
  0x0000000018792000 JavaThread "Handler for socket connection from /127.0.0.1:51718 to /127.0.0.1:51719" [_thread_in_native, id=10032, stack(0x000000001c2f0000,0x000000001c3f0000)]
  0x0000000019449800 JavaThread "Daemon" [_thread_blocked, id=5056, stack(0x000000001c1f0000,0x000000001c2f0000)]
  0x000000001a3ba000 JavaThread "Daemon periodic checks" [_thread_blocked, id=5136, stack(0x000000001c0f0000,0x000000001c1f0000)]
  0x00000000187c4800 JavaThread "Incoming local TCP Connector on port 51718" [_thread_in_native, id=7468, stack(0x000000001bff0000,0x000000001c0f0000)]
  0x000000001b570800 JavaThread "Daemon health stats" [_thread_blocked, id=11368, stack(0x000000001bcf0000,0x000000001bdf0000)]
  0x0000000018753800 JavaThread "Service Thread" daemon [_thread_blocked, id=9656, stack(0x0000000019220000,0x0000000019320000)]
  0x00000000186c6800 JavaThread "C1 CompilerThread3" daemon [_thread_blocked, id=12728, stack(0x0000000019120000,0x0000000019220000)]
  0x00000000186b5000 JavaThread "C2 CompilerThread2" daemon [_thread_in_native, id=6220, stack(0x0000000019020000,0x0000000019120000)]
  0x00000000186b1800 JavaThread "C2 CompilerThread1" daemon [_thread_in_native, id=10016, stack(0x0000000018f20000,0x0000000019020000)]
=>0x00000000186ae000 JavaThread "C2 CompilerThread0" daemon [_thread_in_native, id=12696, stack(0x0000000018e20000,0x0000000018f20000)]
  0x00000000186ac800 JavaThread "Attach Listener" daemon [_thread_blocked, id=6832, stack(0x0000000018d20000,0x0000000018e20000)]
  0x0000000018659000 JavaThread "Signal Dispatcher" daemon [_thread_blocked, id=6656, stack(0x0000000018c20000,0x0000000018d20000)]
  0x0000000002a99000 JavaThread "Finalizer" daemon [_thread_blocked, id=11696, stack(0x0000000018b20000,0x0000000018c20000)]
  0x000000001685d800 JavaThread "Reference Handler" daemon [_thread_blocked, id=5828, stack(0x0000000018a20000,0x0000000018b20000)]
  0x000000000248e000 JavaThread "main" [_thread_blocked, id=4752, stack(0x00000000028a0000,0x00000000029a0000)]

Other Threads:
  0x0000000016859000 VMThread [stack: 0x0000000018520000,0x0000000018620000] [id=4612]
  0x0000000018767800 WatcherThread [stack: 0x0000000019320000,0x0000000019420000] [id=13112]

VM state:not at safepoint (normal execution)

VM Mutex/Monitor currently owned by a thread: None

Heap:
 PSYoungGen      total 132096K, used 126974K [0x00000000e0000000, 0x00000000e8600000, 0x0000000100000000)
  eden space 126976K, 99% used [0x00000000e0000000,0x00000000e7bff9d8,0x00000000e7c00000)
  from space 5120K, 0% used [0x00000000e8100000,0x00000000e8100000,0x00000000e8600000)
  to   space 5120K, 0% used [0x00000000e7c00000,0x00000000e7c00000,0x00000000e8100000)
 ParOldGen       total 69120K, used 11787K [0x00000000a0000000, 0x00000000a4380000, 0x00000000e0000000)
  object space 69120K, 17% used [0x00000000a0000000,0x00000000a0b82fb8,0x00000000a4380000)
 Metaspace       used 31927K, capacity 32536K, committed 32640K, reserved 1077248K
  class space    used 4513K, capacity 4704K, committed 4736K, reserved 1048576K

Card table byte_map: [0x0000000011e60000,0x0000000012170000] byte_map_base: 0x0000000011960000

Marking Bits: (ParMarkBitMap*) 0x00000000596f3e30
 Begin Bits: [0x0000000012b70000, 0x0000000014370000)
 End Bits:   [0x0000000014370000, 0x0000000015b70000)

Polling page: 0x0000000000760000

CodeCache: size=245760Kb used=8563Kb max_used=8563Kb free=237196Kb
 bounds [0x0000000002aa0000, 0x0000000003310000, 0x0000000011aa0000]
 total_blobs=2928 nmethods=2251 adapters=589
 compilation: enabled

Compilation events (10 events):
Event: 14.170 Thread 0x00000000186c6800 2434       3       java.io.ObjectStreamClass$WeakClassKey::equals (42 bytes)
Event: 14.170 Thread 0x00000000186c6800 nmethod 2434 0x0000000003302050 code [0x00000000033021c0, 0x0000000003302750]
Event: 14.170 Thread 0x00000000186c6800 2432       3       java.lang.ThreadLocal$ThreadLocalMap::access$100 (7 bytes)
Event: 14.171 Thread 0x00000000186c6800 nmethod 2432 0x0000000003302810 code [0x0000000003302980, 0x0000000003302ae8]
Event: 14.173 Thread 0x00000000186c6800 2435       1       java.net.JarURLConnection::getJarFileURL (5 bytes)
Event: 14.174 Thread 0x00000000186c6800 nmethod 2435 0x0000000003302bd0 code [0x0000000003302d20, 0x0000000003302e30]
Event: 14.212 Thread 0x00000000186c6800 2436       3       java.util.concurrent.TimeUnit$1::toMillis (6 bytes)
Event: 14.212 Thread 0x00000000186c6800 nmethod 2436 0x0000000003302e90 code [0x0000000003302fe0, 0x0000000003303150]
Event: 14.339 Thread 0x00000000186c6800 2437       1       java.util.concurrent.locks.AbstractQueuedSynchronizer::compareAndSetState (13 bytes)
Event: 14.339 Thread 0x00000000186c6800 nmethod 2437 0x00000000033031d0 code [0x0000000003303320, 0x0000000003303450]

GC Heap History (10 events):
Event: 1.988 GC heap before
{Heap before GC invocations=1 (full 0):
 PSYoungGen      total 36864K, used 31744K [0x00000000e0000000, 0x00000000e2900000, 0x0000000100000000)
  eden space 31744K, 100% used [0x00000000e0000000,0x00000000e1f00000,0x00000000e1f00000)
  from space 5120K, 0% used [0x00000000e2400000,0x00000000e2400000,0x00000000e2900000)
  to   space 5120K, 0% used [0x00000000e1f00000,0x00000000e1f00000,0x00000000e2400000)
 ParOldGen       total 84992K, used 0K [0x00000000a0000000, 0x00000000a5300000, 0x00000000e0000000)
  object space 84992K, 0% used [0x00000000a0000000,0x00000000a0000000,0x00000000a5300000)
 Metaspace       used 7026K, capacity 7194K, committed 7424K, reserved 1056768K
  class space    used 874K, capacity 910K, committed 1024K, reserved 1048576K
Event: 2.011 GC heap after
Heap after GC invocations=1 (full 0):
 PSYoungGen      total 36864K, used 4524K [0x00000000e0000000, 0x00000000e4800000, 0x0000000100000000)
  eden space 31744K, 0% used [0x00000000e0000000,0x00000000e0000000,0x00000000e1f00000)
  from space 5120K, 88% used [0x00000000e1f00000,0x00000000e236b1c0,0x00000000e2400000)
  to   space 5120K, 0% used [0x00000000e4300000,0x00000000e4300000,0x00000000e4800000)
 ParOldGen       total 84992K, used 8K [0x00000000a0000000, 0x00000000a5300000, 0x00000000e0000000)
  object space 84992K, 0% used [0x00000000a0000000,0x00000000a0002000,0x00000000a5300000)
 Metaspace       used 7026K, capacity 7194K, committed 7424K, reserved 1056768K
  class space    used 874K, capacity 910K, committed 1024K, reserved 1048576K
}
Event: 3.215 GC heap before
{Heap before GC invocations=2 (full 0):
 PSYoungGen      total 36864K, used 36268K [0x00000000e0000000, 0x00000000e4800000, 0x0000000100000000)
  eden space 31744K, 100% used [0x00000000e0000000,0x00000000e1f00000,0x00000000e1f00000)
  from space 5120K, 88% used [0x00000000e1f00000,0x00000000e236b1c0,0x00000000e2400000)
  to   space 5120K, 0% used [0x00000000e4300000,0x00000000e4300000,0x00000000e4800000)
 ParOldGen       total 84992K, used 8K [0x00000000a0000000, 0x00000000a5300000, 0x00000000e0000000)
  object space 84992K, 0% used [0x00000000a0000000,0x00000000a0002000,0x00000000a5300000)
 Metaspace       used 8219K, capacity 8470K, committed 8576K, reserved 1056768K
  class space    used 1056K, capacity 1145K, committed 1152K, reserved 1048576K
Event: 3.231 GC heap after
Heap after GC invocations=2 (full 0):
 PSYoungGen      total 68608K, used 4444K [0x00000000e0000000, 0x00000000e4800000, 0x0000000100000000)
  eden space 63488K, 0% used [0x00000000e0000000,0x00000000e0000000,0x00000000e3e00000)
  from space 5120K, 86% used [0x00000000e4300000,0x00000000e47573e8,0x00000000e4800000)
  to   space 5120K, 0% used [0x00000000e3e00000,0x00000000e3e00000,0x00000000e4300000)
 ParOldGen       total 84992K, used 16K [0x00000000a0000000, 0x00000000a5300000, 0x00000000e0000000)
  object space 84992K, 0% used [0x00000000a0000000,0x00000000a0004000,0x00000000a5300000)
 Metaspace       used 8219K, capacity 8470K, committed 8576K, reserved 1056768K
  class space    used 1056K, capacity 1145K, committed 1152K, reserved 1048576K
}
Event: 7.383 GC heap before
{Heap before GC invocations=3 (full 0):
 PSYoungGen      total 68608K, used 67932K [0x00000000e0000000, 0x00000000e4800000, 0x0000000100000000)
  eden space 63488K, 100% used [0x00000000e0000000,0x00000000e3e00000,0x00000000e3e00000)
  from space 5120K, 86% used [0x00000000e4300000,0x00000000e47573e8,0x00000000e4800000)
  to   space 5120K, 0% used [0x00000000e3e00000,0x00000000e3e00000,0x00000000e4300000)
 ParOldGen       total 84992K, used 16K [0x00000000a0000000, 0x00000000a5300000, 0x00000000e0000000)
  object space 84992K, 0% used [0x00000000a0000000,0x00000000a0004000,0x00000000a5300000)
 Metaspace       used 14791K, capacity 15248K, committed 15360K, reserved 1062912K
  class space    used 2141K, capacity 2292K, committed 2304K, reserved 1048576K
Event: 7.408 GC heap after
Heap after GC invocations=3 (full 0):
 PSYoungGen      total 68608K, used 5112K [0x00000000e0000000, 0x00000000e8600000, 0x0000000100000000)
  eden space 63488K, 0% used [0x00000000e0000000,0x00000000e0000000,0x00000000e3e00000)
  from space 5120K, 99% used [0x00000000e3e00000,0x00000000e42fe010,0x00000000e4300000)
  to   space 5120K, 0% used [0x00000000e8100000,0x00000000e8100000,0x00000000e8600000)
 ParOldGen       total 84992K, used 4518K [0x00000000a0000000, 0x00000000a5300000, 0x00000000e0000000)
  object space 84992K, 5% used [0x00000000a0000000,0x00000000a0469b50,0x00000000a5300000)
 Metaspace       used 14791K, capacity 15248K, committed 15360K, reserved 1062912K
  class space    used 2141K, capacity 2292K, committed 2304K, reserved 1048576K
}
Event: 9.771 GC heap before
{Heap before GC invocations=4 (full 0):
 PSYoungGen      total 68608K, used 60891K [0x00000000e0000000, 0x00000000e8600000, 0x0000000100000000)
  eden space 63488K, 87% used [0x00000000e0000000,0x00000000e3678f48,0x00000000e3e00000)
  from space 5120K, 99% used [0x00000000e3e00000,0x00000000e42fe010,0x00000000e4300000)
  to   space 5120K, 0% used [0x00000000e8100000,0x00000000e8100000,0x00000000e8600000)
 ParOldGen       total 84992K, used 4518K [0x00000000a0000000, 0x00000000a5300000, 0x00000000e0000000)
  object space 84992K, 5% used [0x00000000a0000000,0x00000000a0469b50,0x00000000a5300000)
 Metaspace       used 20650K, capacity 21188K, committed 21296K, reserved 1067008K
  class space    used 2995K, capacity 3193K, committed 3200K, reserved 1048576K
Event: 9.797 GC heap after
Heap after GC invocations=4 (full 0):
 PSYoungGen      total 132096K, used 5118K [0x00000000e0000000, 0x00000000e8600000, 0x0000000100000000)
  eden space 126976K, 0% used [0x00000000e0000000,0x00000000e0000000,0x00000000e7c00000)
  from space 5120K, 99% used [0x00000000e8100000,0x00000000e85ffb90,0x00000000e8600000)
  to   space 5120K, 0% used [0x00000000e7c00000,0x00000000e7c00000,0x00000000e8100000)
 ParOldGen       total 84992K, used 11429K [0x00000000a0000000, 0x00000000a5300000, 0x00000000e0000000)
  object space 84992K, 13% used [0x00000000a0000000,0x00000000a0b296b8,0x00000000a5300000)
 Metaspace       used 20650K, capacity 21188K, committed 21296K, reserved 1067008K
  class space    used 2995K, capacity 3193K, committed 3200K, reserved 1048576K
}
Event: 9.797 GC heap before
{Heap before GC invocations=5 (full 1):
 PSYoungGen      total 132096K, used 5118K [0x00000000e0000000, 0x00000000e8600000, 0x0000000100000000)
  eden space 126976K, 0% used [0x00000000e0000000,0x00000000e0000000,0x00000000e7c00000)
  from space 5120K, 99% used [0x00000000e8100000,0x00000000e85ffb90,0x00000000e8600000)
  to   space 5120K, 0% used [0x00000000e7c00000,0x00000000e7c00000,0x00000000e8100000)
 ParOldGen       total 84992K, used 11429K [0x00000000a0000000, 0x00000000a5300000, 0x00000000e0000000)
  object space 84992K, 13% used [0x00000000a0000000,0x00000000a0b296b8,0x00000000a5300000)
 Metaspace       used 20650K, capacity 21188K, committed 21296K, reserved 1067008K
  class space    used 2995K, capacity 3193K, committed 3200K, reserved 1048576K
Event: 9.916 GC heap after
Heap after GC invocations=5 (full 1):
 PSYoungGen      total 132096K, used 0K [0x00000000e0000000, 0x00000000e8600000, 0x0000000100000000)
  eden space 126976K, 0% used [0x00000000e0000000,0x00000000e0000000,0x00000000e7c00000)
  from space 5120K, 0% used [0x00000000e8100000,0x00000000e8100000,0x00000000e8600000)
  to   space 5120K, 0% used [0x00000000e7c00000,0x00000000e7c00000,0x00000000e8100000)
 ParOldGen       total 69120K, used 11787K [0x00000000a0000000, 0x00000000a4380000, 0x00000000e0000000)
  object space 69120K, 17% used [0x00000000a0000000,0x00000000a0b82fb8,0x00000000a4380000)
 Metaspace       used 20650K, capacity 21188K, committed 21296K, reserved 1067008K
  class space    used 2995K, capacity 3193K, committed 3200K, reserved 1048576K
}

Deoptimization events (10 events):
Event: 10.402 Thread 0x000000001ac3c800 Uncommon trap: reason=unstable_if action=reinterpret pc=0x0000000003091ae0 method=sun.misc.URLClassPath$JarLoader.getResource(Ljava/lang/String;ZLjava/util/Set;)Lsun/misc/Resource; @ 17
Event: 11.114 Thread 0x000000001ac3c800 Uncommon trap: reason=unstable_if action=reinterpret pc=0x0000000002f432b0 method=java.util.HashMap.hash(Ljava/lang/Object;)I @ 1
Event: 11.383 Thread 0x000000001ac3c800 Uncommon trap: reason=unstable_if action=reinterpret pc=0x0000000002d5c94c method=java.io.WinNTFileSystem.resolve(Ljava/lang/String;Ljava/lang/String;)Ljava/lang/String; @ 49
Event: 11.492 Thread 0x000000001ac3c800 Uncommon trap: reason=unstable_if action=reinterpret pc=0x0000000002d7f6f0 method=java.util.LinkedHashMap.afterNodeInsertion(Z)V @ 1
Event: 12.348 Thread 0x000000001ac3c800 Uncommon trap: reason=unstable_if action=reinterpret pc=0x00000000031fae1c method=org.objectweb.asm.Type.appendDescriptor(Ljava/lang/Class;Ljava/lang/StringBuilder;)V @ 6
Event: 13.633 Thread 0x000000001ac3c800 Uncommon trap: reason=unstable_if action=reinterpret pc=0x0000000002cc70cc method=java.util.HashMap.getNode(ILjava/lang/Object;)Ljava/util/HashMap$Node; @ 53
Event: 13.633 Thread 0x000000001ac3c800 Uncommon trap: reason=unstable_if action=reinterpret pc=0x0000000002f16f90 method=java.util.HashMap.hash(Ljava/lang/Object;)I @ 1
Event: 13.633 Thread 0x000000001ac3c800 Uncommon trap: reason=unstable_if action=reinterpret pc=0x0000000002f0dbd4 method=java.util.HashMap.putVal(ILjava/lang/Object;Ljava/lang/Object;ZZ)Ljava/lang/Object; @ 85
Event: 13.892 Thread 0x000000001ac3c800 Uncommon trap: reason=unstable_if action=reinterpret pc=0x00000000032c2f6c method=org.codehaus.groovy.runtime.metaclass.MetaMethodIndex.addMethodToList(Ljava/lang/Object;Lgroovy/lang/MetaMethod;)Ljava/lang/Object; @ 226
Event: 14.074 Thread 0x000000001ac3c800 Uncommon trap: reason=unstable_if action=reinterpret pc=0x0000000003211008 method=org.objectweb.asm.ByteVector.putShort(I)Lorg/objectweb/asm/ByteVector; @ 13

Classes redefined (0 events):
No events

Internal exceptions (10 events):
Event: 13.180 Thread 0x000000001ac3c800 Exception <a 'java/lang/ClassNotFoundException': org/gradle/initialization/DefaultSettingsBeanInfo> (0x00000000e5f49928) thrown at [C:\re\workspace\8-2-build-windows-amd64-cygwin\jdk8u191\11896\hotspot\src\share\vm\classfile\systemDictionary.cpp, line 210
Event: 13.183 Thread 0x000000001ac3c800 Exception <a 'java/lang/ClassNotFoundException': org/gradle/initialization/DefaultSettingsCustomizer> (0x00000000e5f72698) thrown at [C:\re\workspace\8-2-build-windows-amd64-cygwin\jdk8u191\11896\hotspot\src\share\vm\classfile\systemDictionary.cpp, line 2
Event: 13.199 Thread 0x000000001ac3c800 Exception <a 'java/lang/ClassNotFoundException': org/gradle/initialization/DefaultSettings_DecoratedCustomizer> (0x00000000e5fe1548) thrown at [C:\re\workspace\8-2-build-windows-amd64-cygwin\jdk8u191\11896\hotspot\src\share\vm\classfile\systemDictionary.c
Event: 13.633 Thread 0x000000001ac3c800 Implicit null exception at 0x0000000002f16b1b to 0x0000000002f16f75
Event: 13.904 Thread 0x000000001ac3c800 Exception <a 'java/lang/ClassNotFoundException': org/gradle/api/internal/project/DefaultProject_DecoratedBeanInfo> (0x00000000e7132420) thrown at [C:\re\workspace\8-2-build-windows-amd64-cygwin\jdk8u191\11896\hotspot\src\share\vm\classfile\systemDictionar
Event: 13.905 Thread 0x000000001ac3c800 Exception <a 'java/lang/ClassNotFoundException': org/gradle/api/internal/project/DefaultProjectBeanInfo> (0x00000000e7149d18) thrown at [C:\re\workspace\8-2-build-windows-amd64-cygwin\jdk8u191\11896\hotspot\src\share\vm\classfile\systemDictionary.cpp, lin
Event: 13.906 Thread 0x000000001ac3c800 Exception <a 'java/lang/ClassNotFoundException': org/gradle/api/internal/project/DefaultProjectCustomizer> (0x00000000e7162000) thrown at [C:\re\workspace\8-2-build-windows-amd64-cygwin\jdk8u191\11896\hotspot\src\share\vm\classfile\systemDictionary.cpp, l
Event: 13.923 Thread 0x000000001ac3c800 Exception <a 'java/lang/ClassNotFoundException': org/gradle/api/internal/project/DefaultProject_DecoratedCustomizer> (0x00000000e724a5c0) thrown at [C:\re\workspace\8-2-build-windows-amd64-cygwin\jdk8u191\11896\hotspot\src\share\vm\classfile\systemDiction
Event: 13.954 Thread 0x000000001ac3c800 Exception <a 'java/lang/ClassNotFoundException': org/gradle/api/internal/plugins/DefaultObjectConfigurationActionBeanInfo> (0x00000000e7333a10) thrown at [C:\re\workspace\8-2-build-windows-amd64-cygwin\jdk8u191\11896\hotspot\src\share\vm\classfile\systemD
Event: 13.955 Thread 0x000000001ac3c800 Exception <a 'java/lang/ClassNotFoundException': org/gradle/api/internal/plugins/DefaultObjectConfigurationActionCustomizer> (0x00000000e73502a0) thrown at [C:\re\workspace\8-2-build-windows-amd64-cygwin\jdk8u191\11896\hotspot\src\share\vm\classfile\syste

Events (10 events):
Event: 14.409 loading class kotlin/collections/CollectionsKt__IterablesKt
Event: 14.409 loading class kotlin/collections/CollectionsKt__IterablesKt done
Event: 14.410 loading class kotlin/collections/CollectionsKt__CollectionsKt
Event: 14.410 loading class kotlin/collections/CollectionsKt__CollectionsKt done
Event: 14.412 loading class kotlin/collections/CollectionsKt__CollectionsJVMKt
Event: 14.412 loading class kotlin/collections/CollectionsKt__CollectionsJVMKt done
Event: 14.417 loading class kotlin/collections/ArraysKt
Event: 14.417 loading class kotlin/collections/ArraysKt done
Event: 14.418 loading class kotlin/collections/ArraysKt___ArraysKt
Event: 14.418 loading class kotlin/collections/ArraysKt___ArraysKt done


Dynamic libraries:
0x00007ff64df80000 - 0x00007ff64dfb7000 	D:\Java\jdk1.8.0_191\bin\java.exe
0x00007ff8da820000 - 0x00007ff8da9f1000 	C:\Windows\SYSTEM32\ntdll.dll
0x00007ff8d7f70000 - 0x00007ff8d801b000 	C:\Windows\System32\KERNEL32.DLL
0x00007ff8d6de0000 - 0x00007ff8d6ffd000 	C:\Windows\System32\KERNELBASE.dll
0x00007ff8d90d0000 - 0x00007ff8d9172000 	C:\Windows\System32\ADVAPI32.dll
0x00007ff8d8ac0000 - 0x00007ff8d8b5e000 	C:\Windows\System32\msvcrt.dll
0x00007ff8da700000 - 0x00007ff8da759000 	C:\Windows\System32\sechost.dll
0x00007ff8d8020000 - 0x00007ff8d8141000 	C:\Windows\System32\RPCRT4.dll
0x00007ff8d8420000 - 0x00007ff8d8585000 	C:\Windows\System32\USER32.dll
0x00007ff8d6dc0000 - 0x00007ff8d6dde000 	C:\Windows\System32\win32u.dll
0x00007ff8d87d0000 - 0x00007ff8d8804000 	C:\Windows\System32\GDI32.dll
0x00007ff8d7a70000 - 0x00007ff8d7bf2000 	C:\Windows\System32\gdi32full.dll
0x00007ff8c9c20000 - 0x00007ff8c9e99000 	C:\Windows\WinSxS\amd64_microsoft.windows.common-controls_6595b64144ccf1df_6.0.14393.447_none_42191651c6827bb3\COMCTL32.dll
0x00007ff8d8150000 - 0x00007ff8d8418000 	C:\Windows\System32\combase.dll
0x00007ff8d7c00000 - 0x00007ff8d7cf5000 	C:\Windows\System32\ucrtbase.dll
0x00007ff8d7000000 - 0x00007ff8d706a000 	C:\Windows\System32\bcryptPrimitives.dll
0x00007ff8d87a0000 - 0x00007ff8d87ce000 	C:\Windows\System32\IMM32.DLL
0x0000000059780000 - 0x0000000059852000 	D:\Java\jdk1.8.0_191\jre\bin\msvcr100.dll
0x0000000058ed0000 - 0x0000000059774000 	D:\Java\jdk1.8.0_191\jre\bin\server\jvm.dll
0x00007ff8d8950000 - 0x00007ff8d8958000 	C:\Windows\System32\PSAPI.DLL
0x00007ff8d4e90000 - 0x00007ff8d4eb3000 	C:\Windows\SYSTEM32\WINMM.dll
0x00007ff8ceb10000 - 0x00007ff8ceb1a000 	C:\Windows\SYSTEM32\VERSION.dll
0x00007ff8d4a60000 - 0x00007ff8d4a8b000 	C:\Windows\SYSTEM32\WINMMBASE.dll
0x00007ff8d7070000 - 0x00007ff8d70b2000 	C:\Windows\System32\cfgmgr32.dll
0x00007ff8c80d0000 - 0x00007ff8c80d9000 	C:\Windows\SYSTEM32\WSOCK32.dll
0x00007ff8da690000 - 0x00007ff8da6fa000 	C:\Windows\System32\WS2_32.dll
0x0000000058ec0000 - 0x0000000058ecf000 	D:\Java\jdk1.8.0_191\jre\bin\verify.dll
0x0000000058e90000 - 0x0000000058eb9000 	D:\Java\jdk1.8.0_191\jre\bin\java.dll
0x0000000058e70000 - 0x0000000058e86000 	D:\Java\jdk1.8.0_191\jre\bin\zip.dll
0x00007ff8d9180000 - 0x00007ff8da689000 	C:\Windows\System32\SHELL32.dll
0x00007ff8d71c0000 - 0x00007ff8d789a000 	C:\Windows\System32\windows.storage.dll
0x00007ff8d6ca0000 - 0x00007ff8d6cec000 	C:\Windows\System32\powrprof.dll
0x00007ff8d8590000 - 0x00007ff8d85e2000 	C:\Windows\System32\shlwapi.dll
0x00007ff8d6cf0000 - 0x00007ff8d6cff000 	C:\Windows\System32\kernel.appcore.dll
0x00007ff8d7d00000 - 0x00007ff8d7da9000 	C:\Windows\System32\shcore.dll
0x00007ff8d6c80000 - 0x00007ff8d6c94000 	C:\Windows\System32\profapi.dll
0x0000000058e50000 - 0x0000000058e6a000 	D:\Java\jdk1.8.0_191\jre\bin\net.dll
0x00007ff8d6590000 - 0x00007ff8d65ec000 	C:\Windows\system32\mswsock.dll
0x0000000058e30000 - 0x0000000058e41000 	D:\Java\jdk1.8.0_191\jre\bin\nio.dll
0x00007ff8d1b30000 - 0x00007ff8d1b4e000 	C:\Users\Administrator\.gradle\native\25\windows-amd64\native-platform.dll
0x0000000058e20000 - 0x0000000058e2d000 	D:\Java\jdk1.8.0_191\jre\bin\management.dll
0x00007ff8d6730000 - 0x00007ff8d6747000 	C:\Windows\SYSTEM32\CRYPTSP.dll
0x00007ff8d61a0000 - 0x00007ff8d61d3000 	C:\Windows\system32\rsaenh.dll
0x00007ff8d6840000 - 0x00007ff8d686b000 	C:\Windows\SYSTEM32\bcrypt.dll
0x00007ff8d6410000 - 0x00007ff8d642f000 	C:\Windows\SYSTEM32\USERENV.dll
0x00007ff8d6750000 - 0x00007ff8d675b000 	C:\Windows\SYSTEM32\CRYPTBASE.dll
0x00007ff8d6320000 - 0x00007ff8d6358000 	C:\Windows\SYSTEM32\IPHLPAPI.DLL
0x00007ff8d8940000 - 0x00007ff8d8948000 	C:\Windows\System32\NSI.dll
0x00007ff8d2730000 - 0x00007ff8d2746000 	C:\Windows\SYSTEM32\dhcpcsvc6.DLL
0x00007ff8d2e80000 - 0x00007ff8d2e9a000 	C:\Windows\SYSTEM32\dhcpcsvc.DLL

VM Arguments:
jvm_args: -Xmx1536m -Dfile.encoding=GBK -Duser.country=CN -Duser.language=zh -Duser.variant 
java_command: org.gradle.launcher.daemon.bootstrap.GradleDaemon 5.1.1
java_class_path (initial): C:\Users\Administrator\.gradle\wrapper\dists\gradle-5.1.1-all\97z1ksx6lirer3kbvdnh7jtjg\gradle-5.1.1\lib\gradle-launcher-5.1.1.jar
Launcher Type: SUN_STANDARD

Environment Variables:
JAVA_HOME=D:\Java\jdk1.8.0_191
CLASSPATH=.;D:\Java\jdk1.8.0_191\lib;D:\Java\jdk1.8.0_191\lib\tools.jar;D:\apache-tomcat-8.0.53-windows-x64\apache-tomcat-8.0.53\lib\servlet-api.jar;.;D:\Java\jdk1.8.0_191\lib;D:\Java\jdk1.8.0_191\lib\tools.jar;D:\Java\jdk1.8.0_191\lib\mysql-connector-java-8.0.13.jar;D:\Java\sqlite-tools-win32-x86-3270200\sqlite-tools-win32-x86-3270200
PATH=C:\Program Files (x86)\Common Files\Oracle\Java\javapath;C:\Windows\system32;C:\Windows;C:\Windows\System32\Wbem;C:\Windows\System32\WindowsPowerShell\v1.0\;C:\VisTitle;C:\Program Files (x86)\NVIDIA Corporation\PhysX\Common;C:\Program Files (x86)\Microsoft SQL Server\100\Tools\Binn\;C:\Program Files\Microsoft SQL Server\100\Tools\Binn\;C:\Program Files\Microsoft SQL Server\100\DTS\Binn\;C:\Program Files (x86)\Microsoft SQL Server\100\Tools\Binn\VSShell\Common7\IDE\;C:\Program Files (x86)\Microsoft SQL Server\100\DTS\Binn\;C:\Program Files (x86)\Microsoft Visual Studio 9.0\Common7\IDE\PrivateAssemblies\;C:\Program Files (x86)\QuickTime\QTSystem\;C:\Android;C:\java\bin;D:\apache-tomcat-8.0.53-windows-x64\apache-tomcat-8.0.53\bin;D:\apache-tomcat-8.0.53-windows-x64\apache-tomcat-8.0.53\bin;D:\Java\jdk1.8.0_191\bin;C:\Program Files\MySQL\MySQL Server 8.0\bin;C:\Program Files\NVIDIA Corporation\NVIDIA NvDLISR;D:\Java\sqlite-tools-win32-x86-3270200\sqlite-tools-win32-x86-3270200;C:\Program Files\Git\cmd;C:\Users\Administrator\AppData\Local\GitHubDesktop\bin
USERNAME=Administrator
OS=Windows_NT
PROCESSOR_IDENTIFIER=Intel64 Family 6 Model 60 Stepping 3, GenuineIntel



---------------  S Y S T E M  ---------------

OS: Windows 10.0 , 64 bit Build 14393 (10.0.14393.0)

CPU:total 8 (initial active 8) (4 cores per cpu, 2 threads per core) family 6 model 60 stepping 3, cmov, cx8, fxsr, mmx, sse, sse2, sse3, ssse3, sse4.1, sse4.2, popcnt, avx, avx2, aes, clmul, erms, lzcnt, ht, tsc, tscinvbit, bmi1, bmi2

Memory: 4k page, physical 8036716k(786212k free), swap 8036716k(5560k free)

vm_info: Java HotSpot(TM) 64-Bit Server VM (25.191-b12) for windows-amd64 JRE (1.8.0_191-b12), built on Oct  6 2018 09:29:03 by "java_re" with MS VC++ 10.0 (VS2010)

time: Tue May 07 22:46:43 2019
elapsed time: 14 seconds (0d 0h 0m 14s)

