#
# There is insufficient memory for the Java Runtime Environment to continue.
# Native memory allocation (malloc) failed to allocate 1269216 bytes for Chunk::new
# Possible reasons:
#   The system is out of physical RAM or swap space
#   In 32 bit mode, the process size limit was hit
# Possible solutions:
#   Reduce memory load on the system
#   Increase physical memory or swap space
#   Check if swap backing store is full
#   Use 64 bit Java on a 64 bit OS
#   Decrease Java heap size (-Xmx/-Xms)
#   Decrease number of Java threads
#   Decrease Java thread stack sizes (-Xss)
#   Set larger code cache with -XX:ReservedCodeCacheSize=
# This output file may be truncated or incomplete.
#
#  Out of Memory Error (allocation.cpp:390), pid=2144, tid=0x00000000000005f8
#
# JRE version: Java(TM) SE Runtime Environment (8.0_191-b12) (build 1.8.0_191-b12)
# Java VM: Java HotSpot(TM) 64-Bit Server VM (25.191-b12 mixed mode windows-amd64 compressed oops)
# Failed to write core dump. Minidumps are not enabled by default on client versions of Windows
#

---------------  T H R E A D  ---------------

Current thread (0x0000000018f31000):  JavaThread "C2 CompilerThread1" daemon [_thread_in_native, id=1528, stack(0x00000000197a0000,0x00000000198a0000)]

Stack: [0x00000000197a0000,0x00000000198a0000]
[error occurred during error reporting (printing stack bounds), id 0xc0000005]

Native frames: (J=compiled Java code, j=interpreted, Vv=VM code, C=native code)


Current CompileTask:
C2:  15250 2338       4       groovy.lang.MetaClassImpl$1MOPIter::methodNameAction (325 bytes)


---------------  P R O C E S S  ---------------

Java Threads: ( => current thread )
  0x000000001ace7000 JavaThread "Cache worker for execution history cache (C:\Users\Administrator\.gradle\caches\5.1.1\executionHistory)" [_thread_blocked, id=6788, stack(0x0000000021660000,0x0000000021760000)]
  0x000000001ace9000 JavaThread "Cache worker for cache directory md-rule (C:\Users\Administrator\.gradle\caches\5.1.1\md-rule)" [_thread_blocked, id=7136, stack(0x0000000021560000,0x0000000021660000)]
  0x000000001ace5800 JavaThread "Cache worker for cache directory md-supplier (C:\Users\Administrator\.gradle\caches\5.1.1\md-supplier)" [_thread_blocked, id=328, stack(0x00000000203e0000,0x00000000204e0000)]
  0x000000001ace6000 JavaThread "Cache worker for file hash cache (F:\JavaTest\car\.gradle\5.1.1\fileHashes)" [_thread_blocked, id=8716, stack(0x000000001e910000,0x000000001ea10000)]
  0x000000001ace2800 JavaThread "Cache worker for journal cache (C:\Users\Administrator\.gradle\caches\journal-1)" [_thread_blocked, id=1052, stack(0x000000001d640000,0x000000001d740000)]
  0x000000001ace7800 JavaThread "File lock request listener" [_thread_in_native, id=508, stack(0x000000001d540000,0x000000001d640000)]
  0x000000001ace3000 JavaThread "Cache worker for file hash cache (C:\Users\Administrator\.gradle\caches\5.1.1\fileHashes)" [_thread_blocked, id=220, stack(0x000000001d440000,0x000000001d540000)]
  0x000000001a555800 JavaThread "Thread-9" [_thread_in_native, id=12896, stack(0x000000001d340000,0x000000001d440000)]
  0x000000001a554800 JavaThread "Stdin handler" [_thread_blocked, id=6204, stack(0x000000001d240000,0x000000001d340000)]
  0x000000001b8f9800 JavaThread "Asynchronous log dispatcher for DefaultDaemonConnection: socket connection from /127.0.0.1:51690 to /127.0.0.1:51691" [_thread_blocked, id=12284, stack(0x000000001d040000,0x000000001d140000)]
  0x000000001a962800 JavaThread "Daemon worker" [_thread_in_vm, id=4876, stack(0x000000001cf40000,0x000000001d040000)]
  0x000000001b717800 JavaThread "Cancel handler" [_thread_blocked, id=13028, stack(0x000000001ce40000,0x000000001cf40000)]
  0x000000001ad6f000 JavaThread "Handler for socket connection from /127.0.0.1:51690 to /127.0.0.1:51691" [_thread_in_native, id=2364, stack(0x000000001cb40000,0x000000001cc40000)]
  0x0000000019de3000 JavaThread "Daemon" [_thread_blocked, id=1040, stack(0x000000001ca40000,0x000000001cb40000)]
  0x0000000019170000 JavaThread "Daemon periodic checks" [_thread_blocked, id=13288, stack(0x000000001c940000,0x000000001ca40000)]
  0x0000000019df8800 JavaThread "Incoming local TCP Connector on port 51690" [_thread_in_native, id=5336, stack(0x000000001c840000,0x000000001c940000)]
  0x000000001b25d800 JavaThread "Daemon health stats" [_thread_blocked, id=11404, stack(0x000000001c440000,0x000000001c540000)]
  0x0000000018fd4800 JavaThread "Service Thread" daemon [_thread_blocked, id=8852, stack(0x0000000019aa0000,0x0000000019ba0000)]
  0x0000000018f80000 JavaThread "C1 CompilerThread3" daemon [_thread_in_native, id=9648, stack(0x00000000199a0000,0x0000000019aa0000)]
  0x0000000018f67800 JavaThread "C2 CompilerThread2" daemon [_thread_in_native, id=2812, stack(0x00000000198a0000,0x00000000199a0000)]
=>0x0000000018f31000 JavaThread "C2 CompilerThread1" daemon [_thread_in_native, id=1528, stack(0x00000000197a0000,0x00000000198a0000)]
  0x0000000018f2e000 JavaThread "C2 CompilerThread0" daemon [_thread_in_native, id=1248, stack(0x00000000196a0000,0x00000000197a0000)]
  0x0000000018f2c800 JavaThread "Attach Listener" daemon [_thread_blocked, id=9684, stack(0x00000000195a0000,0x00000000196a0000)]
  0x0000000018ed8800 JavaThread "Signal Dispatcher" daemon [_thread_blocked, id=3484, stack(0x00000000194a0000,0x00000000195a0000)]
  0x0000000003309000 JavaThread "Finalizer" daemon [_thread_blocked, id=1060, stack(0x00000000193a0000,0x00000000194a0000)]
  0x00000000170cd800 JavaThread "Reference Handler" daemon [_thread_blocked, id=6560, stack(0x00000000192a0000,0x00000000193a0000)]
  0x0000000002bfe000 JavaThread "main" [_thread_blocked, id=3196, stack(0x0000000003110000,0x0000000003210000)]

Other Threads:
  0x00000000170c9800 VMThread [stack: 0x0000000018da0000,0x0000000018ea0000] [id=5288]
  0x0000000018fe8800 WatcherThread [stack: 0x0000000019ba0000,0x0000000019ca0000] [id=9784]

VM state:not at safepoint (normal execution)

VM Mutex/Monitor currently owned by a thread: None

Heap:
 PSYoungGen      total 73728K, used 59158K [0x00000000e0000000, 0x00000000e7180000, 0x0000000100000000)
  eden space 63488K, 81% used [0x00000000e0000000,0x00000000e32d31b8,0x00000000e3e00000)
  from space 10240K, 69% used [0x00000000e3e00000,0x00000000e44f2688,0x00000000e4800000)
  to   space 10240K, 0% used [0x00000000e6780000,0x00000000e6780000,0x00000000e7180000)
 ParOldGen       total 60928K, used 8746K [0x00000000a0000000, 0x00000000a3b80000, 0x00000000e0000000)
  object space 60928K, 14% used [0x00000000a0000000,0x00000000a088a8c0,0x00000000a3b80000)
 Metaspace       used 31167K, capacity 31782K, committed 32128K, reserved 1077248K
  class space    used 4465K, capacity 4667K, committed 4736K, reserved 1048576K

Card table byte_map: [0x00000000126d0000,0x00000000129e0000] byte_map_base: 0x00000000121d0000

Marking Bits: (ParMarkBitMap*) 0x00000000596f3e30
 Begin Bits: [0x00000000133e0000, 0x0000000014be0000)
 End Bits:   [0x0000000014be0000, 0x00000000163e0000)

Polling page: 0x0000000001360000

CodeCache: size=245760Kb used=8459Kb max_used=8459Kb free=237300Kb
 bounds [0x0000000003310000, 0x0000000003b60000, 0x0000000012310000]
 total_blobs=2897 nmethods=2221 adapters=588
 compilation: enabled

Compilation events (10 events):
Event: 15.123 Thread 0x0000000018f80000 2399       3       org.objectweb.asm.MethodWriter::putFrame (549 bytes)
Event: 15.130 Thread 0x0000000018f80000 nmethod 2399 0x0000000003b54910 code [0x0000000003b54d20, 0x0000000003b56678]
Event: 15.218 Thread 0x0000000018f80000 2400       3       org.gradle.internal.serialize.kryo.KryoBackedEncoder::writeBytes (11 bytes)
Event: 15.219 Thread 0x0000000018f80000 nmethod 2400 0x0000000003b57d10 code [0x0000000003b57e80, 0x0000000003b58028]
Event: 15.219 Thread 0x0000000018f80000 2401       3       com.esotericsoftware.kryo.io.Output::writeBytes (90 bytes)
Event: 15.221 Thread 0x0000000018f80000 nmethod 2401 0x0000000003b58110 code [0x0000000003b582c0, 0x0000000003b588a8]
Event: 15.221 Thread 0x0000000018f80000 2402       3       org.gradle.internal.serialize.AbstractEncoder$EncoderStream::write (11 bytes)
Event: 15.221 Thread 0x0000000018f80000 nmethod 2402 0x0000000003b58a90 code [0x0000000003b58c00, 0x0000000003b58e28]
Event: 15.224 Thread 0x0000000018f80000 2403       1       sun.nio.ch.NativeThread::current (2 bytes)
Event: 15.224 Thread 0x0000000018f80000 nmethod 2403 0x0000000003b58f10 code [0x0000000003b59060, 0x0000000003b59150]

GC Heap History (10 events):
Event: 8.321 GC heap before
{Heap before GC invocations=4 (full 0):
 PSYoungGen      total 36864K, used 36857K [0x00000000e0000000, 0x00000000e2900000, 0x0000000100000000)
  eden space 31744K, 99% used [0x00000000e0000000,0x00000000e1eff658,0x00000000e1f00000)
  from space 5120K, 99% used [0x00000000e1f00000,0x00000000e23feee0,0x00000000e2400000)
  to   space 5120K, 0% used [0x00000000e2400000,0x00000000e2400000,0x00000000e2900000)
 ParOldGen       total 84992K, used 1621K [0x00000000a0000000, 0x00000000a5300000, 0x00000000e0000000)
  object space 84992K, 1% used [0x00000000a0000000,0x00000000a0195760,0x00000000a5300000)
 Metaspace       used 15279K, capacity 15740K, committed 16000K, reserved 1062912K
  class space    used 2218K, capacity 2396K, committed 2432K, reserved 1048576K
Event: 8.346 GC heap after
Heap after GC invocations=4 (full 0):
 PSYoungGen      total 36864K, used 5096K [0x00000000e0000000, 0x00000000e4800000, 0x0000000100000000)
  eden space 31744K, 0% used [0x00000000e0000000,0x00000000e0000000,0x00000000e1f00000)
  from space 5120K, 99% used [0x00000000e2400000,0x00000000e28fa040,0x00000000e2900000)
  to   space 5120K, 0% used [0x00000000e1f00000,0x00000000e1f00000,0x00000000e2400000)
 ParOldGen       total 84992K, used 4525K [0x00000000a0000000, 0x00000000a5300000, 0x00000000e0000000)
  object space 84992K, 5% used [0x00000000a0000000,0x00000000a046b450,0x00000000a5300000)
 Metaspace       used 15279K, capacity 15740K, committed 16000K, reserved 1062912K
  class space    used 2218K, capacity 2396K, committed 2432K, reserved 1048576K
}
Event: 9.704 GC heap before
{Heap before GC invocations=5 (full 0):
 PSYoungGen      total 36864K, used 36840K [0x00000000e0000000, 0x00000000e4800000, 0x0000000100000000)
  eden space 31744K, 100% used [0x00000000e0000000,0x00000000e1f00000,0x00000000e1f00000)
  from space 5120K, 99% used [0x00000000e2400000,0x00000000e28fa040,0x00000000e2900000)
  to   space 5120K, 0% used [0x00000000e1f00000,0x00000000e1f00000,0x00000000e2400000)
 ParOldGen       total 84992K, used 4525K [0x00000000a0000000, 0x00000000a5300000, 0x00000000e0000000)
  object space 84992K, 5% used [0x00000000a0000000,0x00000000a046b450,0x00000000a5300000)
 Metaspace       used 18410K, capacity 18876K, committed 19072K, reserved 1064960K
  class space    used 2722K, capacity 2882K, committed 2944K, reserved 1048576K
Event: 9.732 GC heap after
Heap after GC invocations=5 (full 0):
 PSYoungGen      total 36864K, used 5112K [0x00000000e0000000, 0x00000000e5200000, 0x0000000100000000)
  eden space 31744K, 0% used [0x00000000e0000000,0x00000000e0000000,0x00000000e1f00000)
  from space 5120K, 99% used [0x00000000e1f00000,0x00000000e23fe040,0x00000000e2400000)
  to   space 10240K, 0% used [0x00000000e4800000,0x00000000e4800000,0x00000000e5200000)
 ParOldGen       total 84992K, used 8274K [0x00000000a0000000, 0x00000000a5300000, 0x00000000e0000000)
  object space 84992K, 9% used [0x00000000a0000000,0x00000000a0814970,0x00000000a5300000)
 Metaspace       used 18410K, capacity 18876K, committed 19072K, reserved 1064960K
  class space    used 2722K, capacity 2882K, committed 2944K, reserved 1048576K
}
Event: 10.673 GC heap before
{Heap before GC invocations=6 (full 0):
 PSYoungGen      total 36864K, used 23995K [0x00000000e0000000, 0x00000000e5200000, 0x0000000100000000)
  eden space 31744K, 59% used [0x00000000e0000000,0x00000000e1270d48,0x00000000e1f00000)
  from space 5120K, 99% used [0x00000000e1f00000,0x00000000e23fe040,0x00000000e2400000)
  to   space 10240K, 0% used [0x00000000e4800000,0x00000000e4800000,0x00000000e5200000)
 ParOldGen       total 84992K, used 8274K [0x00000000a0000000, 0x00000000a5300000, 0x00000000e0000000)
  object space 84992K, 9% used [0x00000000a0000000,0x00000000a0814970,0x00000000a5300000)
 Metaspace       used 20672K, capacity 21156K, committed 21296K, reserved 1067008K
  class space    used 2989K, capacity 3161K, committed 3200K, reserved 1048576K
Event: 10.693 GC heap after
Heap after GC invocations=6 (full 0):
 PSYoungGen      total 73728K, used 7728K [0x00000000e0000000, 0x00000000e5200000, 0x0000000100000000)
  eden space 63488K, 0% used [0x00000000e0000000,0x00000000e0000000,0x00000000e3e00000)
  from space 10240K, 75% used [0x00000000e4800000,0x00000000e4f8c0e0,0x00000000e5200000)
  to   space 10240K, 0% used [0x00000000e3e00000,0x00000000e3e00000,0x00000000e4800000)
 ParOldGen       total 84992K, used 8282K [0x00000000a0000000, 0x00000000a5300000, 0x00000000e0000000)
  object space 84992K, 9% used [0x00000000a0000000,0x00000000a0816970,0x00000000a5300000)
 Metaspace       used 20672K, capacity 21156K, committed 21296K, reserved 1067008K
  class space    used 2989K, capacity 3161K, committed 3200K, reserved 1048576K
}
Event: 10.693 GC heap before
{Heap before GC invocations=7 (full 1):
 PSYoungGen      total 73728K, used 7728K [0x00000000e0000000, 0x00000000e5200000, 0x0000000100000000)
  eden space 63488K, 0% used [0x00000000e0000000,0x00000000e0000000,0x00000000e3e00000)
  from space 10240K, 75% used [0x00000000e4800000,0x00000000e4f8c0e0,0x00000000e5200000)
  to   space 10240K, 0% used [0x00000000e3e00000,0x00000000e3e00000,0x00000000e4800000)
 ParOldGen       total 84992K, used 8282K [0x00000000a0000000, 0x00000000a5300000, 0x00000000e0000000)
  object space 84992K, 9% used [0x00000000a0000000,0x00000000a0816970,0x00000000a5300000)
 Metaspace       used 20672K, capacity 21156K, committed 21296K, reserved 1067008K
  class space    used 2989K, capacity 3161K, committed 3200K, reserved 1048576K
Event: 10.843 GC heap after
Heap after GC invocations=7 (full 1):
 PSYoungGen      total 73728K, used 0K [0x00000000e0000000, 0x00000000e5200000, 0x0000000100000000)
  eden space 63488K, 0% used [0x00000000e0000000,0x00000000e0000000,0x00000000e3e00000)
  from space 10240K, 0% used [0x00000000e4800000,0x00000000e4800000,0x00000000e5200000)
  to   space 10240K, 0% used [0x00000000e3e00000,0x00000000e3e00000,0x00000000e4800000)
 ParOldGen       total 60928K, used 8738K [0x00000000a0000000, 0x00000000a3b80000, 0x00000000e0000000)
  object space 60928K, 14% used [0x00000000a0000000,0x00000000a08888c0,0x00000000a3b80000)
 Metaspace       used 20672K, capacity 21156K, committed 21296K, reserved 1067008K
  class space    used 2989K, capacity 3161K, committed 3200K, reserved 1048576K
}
Event: 13.105 GC heap before
{Heap before GC invocations=8 (full 1):
 PSYoungGen      total 73728K, used 63488K [0x00000000e0000000, 0x00000000e5200000, 0x0000000100000000)
  eden space 63488K, 100% used [0x00000000e0000000,0x00000000e3e00000,0x00000000e3e00000)
  from space 10240K, 0% used [0x00000000e4800000,0x00000000e4800000,0x00000000e5200000)
  to   space 10240K, 0% used [0x00000000e3e00000,0x00000000e3e00000,0x00000000e4800000)
 ParOldGen       total 60928K, used 8738K [0x00000000a0000000, 0x00000000a3b80000, 0x00000000e0000000)
  object space 60928K, 14% used [0x00000000a0000000,0x00000000a08888c0,0x00000000a3b80000)
 Metaspace       used 27869K, capacity 28454K, committed 28800K, reserved 1073152K
  class space    used 3900K, capacity 4098K, committed 4224K, reserved 1048576K
Event: 13.134 GC heap after
Heap after GC invocations=8 (full 1):
 PSYoungGen      total 73728K, used 7113K [0x00000000e0000000, 0x00000000e7180000, 0x0000000100000000)
  eden space 63488K, 0% used [0x00000000e0000000,0x00000000e0000000,0x00000000e3e00000)
  from space 10240K, 69% used [0x00000000e3e00000,0x00000000e44f2688,0x00000000e4800000)
  to   space 10240K, 0% used [0x00000000e6780000,0x00000000e6780000,0x00000000e7180000)
 ParOldGen       total 60928K, used 8746K [0x00000000a0000000, 0x00000000a3b80000, 0x00000000e0000000)
  object space 60928K, 14% used [0x00000000a0000000,0x00000000a088a8c0,0x00000000a3b80000)
 Metaspace       used 27869K, capacity 28454K, committed 28800K, reserved 1073152K
  class space    used 3900K, capacity 4098K, committed 4224K, reserved 1048576K
}

Deoptimization events (10 events):
Event: 10.313 Thread 0x000000001a962800 Uncommon trap: reason=class_check action=maybe_recompile pc=0x000000000364132c method=sun.misc.URLClassPath.getResource(Ljava/lang/String;Z)Lsun/misc/Resource; @ 62
Event: 10.318 Thread 0x000000001a962800 Uncommon trap: reason=unstable_if action=reinterpret pc=0x00000000038a1f08 method=java.lang.ClassLoader.getClassLoadingLock(Ljava/lang/String;)Ljava/lang/Object; @ 6
Event: 10.323 Thread 0x000000001a962800 Uncommon trap: reason=unstable_if action=reinterpret pc=0x00000000038a953c method=java.lang.ClassLoader.getClassLoadingLock(Ljava/lang/String;)Ljava/lang/Object; @ 6
Event: 11.391 Thread 0x000000001a962800 Uncommon trap: reason=null_check action=make_not_entrant pc=0x0000000003658864 method=sun.misc.URLClassPath$JarLoader.getResource(Ljava/lang/String;ZLjava/util/Set;)Lsun/misc/Resource; @ 92
Event: 12.117 Thread 0x000000001a962800 Uncommon trap: reason=unstable_if action=reinterpret pc=0x00000000037c3c70 method=java.util.HashMap.hash(Ljava/lang/Object;)I @ 1
Event: 12.306 Thread 0x000000001a962800 Uncommon trap: reason=unstable_if action=reinterpret pc=0x00000000035c924c method=java.io.WinNTFileSystem.resolve(Ljava/lang/String;Ljava/lang/String;)Ljava/lang/String; @ 49
Event: 12.396 Thread 0x000000001a962800 Uncommon trap: reason=unstable_if action=reinterpret pc=0x00000000035ea230 method=java.util.LinkedHashMap.afterNodeInsertion(Z)V @ 1
Event: 13.364 Thread 0x000000001a962800 Uncommon trap: reason=unstable_if action=reinterpret pc=0x0000000003534a50 method=java.util.HashMap.getNode(ILjava/lang/Object;)Ljava/util/HashMap$Node; @ 129
Event: 13.430 Thread 0x000000001a962800 Uncommon trap: reason=unstable_if action=reinterpret pc=0x0000000003a9c210 method=org.objectweb.asm.Type.appendDescriptor(Ljava/lang/Class;Ljava/lang/StringBuilder;)V @ 6
Event: 15.015 Thread 0x000000001a962800 Uncommon trap: reason=unstable_if action=reinterpret pc=0x000000000379c9d0 method=java.util.HashMap.hash(Ljava/lang/Object;)I @ 1

Classes redefined (0 events):
No events

Internal exceptions (10 events):
Event: 14.307 Thread 0x000000001a962800 Exception <a 'java/lang/ClassNotFoundException': org/gradle/invocation/DefaultGradle_DecoratedCustomizer> (0x00000000e1e43ce8) thrown at [C:\re\workspace\8-2-build-windows-amd64-cygwin\jdk8u191\11896\hotspot\src\share\vm\classfile\systemDictionary.cpp, li
Event: 14.452 Thread 0x000000001a962800 Exception <a 'java/lang/ClassNotFoundException': settings_ca62elmlpijwcobu81osz3u5oBeanInfo> (0x00000000e203d760) thrown at [C:\re\workspace\8-2-build-windows-amd64-cygwin\jdk8u191\11896\hotspot\src\share\vm\classfile\systemDictionary.cpp, line 210]
Event: 14.453 Thread 0x000000001a962800 Exception <a 'java/lang/ClassNotFoundException': org/gradle/initialization/SettingsScriptBeanInfo> (0x00000000e2052008) thrown at [C:\re\workspace\8-2-build-windows-amd64-cygwin\jdk8u191\11896\hotspot\src\share\vm\classfile\systemDictionary.cpp, line 210]
Event: 14.454 Thread 0x000000001a962800 Exception <a 'java/lang/ClassNotFoundException': org/gradle/initialization/SettingsScriptCustomizer> (0x00000000e20668f0) thrown at [C:\re\workspace\8-2-build-windows-amd64-cygwin\jdk8u191\11896\hotspot\src\share\vm\classfile\systemDictionary.cpp, line 21
Event: 14.456 Thread 0x000000001a962800 Exception <a 'java/lang/ClassNotFoundException': settings_ca62elmlpijwcobu81osz3u5oCustomizer> (0x00000000e2079fa0) thrown at [C:\re\workspace\8-2-build-windows-amd64-cygwin\jdk8u191\11896\hotspot\src\share\vm\classfile\systemDictionary.cpp, line 210]
Event: 14.471 Thread 0x000000001a962800 Exception <a 'java/lang/ClassNotFoundException': org/gradle/initialization/DefaultSettings_DecoratedBeanInfo> (0x00000000e20fdd48) thrown at [C:\re\workspace\8-2-build-windows-amd64-cygwin\jdk8u191\11896\hotspot\src\share\vm\classfile\systemDictionary.cpp
Event: 14.473 Thread 0x000000001a962800 Exception <a 'java/lang/ClassNotFoundException': org/gradle/initialization/DefaultSettingsBeanInfo> (0x00000000e2124e28) thrown at [C:\re\workspace\8-2-build-windows-amd64-cygwin\jdk8u191\11896\hotspot\src\share\vm\classfile\systemDictionary.cpp, line 210
Event: 14.475 Thread 0x000000001a962800 Exception <a 'java/lang/ClassNotFoundException': org/gradle/initialization/DefaultSettingsCustomizer> (0x00000000e214db98) thrown at [C:\re\workspace\8-2-build-windows-amd64-cygwin\jdk8u191\11896\hotspot\src\share\vm\classfile\systemDictionary.cpp, line 2
Event: 14.486 Thread 0x000000001a962800 Exception <a 'java/lang/ClassNotFoundException': org/gradle/initialization/DefaultSettings_DecoratedCustomizer> (0x00000000e21bc9c0) thrown at [C:\re\workspace\8-2-build-windows-amd64-cygwin\jdk8u191\11896\hotspot\src\share\vm\classfile\systemDictionary.c
Event: 15.015 Thread 0x000000001a962800 Implicit null exception at 0x000000000379c55b to 0x000000000379c9b5

Events (10 events):
Event: 15.234 loading class org/gradle/configuration/internal/DefaultListenerBuildOperationDecorator$BuildOperationEmittingAction$1
Event: 15.234 loading class org/gradle/configuration/internal/DefaultListenerBuildOperationDecorator$BuildOperationEmittingAction$1 done
Event: 15.235 loading class org/gradle/configuration/internal/DefaultListenerBuildOperationDecorator$Operation
Event: 15.235 loading class org/gradle/configuration/internal/DefaultListenerBuildOperationDecorator$Operation done
Event: 15.237 loading class org/gradle/configuration/internal/ExecuteListenerBuildOperationType$DetailsImpl
Event: 15.237 loading class org/gradle/configuration/internal/ExecuteListenerBuildOperationType$DetailsImpl done
Event: 15.239 loading class org/gradle/configuration/internal/DefaultListenerBuildOperationDecorator$BuildOperationEmittingAction$1$1
Event: 15.239 loading class org/gradle/configuration/internal/DefaultListenerBuildOperationDecorator$BuildOperationEmittingAction$1$1 done
Event: 15.241 loading class org/gradle/api/internal/project/BuildOperationCrossProjectConfigurator$2
Event: 15.241 loading class org/gradle/api/internal/project/BuildOperationCrossProjectConfigurator$2 done


Dynamic libraries:
0x00007ff64df80000 - 0x00007ff64dfb7000 	D:\Java\jdk1.8.0_191\bin\java.exe
0x00007ff8da820000 - 0x00007ff8da9f1000 	C:\Windows\SYSTEM32\ntdll.dll
0x00007ff8d7f70000 - 0x00007ff8d801b000 	C:\Windows\System32\KERNEL32.DLL
0x00007ff8d6de0000 - 0x00007ff8d6ffd000 	C:\Windows\System32\KERNELBASE.dll
0x00007ff8d90d0000 - 0x00007ff8d9172000 	C:\Windows\System32\ADVAPI32.dll
0x00007ff8d8ac0000 - 0x00007ff8d8b5e000 	C:\Windows\System32\msvcrt.dll
0x00007ff8da700000 - 0x00007ff8da759000 	C:\Windows\System32\sechost.dll
0x00007ff8d8020000 - 0x00007ff8d8141000 	C:\Windows\System32\RPCRT4.dll
0x00007ff8d8420000 - 0x00007ff8d8585000 	C:\Windows\System32\USER32.dll
0x00007ff8d6dc0000 - 0x00007ff8d6dde000 	C:\Windows\System32\win32u.dll
0x00007ff8d87d0000 - 0x00007ff8d8804000 	C:\Windows\System32\GDI32.dll
0x00007ff8d7a70000 - 0x00007ff8d7bf2000 	C:\Windows\System32\gdi32full.dll
0x00007ff8c9c20000 - 0x00007ff8c9e99000 	C:\Windows\WinSxS\amd64_microsoft.windows.common-controls_6595b64144ccf1df_6.0.14393.447_none_42191651c6827bb3\COMCTL32.dll
0x00007ff8d8150000 - 0x00007ff8d8418000 	C:\Windows\System32\combase.dll
0x00007ff8d7c00000 - 0x00007ff8d7cf5000 	C:\Windows\System32\ucrtbase.dll
0x00007ff8d7000000 - 0x00007ff8d706a000 	C:\Windows\System32\bcryptPrimitives.dll
0x00007ff8d87a0000 - 0x00007ff8d87ce000 	C:\Windows\System32\IMM32.DLL
0x0000000059780000 - 0x0000000059852000 	D:\Java\jdk1.8.0_191\jre\bin\msvcr100.dll
0x0000000058ed0000 - 0x0000000059774000 	D:\Java\jdk1.8.0_191\jre\bin\server\jvm.dll
0x00007ff8d8950000 - 0x00007ff8d8958000 	C:\Windows\System32\PSAPI.DLL
0x00007ff8c80d0000 - 0x00007ff8c80d9000 	C:\Windows\SYSTEM32\WSOCK32.dll
0x00007ff8da690000 - 0x00007ff8da6fa000 	C:\Windows\System32\WS2_32.dll
0x00007ff8d4e90000 - 0x00007ff8d4eb3000 	C:\Windows\SYSTEM32\WINMM.dll
0x00007ff8ceb10000 - 0x00007ff8ceb1a000 	C:\Windows\SYSTEM32\VERSION.dll
0x00007ff8d4a60000 - 0x00007ff8d4a8b000 	C:\Windows\SYSTEM32\WINMMBASE.dll
0x00007ff8d7070000 - 0x00007ff8d70b2000 	C:\Windows\System32\cfgmgr32.dll
0x0000000058ec0000 - 0x0000000058ecf000 	D:\Java\jdk1.8.0_191\jre\bin\verify.dll
0x0000000058e90000 - 0x0000000058eb9000 	D:\Java\jdk1.8.0_191\jre\bin\java.dll
0x0000000058e70000 - 0x0000000058e86000 	D:\Java\jdk1.8.0_191\jre\bin\zip.dll
0x00007ff8d9180000 - 0x00007ff8da689000 	C:\Windows\System32\SHELL32.dll
0x00007ff8d71c0000 - 0x00007ff8d789a000 	C:\Windows\System32\windows.storage.dll
0x00007ff8d6ca0000 - 0x00007ff8d6cec000 	C:\Windows\System32\powrprof.dll
0x00007ff8d8590000 - 0x00007ff8d85e2000 	C:\Windows\System32\shlwapi.dll
0x00007ff8d6cf0000 - 0x00007ff8d6cff000 	C:\Windows\System32\kernel.appcore.dll
0x00007ff8d7d00000 - 0x00007ff8d7da9000 	C:\Windows\System32\shcore.dll
0x00007ff8d6c80000 - 0x00007ff8d6c94000 	C:\Windows\System32\profapi.dll
0x0000000058e50000 - 0x0000000058e6a000 	D:\Java\jdk1.8.0_191\jre\bin\net.dll
0x00007ff8d6590000 - 0x00007ff8d65ec000 	C:\Windows\system32\mswsock.dll
0x0000000058e30000 - 0x0000000058e41000 	D:\Java\jdk1.8.0_191\jre\bin\nio.dll
0x00007ff8d1b30000 - 0x00007ff8d1b4e000 	C:\Users\Administrator\.gradle\native\25\windows-amd64\native-platform.dll
0x0000000058e20000 - 0x0000000058e2d000 	D:\Java\jdk1.8.0_191\jre\bin\management.dll
0x00007ff8d6730000 - 0x00007ff8d6747000 	C:\Windows\SYSTEM32\CRYPTSP.dll
0x00007ff8d61a0000 - 0x00007ff8d61d3000 	C:\Windows\system32\rsaenh.dll
0x00007ff8d6840000 - 0x00007ff8d686b000 	C:\Windows\SYSTEM32\bcrypt.dll
0x00007ff8d6410000 - 0x00007ff8d642f000 	C:\Windows\SYSTEM32\USERENV.dll
0x00007ff8d6750000 - 0x00007ff8d675b000 	C:\Windows\SYSTEM32\CRYPTBASE.dll
0x00007ff8d6320000 - 0x00007ff8d6358000 	C:\Windows\SYSTEM32\IPHLPAPI.DLL
0x00007ff8d8940000 - 0x00007ff8d8948000 	C:\Windows\System32\NSI.dll
0x00007ff8d2730000 - 0x00007ff8d2746000 	C:\Windows\SYSTEM32\dhcpcsvc6.DLL
0x00007ff8d2e80000 - 0x00007ff8d2e9a000 	C:\Windows\SYSTEM32\dhcpcsvc.DLL

VM Arguments:
jvm_args: -Xmx1536m -Dfile.encoding=GBK -Duser.country=CN -Duser.language=zh -Duser.variant 
java_command: org.gradle.launcher.daemon.bootstrap.GradleDaemon 5.1.1
java_class_path (initial): C:\Users\Administrator\.gradle\wrapper\dists\gradle-5.1.1-all\97z1ksx6lirer3kbvdnh7jtjg\gradle-5.1.1\lib\gradle-launcher-5.1.1.jar
Launcher Type: SUN_STANDARD

Environment Variables:
JAVA_HOME=D:\Java\jdk1.8.0_191
CLASSPATH=.;D:\Java\jdk1.8.0_191\lib;D:\Java\jdk1.8.0_191\lib\tools.jar;D:\apache-tomcat-8.0.53-windows-x64\apache-tomcat-8.0.53\lib\servlet-api.jar;.;D:\Java\jdk1.8.0_191\lib;D:\Java\jdk1.8.0_191\lib\tools.jar;D:\Java\jdk1.8.0_191\lib\mysql-connector-java-8.0.13.jar;D:\Java\sqlite-tools-win32-x86-3270200\sqlite-tools-win32-x86-3270200
PATH=C:\Program Files (x86)\Common Files\Oracle\Java\javapath;C:\Windows\system32;C:\Windows;C:\Windows\System32\Wbem;C:\Windows\System32\WindowsPowerShell\v1.0\;C:\VisTitle;C:\Program Files (x86)\NVIDIA Corporation\PhysX\Common;C:\Program Files (x86)\Microsoft SQL Server\100\Tools\Binn\;C:\Program Files\Microsoft SQL Server\100\Tools\Binn\;C:\Program Files\Microsoft SQL Server\100\DTS\Binn\;C:\Program Files (x86)\Microsoft SQL Server\100\Tools\Binn\VSShell\Common7\IDE\;C:\Program Files (x86)\Microsoft SQL Server\100\DTS\Binn\;C:\Program Files (x86)\Microsoft Visual Studio 9.0\Common7\IDE\PrivateAssemblies\;C:\Program Files (x86)\QuickTime\QTSystem\;C:\Android;C:\java\bin;D:\apache-tomcat-8.0.53-windows-x64\apache-tomcat-8.0.53\bin;D:\apache-tomcat-8.0.53-windows-x64\apache-tomcat-8.0.53\bin;D:\Java\jdk1.8.0_191\bin;C:\Program Files\MySQL\MySQL Server 8.0\bin;C:\Program Files\NVIDIA Corporation\NVIDIA NvDLISR;D:\Java\sqlite-tools-win32-x86-3270200\sqlite-tools-win32-x86-3270200;C:\Program Files\Git\cmd;C:\Users\Administrator\AppData\Local\GitHubDesktop\bin
USERNAME=Administrator
OS=Windows_NT
PROCESSOR_IDENTIFIER=Intel64 Family 6 Model 60 Stepping 3, GenuineIntel



---------------  S Y S T E M  ---------------

OS: Windows 10.0 , 64 bit Build 14393 (10.0.14393.0)

CPU:total 8 (initial active 8) (4 cores per cpu, 2 threads per core) family 6 model 60 stepping 3, cmov, cx8, fxsr, mmx, sse, sse2, sse3, ssse3, sse4.1, sse4.2, popcnt, avx, avx2, aes, clmul, erms, lzcnt, ht, tsc, tscinvbit, bmi1, bmi2

Memory: 4k page, physical 8036716k(841372k free), swap 8036716k(2204k free)

vm_info: Java HotSpot(TM) 64-Bit Server VM (25.191-b12) for windows-amd64 JRE (1.8.0_191-b12), built on Oct  6 2018 09:29:03 by "java_re" with MS VC++ 10.0 (VS2010)

time: Tue May 07 22:45:53 2019
elapsed time: 15 seconds (0d 0h 0m 15s)

