#
# There is insufficient memory for the Java Runtime Environment to continue.
# Native memory allocation (malloc) failed to allocate 1131616 bytes for Chunk::new
# Possible reasons:
#   The system is out of physical RAM or swap space
#   In 32 bit mode, the process size limit was hit
# Possible solutions:
#   Reduce memory load on the system
#   Increase physical memory or swap space
#   Check if swap backing store is full
#   Use 64 bit Java on a 64 bit OS
#   Decrease Java heap size (-Xmx/-Xms)
#   Decrease number of Java threads
#   Decrease Java thread stack sizes (-Xss)
#   Set larger code cache with -XX:ReservedCodeCacheSize=
# This output file may be truncated or incomplete.
#
#  Out of Memory Error (allocation.cpp:390), pid=12016, tid=0x0000000000001750
#
# JRE version: Java(TM) SE Runtime Environment (8.0_191-b12) (build 1.8.0_191-b12)
# Java VM: Java HotSpot(TM) 64-Bit Server VM (25.191-b12 mixed mode windows-amd64 compressed oops)
# Failed to write core dump. Minidumps are not enabled by default on client versions of Windows
#

---------------  T H R E A D  ---------------

Current thread (0x0000000018b9e000):  JavaThread "C2 CompilerThread0" daemon [_thread_in_native, id=5968, stack(0x0000000019370000,0x0000000019470000)]

Stack: [0x0000000019370000,0x0000000019470000]
[error occurred during error reporting (printing stack bounds), id 0xc0000005]

Native frames: (J=compiled Java code, j=interpreted, Vv=VM code, C=native code)


Current CompileTask:
C2:  16501 2317       4       groovy.lang.MetaClassImpl$1MOPIter::methodNameAction (325 bytes)


---------------  P R O C E S S  ---------------

Java Threads: ( => current thread )
  0x000000001a262800 JavaThread "Cache worker for execution history cache (C:\Users\Administrator\.gradle\caches\5.1.1\executionHistory)" [_thread_blocked, id=2816, stack(0x0000000021360000,0x0000000021460000)]
  0x000000001a260800 JavaThread "Cache worker for cache directory md-rule (C:\Users\Administrator\.gradle\caches\5.1.1\md-rule)" [_thread_blocked, id=13248, stack(0x0000000021260000,0x0000000021360000)]
  0x000000001a25e000 JavaThread "Cache worker for cache directory md-supplier (C:\Users\Administrator\.gradle\caches\5.1.1\md-supplier)" [_thread_blocked, id=12044, stack(0x0000000021160000,0x0000000021260000)]
  0x000000001a261000 JavaThread "Cache worker for file hash cache (F:\JavaTest\car\.gradle\5.1.1\fileHashes)" [_thread_blocked, id=7772, stack(0x000000001d5f0000,0x000000001d6f0000)]
  0x000000001a25d800 JavaThread "Cache worker for journal cache (C:\Users\Administrator\.gradle\caches\journal-1)" [_thread_blocked, id=13272, stack(0x000000001d2f0000,0x000000001d3f0000)]
  0x000000001a25f000 JavaThread "File lock request listener" [_thread_in_native, id=5820, stack(0x000000001d1f0000,0x000000001d2f0000)]
  0x000000001a25c800 JavaThread "Cache worker for file hash cache (C:\Users\Administrator\.gradle\caches\5.1.1\fileHashes)" [_thread_blocked, id=13012, stack(0x000000001d0f0000,0x000000001d1f0000)]
  0x000000001b599000 JavaThread "Thread-9" [_thread_blocked, id=4268, stack(0x000000001cff0000,0x000000001d0f0000)]
  0x000000001b595800 JavaThread "Stdin handler" [_thread_blocked, id=5780, stack(0x000000001cef0000,0x000000001cff0000)]
  0x000000001a870000 JavaThread "Asynchronous log dispatcher for DefaultDaemonConnection: socket connection from /127.0.0.1:51665 to /127.0.0.1:51666" [_thread_blocked, id=7932, stack(0x000000001ccf0000,0x000000001cdf0000)]
  0x0000000018cf8800 JavaThread "Daemon worker" [_thread_in_native, id=12756, stack(0x000000001cbf0000,0x000000001ccf0000)]
  0x0000000018cf7800 JavaThread "Cancel handler" [_thread_blocked, id=12868, stack(0x000000001caf0000,0x000000001cbf0000)]
  0x000000001aa97800 JavaThread "Handler for socket connection from /127.0.0.1:51665 to /127.0.0.1:51666" [_thread_in_native, id=10512, stack(0x000000001c7f0000,0x000000001c8f0000)]
  0x000000001a823000 JavaThread "Daemon" [_thread_blocked, id=9268, stack(0x000000001c6f0000,0x000000001c7f0000)]
  0x000000001aacd000 JavaThread "Daemon periodic checks" [_thread_blocked, id=13208, stack(0x000000001c5f0000,0x000000001c6f0000)]
  0x0000000018cbb800 JavaThread "Incoming local TCP Connector on port 51665" [_thread_in_native, id=11912, stack(0x000000001c450000,0x000000001c550000)]
  0x000000001b0c8000 JavaThread "Daemon health stats" [_thread_blocked, id=5620, stack(0x000000001c130000,0x000000001c230000)]
  0x0000000018c3a800 JavaThread "Service Thread" daemon [_thread_blocked, id=7656, stack(0x0000000019770000,0x0000000019870000)]
  0x0000000018bab800 JavaThread "C1 CompilerThread3" daemon [_thread_blocked, id=7956, stack(0x0000000019670000,0x0000000019770000)]
  0x0000000018ba5000 JavaThread "C2 CompilerThread2" daemon [_thread_in_native, id=3112, stack(0x0000000019570000,0x0000000019670000)]
  0x0000000018ba1000 JavaThread "C2 CompilerThread1" daemon [_thread_in_native, id=7976, stack(0x0000000019470000,0x0000000019570000)]
=>0x0000000018b9e000 JavaThread "C2 CompilerThread0" daemon [_thread_in_native, id=5968, stack(0x0000000019370000,0x0000000019470000)]
  0x0000000018b9c800 JavaThread "Attach Listener" daemon [_thread_blocked, id=7092, stack(0x0000000019270000,0x0000000019370000)]
  0x0000000018b48800 JavaThread "Signal Dispatcher" daemon [_thread_blocked, id=3200, stack(0x0000000019170000,0x0000000019270000)]
  0x0000000002f69000 JavaThread "Finalizer" daemon [_thread_blocked, id=5964, stack(0x0000000019010000,0x0000000019110000)]
  0x0000000016d2d800 JavaThread "Reference Handler" daemon [_thread_blocked, id=12516, stack(0x0000000018f10000,0x0000000019010000)]
  0x0000000002e6e000 JavaThread "main" [_thread_blocked, id=3416, stack(0x0000000002d10000,0x0000000002e10000)]

Other Threads:
  0x0000000016d29000 VMThread [stack: 0x0000000018a10000,0x0000000018b10000] [id=9572]
  0x0000000018c46800 WatcherThread [stack: 0x0000000019870000,0x0000000019970000] [id=2636]

VM state:not at safepoint (normal execution)

VM Mutex/Monitor currently owned by a thread: None

Heap:
 PSYoungGen      total 73728K, used 66623K [0x00000000e0000000, 0x00000000e7300000, 0x0000000100000000)
  eden space 63488K, 93% used [0x00000000e0000000,0x00000000e3a13900,0x00000000e3e00000)
  from space 10240K, 69% used [0x00000000e3e00000,0x00000000e44fc6b0,0x00000000e4800000)
  to   space 10240K, 0% used [0x00000000e6900000,0x00000000e6900000,0x00000000e7300000)
 ParOldGen       total 59392K, used 8754K [0x00000000a0000000, 0x00000000a3a00000, 0x00000000e0000000)
  object space 59392K, 14% used [0x00000000a0000000,0x00000000a088c880,0x00000000a3a00000)
 Metaspace       used 31423K, capacity 32018K, committed 32128K, reserved 1077248K
  class space    used 4501K, capacity 4702K, committed 4736K, reserved 1048576K

Card table byte_map: [0x0000000012330000,0x0000000012640000] byte_map_base: 0x0000000011e30000

Marking Bits: (ParMarkBitMap*) 0x00000000596f3e30
 Begin Bits: [0x0000000013040000, 0x0000000014840000)
 End Bits:   [0x0000000014840000, 0x0000000016040000)

Polling page: 0x0000000000e20000

CodeCache: size=245760Kb used=8646Kb max_used=8646Kb free=237113Kb
 bounds [0x0000000002f70000, 0x00000000037f0000, 0x0000000011f70000]
 total_blobs=2921 nmethods=2245 adapters=588
 compilation: enabled

Compilation events (10 events):
Event: 16.464 Thread 0x0000000018bab800 2428       3       org.objectweb.asm.ClassReader::readStringish (16 bytes)
Event: 16.465 Thread 0x0000000018bab800 nmethod 2428 0x00000000037e5750 code [0x00000000037e58e0, 0x00000000037e5d68]
Event: 16.465 Thread 0x0000000018bab800 2430       3       org.objectweb.asm.ClassReader::readLabel (20 bytes)
Event: 16.466 Thread 0x0000000018bab800 nmethod 2430 0x00000000037e6090 code [0x00000000037e6220, 0x00000000037e6650]
Event: 16.466 Thread 0x0000000018bab800 2431       3       org.objectweb.asm.Label::addForwardReference (102 bytes)
Event: 16.467 Thread 0x0000000018bab800 nmethod 2431 0x00000000037e6850 code [0x00000000037e69e0, 0x00000000037e6e68]
Event: 16.470 Thread 0x0000000018bab800 2432       3       org.objectweb.asm.ClassReader::createDebugLabel (23 bytes)
Event: 16.472 Thread 0x0000000018bab800 nmethod 2432 0x00000000037e70d0 code [0x00000000037e7260, 0x00000000037e7750]
Event: 16.472 Thread 0x0000000018bab800 2433       3       org.objectweb.asm.SymbolTable::addConstantString (8 bytes)
Event: 16.472 Thread 0x0000000018bab800 nmethod 2433 0x00000000037e7a50 code [0x00000000037e7bc0, 0x00000000037e7d48]

GC Heap History (10 events):
Event: 9.122 GC heap before
{Heap before GC invocations=4 (full 0):
 PSYoungGen      total 36864K, used 36859K [0x00000000e0000000, 0x00000000e2900000, 0x0000000100000000)
  eden space 31744K, 100% used [0x00000000e0000000,0x00000000e1f00000,0x00000000e1f00000)
  from space 5120K, 99% used [0x00000000e1f00000,0x00000000e23fef00,0x00000000e2400000)
  to   space 5120K, 0% used [0x00000000e2400000,0x00000000e2400000,0x00000000e2900000)
 ParOldGen       total 84992K, used 1504K [0x00000000a0000000, 0x00000000a5300000, 0x00000000e0000000)
  object space 84992K, 1% used [0x00000000a0000000,0x00000000a0178170,0x00000000a5300000)
 Metaspace       used 15228K, capacity 15644K, committed 15744K, reserved 1062912K
  class space    used 2214K, capacity 2364K, committed 2432K, reserved 1048576K
Event: 9.140 GC heap after
Heap after GC invocations=4 (full 0):
 PSYoungGen      total 36864K, used 5112K [0x00000000e0000000, 0x00000000e2900000, 0x0000000100000000)
  eden space 31744K, 0% used [0x00000000e0000000,0x00000000e0000000,0x00000000e1f00000)
  from space 5120K, 99% used [0x00000000e2400000,0x00000000e28fe030,0x00000000e2900000)
  to   space 5120K, 0% used [0x00000000e1f00000,0x00000000e1f00000,0x00000000e2400000)
 ParOldGen       total 84992K, used 4357K [0x00000000a0000000, 0x00000000a5300000, 0x00000000e0000000)
  object space 84992K, 5% used [0x00000000a0000000,0x00000000a0441618,0x00000000a5300000)
 Metaspace       used 15228K, capacity 15644K, committed 15744K, reserved 1062912K
  class space    used 2214K, capacity 2364K, committed 2432K, reserved 1048576K
}
Event: 10.696 GC heap before
{Heap before GC invocations=5 (full 0):
 PSYoungGen      total 36864K, used 36856K [0x00000000e0000000, 0x00000000e2900000, 0x0000000100000000)
  eden space 31744K, 100% used [0x00000000e0000000,0x00000000e1f00000,0x00000000e1f00000)
  from space 5120K, 99% used [0x00000000e2400000,0x00000000e28fe030,0x00000000e2900000)
  to   space 5120K, 0% used [0x00000000e1f00000,0x00000000e1f00000,0x00000000e2400000)
 ParOldGen       total 84992K, used 4357K [0x00000000a0000000, 0x00000000a5300000, 0x00000000e0000000)
  object space 84992K, 5% used [0x00000000a0000000,0x00000000a0441618,0x00000000a5300000)
 Metaspace       used 18325K, capacity 18812K, committed 19072K, reserved 1064960K
  class space    used 2718K, capacity 2882K, committed 2944K, reserved 1048576K
Event: 10.726 GC heap after
Heap after GC invocations=5 (full 0):
 PSYoungGen      total 36864K, used 5112K [0x00000000e0000000, 0x00000000e5200000, 0x0000000100000000)
  eden space 31744K, 0% used [0x00000000e0000000,0x00000000e0000000,0x00000000e1f00000)
  from space 5120K, 99% used [0x00000000e1f00000,0x00000000e23fe060,0x00000000e2400000)
  to   space 10240K, 0% used [0x00000000e4800000,0x00000000e4800000,0x00000000e5200000)
 ParOldGen       total 84992K, used 8068K [0x00000000a0000000, 0x00000000a5300000, 0x00000000e0000000)
  object space 84992K, 9% used [0x00000000a0000000,0x00000000a07e1020,0x00000000a5300000)
 Metaspace       used 18325K, capacity 18812K, committed 19072K, reserved 1064960K
  class space    used 2718K, capacity 2882K, committed 2944K, reserved 1048576K
}
Event: 11.803 GC heap before
{Heap before GC invocations=6 (full 0):
 PSYoungGen      total 36864K, used 24213K [0x00000000e0000000, 0x00000000e5200000, 0x0000000100000000)
  eden space 31744K, 60% used [0x00000000e0000000,0x00000000e12a74f8,0x00000000e1f00000)
  from space 5120K, 99% used [0x00000000e1f00000,0x00000000e23fe060,0x00000000e2400000)
  to   space 10240K, 0% used [0x00000000e4800000,0x00000000e4800000,0x00000000e5200000)
 ParOldGen       total 84992K, used 8068K [0x00000000a0000000, 0x00000000a5300000, 0x00000000e0000000)
  object space 84992K, 9% used [0x00000000a0000000,0x00000000a07e1020,0x00000000a5300000)
 Metaspace       used 20667K, capacity 21156K, committed 21296K, reserved 1067008K
  class space    used 2989K, capacity 3161K, committed 3200K, reserved 1048576K
Event: 11.824 GC heap after
Heap after GC invocations=6 (full 0):
 PSYoungGen      total 73728K, used 7833K [0x00000000e0000000, 0x00000000e5200000, 0x0000000100000000)
  eden space 63488K, 0% used [0x00000000e0000000,0x00000000e0000000,0x00000000e3e00000)
  from space 10240K, 76% used [0x00000000e4800000,0x00000000e4fa6470,0x00000000e5200000)
  to   space 10240K, 0% used [0x00000000e3e00000,0x00000000e3e00000,0x00000000e4800000)
 ParOldGen       total 84992K, used 8076K [0x00000000a0000000, 0x00000000a5300000, 0x00000000e0000000)
  object space 84992K, 9% used [0x00000000a0000000,0x00000000a07e3020,0x00000000a5300000)
 Metaspace       used 20667K, capacity 21156K, committed 21296K, reserved 1067008K
  class space    used 2989K, capacity 3161K, committed 3200K, reserved 1048576K
}
Event: 11.824 GC heap before
{Heap before GC invocations=7 (full 1):
 PSYoungGen      total 73728K, used 7833K [0x00000000e0000000, 0x00000000e5200000, 0x0000000100000000)
  eden space 63488K, 0% used [0x00000000e0000000,0x00000000e0000000,0x00000000e3e00000)
  from space 10240K, 76% used [0x00000000e4800000,0x00000000e4fa6470,0x00000000e5200000)
  to   space 10240K, 0% used [0x00000000e3e00000,0x00000000e3e00000,0x00000000e4800000)
 ParOldGen       total 84992K, used 8076K [0x00000000a0000000, 0x00000000a5300000, 0x00000000e0000000)
  object space 84992K, 9% used [0x00000000a0000000,0x00000000a07e3020,0x00000000a5300000)
 Metaspace       used 20667K, capacity 21156K, committed 21296K, reserved 1067008K
  class space    used 2989K, capacity 3161K, committed 3200K, reserved 1048576K
Event: 11.952 GC heap after
Heap after GC invocations=7 (full 1):
 PSYoungGen      total 73728K, used 0K [0x00000000e0000000, 0x00000000e5200000, 0x0000000100000000)
  eden space 63488K, 0% used [0x00000000e0000000,0x00000000e0000000,0x00000000e3e00000)
  from space 10240K, 0% used [0x00000000e4800000,0x00000000e4800000,0x00000000e5200000)
  to   space 10240K, 0% used [0x00000000e3e00000,0x00000000e3e00000,0x00000000e4800000)
 ParOldGen       total 59392K, used 8746K [0x00000000a0000000, 0x00000000a3a00000, 0x00000000e0000000)
  object space 59392K, 14% used [0x00000000a0000000,0x00000000a088a880,0x00000000a3a00000)
 Metaspace       used 20667K, capacity 21156K, committed 21296K, reserved 1067008K
  class space    used 2989K, capacity 3161K, committed 3200K, reserved 1048576K
}
Event: 14.264 GC heap before
{Heap before GC invocations=8 (full 1):
 PSYoungGen      total 73728K, used 63488K [0x00000000e0000000, 0x00000000e5200000, 0x0000000100000000)
  eden space 63488K, 100% used [0x00000000e0000000,0x00000000e3e00000,0x00000000e3e00000)
  from space 10240K, 0% used [0x00000000e4800000,0x00000000e4800000,0x00000000e5200000)
  to   space 10240K, 0% used [0x00000000e3e00000,0x00000000e3e00000,0x00000000e4800000)
 ParOldGen       total 59392K, used 8746K [0x00000000a0000000, 0x00000000a3a00000, 0x00000000e0000000)
  object space 59392K, 14% used [0x00000000a0000000,0x00000000a088a880,0x00000000a3a00000)
 Metaspace       used 27862K, capacity 28358K, committed 28416K, reserved 1073152K
  class space    used 3897K, capacity 4066K, committed 4096K, reserved 1048576K
Event: 14.282 GC heap after
Heap after GC invocations=8 (full 1):
 PSYoungGen      total 73728K, used 7153K [0x00000000e0000000, 0x00000000e7300000, 0x0000000100000000)
  eden space 63488K, 0% used [0x00000000e0000000,0x00000000e0000000,0x00000000e3e00000)
  from space 10240K, 69% used [0x00000000e3e00000,0x00000000e44fc6b0,0x00000000e4800000)
  to   space 10240K, 0% used [0x00000000e6900000,0x00000000e6900000,0x00000000e7300000)
 ParOldGen       total 59392K, used 8754K [0x00000000a0000000, 0x00000000a3a00000, 0x00000000e0000000)
  object space 59392K, 14% used [0x00000000a0000000,0x00000000a088c880,0x00000000a3a00000)
 Metaspace       used 27862K, capacity 28358K, committed 28416K, reserved 1073152K
  class space    used 3897K, capacity 4066K, committed 4096K, reserved 1048576K
}

Deoptimization events (10 events):
Event: 12.492 Thread 0x0000000018cf8800 Uncommon trap: reason=null_check action=make_not_entrant pc=0x00000000032c2658 method=sun.misc.URLClassPath$JarLoader.getResource(Ljava/lang/String;ZLjava/util/Set;)Lsun/misc/Resource; @ 92
Event: 13.339 Thread 0x0000000018cf8800 Uncommon trap: reason=unstable_if action=reinterpret pc=0x0000000003423cb0 method=java.util.HashMap.hash(Ljava/lang/Object;)I @ 1
Event: 13.583 Thread 0x0000000018cf8800 Uncommon trap: reason=unstable_if action=reinterpret pc=0x000000000323164c method=java.io.WinNTFileSystem.resolve(Ljava/lang/String;Ljava/lang/String;)Ljava/lang/String; @ 49
Event: 13.667 Thread 0x0000000018cf8800 Uncommon trap: reason=unstable_if action=reinterpret pc=0x0000000003255930 method=java.util.LinkedHashMap.afterNodeInsertion(Z)V @ 1
Event: 14.490 Thread 0x0000000018cf8800 Uncommon trap: reason=unstable_if action=reinterpret pc=0x000000000319d0d0 method=java.util.HashMap.getNode(ILjava/lang/Object;)Ljava/util/HashMap$Node; @ 129
Event: 14.569 Thread 0x0000000018cf8800 Uncommon trap: reason=unstable_if action=reinterpret pc=0x00000000036ea218 method=org.objectweb.asm.Type.appendDescriptor(Ljava/lang/Class;Ljava/lang/StringBuilder;)V @ 6
Event: 16.139 Thread 0x0000000018cf8800 Uncommon trap: reason=unstable_if action=reinterpret pc=0x000000000346ff14 method=java.util.HashMap.hash(Ljava/lang/Object;)I @ 1
Event: 16.139 Thread 0x0000000018cf8800 Uncommon trap: reason=unstable_if action=reinterpret pc=0x00000000033f9c54 method=java.util.HashMap.putVal(ILjava/lang/Object;Ljava/lang/Object;ZZ)Ljava/lang/Object; @ 85
Event: 16.347 Thread 0x0000000018cf8800 Uncommon trap: reason=unstable_if action=reinterpret pc=0x00000000037b78f0 method=org.codehaus.groovy.runtime.metaclass.MetaMethodIndex.addMethodToList(Ljava/lang/Object;Lgroovy/lang/MetaMethod;)Ljava/lang/Object; @ 226
Event: 16.463 Thread 0x0000000018cf8800 Uncommon trap: reason=unstable_if action=reinterpret pc=0x00000000036e6c88 method=org.objectweb.asm.ByteVector.putShort(I)Lorg/objectweb/asm/ByteVector; @ 13

Classes redefined (0 events):
No events

Internal exceptions (10 events):
Event: 15.485 Thread 0x0000000018cf8800 Exception <a 'java/lang/ClassNotFoundException': org/gradle/initialization/DefaultSettingsBeanInfo> (0x00000000e2122cf0) thrown at [C:\re\workspace\8-2-build-windows-amd64-cygwin\jdk8u191\11896\hotspot\src\share\vm\classfile\systemDictionary.cpp, line 210
Event: 15.490 Thread 0x0000000018cf8800 Exception <a 'java/lang/ClassNotFoundException': org/gradle/initialization/DefaultSettingsCustomizer> (0x00000000e214ba60) thrown at [C:\re\workspace\8-2-build-windows-amd64-cygwin\jdk8u191\11896\hotspot\src\share\vm\classfile\systemDictionary.cpp, line 2
Event: 15.501 Thread 0x0000000018cf8800 Exception <a 'java/lang/ClassNotFoundException': org/gradle/initialization/DefaultSettings_DecoratedCustomizer> (0x00000000e21ba8f0) thrown at [C:\re\workspace\8-2-build-windows-amd64-cygwin\jdk8u191\11896\hotspot\src\share\vm\classfile\systemDictionary.c
Event: 16.139 Thread 0x0000000018cf8800 Implicit null exception at 0x000000000346fa9b to 0x000000000346fef9
Event: 16.357 Thread 0x0000000018cf8800 Exception <a 'java/lang/ClassNotFoundException': org/gradle/api/internal/project/DefaultProject_DecoratedBeanInfo> (0x00000000e330b160) thrown at [C:\re\workspace\8-2-build-windows-amd64-cygwin\jdk8u191\11896\hotspot\src\share\vm\classfile\systemDictionar
Event: 16.358 Thread 0x0000000018cf8800 Exception <a 'java/lang/ClassNotFoundException': org/gradle/api/internal/project/DefaultProjectBeanInfo> (0x00000000e3322a58) thrown at [C:\re\workspace\8-2-build-windows-amd64-cygwin\jdk8u191\11896\hotspot\src\share\vm\classfile\systemDictionary.cpp, lin
Event: 16.359 Thread 0x0000000018cf8800 Exception <a 'java/lang/ClassNotFoundException': org/gradle/api/internal/project/DefaultProjectCustomizer> (0x00000000e333ad40) thrown at [C:\re\workspace\8-2-build-windows-amd64-cygwin\jdk8u191\11896\hotspot\src\share\vm\classfile\systemDictionary.cpp, l
Event: 16.371 Thread 0x0000000018cf8800 Exception <a 'java/lang/ClassNotFoundException': org/gradle/api/internal/project/DefaultProject_DecoratedCustomizer> (0x00000000e3423698) thrown at [C:\re\workspace\8-2-build-windows-amd64-cygwin\jdk8u191\11896\hotspot\src\share\vm\classfile\systemDiction
Event: 16.403 Thread 0x0000000018cf8800 Exception <a 'java/lang/ClassNotFoundException': org/gradle/api/internal/plugins/DefaultObjectConfigurationActionBeanInfo> (0x00000000e350cb20) thrown at [C:\re\workspace\8-2-build-windows-amd64-cygwin\jdk8u191\11896\hotspot\src\share\vm\classfile\systemD
Event: 16.405 Thread 0x0000000018cf8800 Exception <a 'java/lang/ClassNotFoundException': org/gradle/api/internal/plugins/DefaultObjectConfigurationActionCustomizer> (0x00000000e35293b0) thrown at [C:\re\workspace\8-2-build-windows-amd64-cygwin\jdk8u191\11896\hotspot\src\share\vm\classfile\syste

Events (10 events):
Event: 16.488 loading class org/gradle/language/cpp/internal/tooling/CppModelBuilder
Event: 16.488 loading class org/gradle/language/cpp/internal/tooling/CppModelBuilder done
Event: 16.491 loading class org/gradle/language/cpp/CppComponent
Event: 16.491 loading class org/gradle/language/cpp/CppComponent done
Event: 16.493 loading class org/gradle/language/ComponentWithBinaries
Event: 16.493 loading class org/gradle/language/ComponentWithBinaries done
Event: 16.494 loading class org/gradle/api/component/SoftwareComponent
Event: 16.494 loading class org/gradle/api/component/SoftwareComponent done
Event: 16.494 loading class org/gradle/language/ComponentWithDependencies
Event: 16.494 loading class org/gradle/language/ComponentWithDependencies done


Dynamic libraries:
0x00007ff64df80000 - 0x00007ff64dfb7000 	D:\Java\jdk1.8.0_191\bin\java.exe
0x00007ff8da820000 - 0x00007ff8da9f1000 	C:\Windows\SYSTEM32\ntdll.dll
0x00007ff8d7f70000 - 0x00007ff8d801b000 	C:\Windows\System32\KERNEL32.DLL
0x00007ff8d6de0000 - 0x00007ff8d6ffd000 	C:\Windows\System32\KERNELBASE.dll
0x00007ff8d90d0000 - 0x00007ff8d9172000 	C:\Windows\System32\ADVAPI32.dll
0x00007ff8d8ac0000 - 0x00007ff8d8b5e000 	C:\Windows\System32\msvcrt.dll
0x00007ff8da700000 - 0x00007ff8da759000 	C:\Windows\System32\sechost.dll
0x00007ff8d8020000 - 0x00007ff8d8141000 	C:\Windows\System32\RPCRT4.dll
0x00007ff8d8420000 - 0x00007ff8d8585000 	C:\Windows\System32\USER32.dll
0x00007ff8d6dc0000 - 0x00007ff8d6dde000 	C:\Windows\System32\win32u.dll
0x00007ff8d87d0000 - 0x00007ff8d8804000 	C:\Windows\System32\GDI32.dll
0x00007ff8d7a70000 - 0x00007ff8d7bf2000 	C:\Windows\System32\gdi32full.dll
0x00007ff8c9c20000 - 0x00007ff8c9e99000 	C:\Windows\WinSxS\amd64_microsoft.windows.common-controls_6595b64144ccf1df_6.0.14393.447_none_42191651c6827bb3\COMCTL32.dll
0x00007ff8d8150000 - 0x00007ff8d8418000 	C:\Windows\System32\combase.dll
0x00007ff8d7c00000 - 0x00007ff8d7cf5000 	C:\Windows\System32\ucrtbase.dll
0x00007ff8d7000000 - 0x00007ff8d706a000 	C:\Windows\System32\bcryptPrimitives.dll
0x00007ff8d87a0000 - 0x00007ff8d87ce000 	C:\Windows\System32\IMM32.DLL
0x0000000059780000 - 0x0000000059852000 	D:\Java\jdk1.8.0_191\jre\bin\msvcr100.dll
0x0000000058ed0000 - 0x0000000059774000 	D:\Java\jdk1.8.0_191\jre\bin\server\jvm.dll
0x00007ff8d8950000 - 0x00007ff8d8958000 	C:\Windows\System32\PSAPI.DLL
0x00007ff8d4e90000 - 0x00007ff8d4eb3000 	C:\Windows\SYSTEM32\WINMM.dll
0x00007ff8c80d0000 - 0x00007ff8c80d9000 	C:\Windows\SYSTEM32\WSOCK32.dll
0x00007ff8ceb10000 - 0x00007ff8ceb1a000 	C:\Windows\SYSTEM32\VERSION.dll
0x00007ff8da690000 - 0x00007ff8da6fa000 	C:\Windows\System32\WS2_32.dll
0x0000000000e40000 - 0x0000000000e6b000 	C:\Windows\SYSTEM32\WINMMBASE.dll
0x00007ff8d7070000 - 0x00007ff8d70b2000 	C:\Windows\System32\cfgmgr32.dll
0x0000000058ec0000 - 0x0000000058ecf000 	D:\Java\jdk1.8.0_191\jre\bin\verify.dll
0x0000000058e90000 - 0x0000000058eb9000 	D:\Java\jdk1.8.0_191\jre\bin\java.dll
0x0000000058e70000 - 0x0000000058e86000 	D:\Java\jdk1.8.0_191\jre\bin\zip.dll
0x00007ff8d9180000 - 0x00007ff8da689000 	C:\Windows\System32\SHELL32.dll
0x00007ff8d71c0000 - 0x00007ff8d789a000 	C:\Windows\System32\windows.storage.dll
0x00007ff8d6ca0000 - 0x00007ff8d6cec000 	C:\Windows\System32\powrprof.dll
0x00007ff8d8590000 - 0x00007ff8d85e2000 	C:\Windows\System32\shlwapi.dll
0x00007ff8d6cf0000 - 0x00007ff8d6cff000 	C:\Windows\System32\kernel.appcore.dll
0x00007ff8d7d00000 - 0x00007ff8d7da9000 	C:\Windows\System32\shcore.dll
0x00007ff8d6c80000 - 0x00007ff8d6c94000 	C:\Windows\System32\profapi.dll
0x0000000058e50000 - 0x0000000058e6a000 	D:\Java\jdk1.8.0_191\jre\bin\net.dll
0x00007ff8d6590000 - 0x00007ff8d65ec000 	C:\Windows\system32\mswsock.dll
0x0000000058e30000 - 0x0000000058e41000 	D:\Java\jdk1.8.0_191\jre\bin\nio.dll
0x00007ff8d1b30000 - 0x00007ff8d1b4e000 	C:\Users\Administrator\.gradle\native\25\windows-amd64\native-platform.dll
0x0000000058e20000 - 0x0000000058e2d000 	D:\Java\jdk1.8.0_191\jre\bin\management.dll
0x00007ff8d6730000 - 0x00007ff8d6747000 	C:\Windows\SYSTEM32\CRYPTSP.dll
0x00007ff8d61a0000 - 0x00007ff8d61d3000 	C:\Windows\system32\rsaenh.dll
0x00007ff8d6840000 - 0x00007ff8d686b000 	C:\Windows\SYSTEM32\bcrypt.dll
0x00007ff8d6410000 - 0x00007ff8d642f000 	C:\Windows\SYSTEM32\USERENV.dll
0x00007ff8d6750000 - 0x00007ff8d675b000 	C:\Windows\SYSTEM32\CRYPTBASE.dll
0x00007ff8d6320000 - 0x00007ff8d6358000 	C:\Windows\SYSTEM32\IPHLPAPI.DLL
0x00007ff8d8940000 - 0x00007ff8d8948000 	C:\Windows\System32\NSI.dll
0x00007ff8d2730000 - 0x00007ff8d2746000 	C:\Windows\SYSTEM32\dhcpcsvc6.DLL
0x00007ff8d2e80000 - 0x00007ff8d2e9a000 	C:\Windows\SYSTEM32\dhcpcsvc.DLL

VM Arguments:
jvm_args: -Xmx1536m -Dfile.encoding=GBK -Duser.country=CN -Duser.language=zh -Duser.variant 
java_command: org.gradle.launcher.daemon.bootstrap.GradleDaemon 5.1.1
java_class_path (initial): C:\Users\Administrator\.gradle\wrapper\dists\gradle-5.1.1-all\97z1ksx6lirer3kbvdnh7jtjg\gradle-5.1.1\lib\gradle-launcher-5.1.1.jar
Launcher Type: SUN_STANDARD

Environment Variables:
JAVA_HOME=D:\Java\jdk1.8.0_191
CLASSPATH=.;D:\Java\jdk1.8.0_191\lib;D:\Java\jdk1.8.0_191\lib\tools.jar;D:\apache-tomcat-8.0.53-windows-x64\apache-tomcat-8.0.53\lib\servlet-api.jar;.;D:\Java\jdk1.8.0_191\lib;D:\Java\jdk1.8.0_191\lib\tools.jar;D:\Java\jdk1.8.0_191\lib\mysql-connector-java-8.0.13.jar;D:\Java\sqlite-tools-win32-x86-3270200\sqlite-tools-win32-x86-3270200
PATH=C:\Program Files (x86)\Common Files\Oracle\Java\javapath;C:\Windows\system32;C:\Windows;C:\Windows\System32\Wbem;C:\Windows\System32\WindowsPowerShell\v1.0\;C:\VisTitle;C:\Program Files (x86)\NVIDIA Corporation\PhysX\Common;C:\Program Files (x86)\Microsoft SQL Server\100\Tools\Binn\;C:\Program Files\Microsoft SQL Server\100\Tools\Binn\;C:\Program Files\Microsoft SQL Server\100\DTS\Binn\;C:\Program Files (x86)\Microsoft SQL Server\100\Tools\Binn\VSShell\Common7\IDE\;C:\Program Files (x86)\Microsoft SQL Server\100\DTS\Binn\;C:\Program Files (x86)\Microsoft Visual Studio 9.0\Common7\IDE\PrivateAssemblies\;C:\Program Files (x86)\QuickTime\QTSystem\;C:\Android;C:\java\bin;D:\apache-tomcat-8.0.53-windows-x64\apache-tomcat-8.0.53\bin;D:\apache-tomcat-8.0.53-windows-x64\apache-tomcat-8.0.53\bin;D:\Java\jdk1.8.0_191\bin;C:\Program Files\MySQL\MySQL Server 8.0\bin;C:\Program Files\NVIDIA Corporation\NVIDIA NvDLISR;D:\Java\sqlite-tools-win32-x86-3270200\sqlite-tools-win32-x86-3270200;C:\Program Files\Git\cmd;C:\Users\Administrator\AppData\Local\GitHubDesktop\bin
USERNAME=Administrator
OS=Windows_NT
PROCESSOR_IDENTIFIER=Intel64 Family 6 Model 60 Stepping 3, GenuineIntel



---------------  S Y S T E M  ---------------

OS: Windows 10.0 , 64 bit Build 14393 (10.0.14393.0)

CPU:total 8 (initial active 8) (4 cores per cpu, 2 threads per core) family 6 model 60 stepping 3, cmov, cx8, fxsr, mmx, sse, sse2, sse3, ssse3, sse4.1, sse4.2, popcnt, avx, avx2, aes, clmul, erms, lzcnt, ht, tsc, tscinvbit, bmi1, bmi2

Memory: 4k page, physical 8036716k(850876k free), swap 8036716k(5472k free)

vm_info: Java HotSpot(TM) 64-Bit Server VM (25.191-b12) for windows-amd64 JRE (1.8.0_191-b12), built on Oct  6 2018 09:29:03 by "java_re" with MS VC++ 10.0 (VS2010)

time: Tue May 07 22:44:54 2019
elapsed time: 16 seconds (0d 0h 0m 16s)

