#
# There is insufficient memory for the Java Runtime Environment to continue.
# Native memory allocation (malloc) failed to allocate 597776 bytes for Chunk::new
# Possible reasons:
#   The system is out of physical RAM or swap space
#   In 32 bit mode, the process size limit was hit
# Possible solutions:
#   Reduce memory load on the system
#   Increase physical memory or swap space
#   Check if swap backing store is full
#   Use 64 bit Java on a 64 bit OS
#   Decrease Java heap size (-Xmx/-Xms)
#   Decrease number of Java threads
#   Decrease Java thread stack sizes (-Xss)
#   Set larger code cache with -XX:ReservedCodeCacheSize=
# This output file may be truncated or incomplete.
#
#  Out of Memory Error (allocation.cpp:390), pid=12696, tid=0x00000000000011b8
#
# JRE version: Java(TM) SE Runtime Environment (8.0_191-b12) (build 1.8.0_191-b12)
# Java VM: Java HotSpot(TM) 64-Bit Server VM (25.191-b12 mixed mode windows-amd64 compressed oops)
# Failed to write core dump. Minidumps are not enabled by default on client versions of Windows
#

---------------  T H R E A D  ---------------

Current thread (0x0000000018d50000):  JavaThread "C2 CompilerThread1" daemon [_thread_in_native, id=4536, stack(0x0000000019620000,0x0000000019720000)]

Stack: [0x0000000019620000,0x0000000019720000]
[error occurred during error reporting (printing stack bounds), id 0xc0000005]

Native frames: (J=compiled Java code, j=interpreted, Vv=VM code, C=native code)


Current CompileTask:
C2:  30363 5479       4       java.net.URLClassLoader$1::run (5 bytes)


---------------  P R O C E S S  ---------------

Java Threads: ( => current thread )
  0x000000001e3ad000 JavaThread "Cache worker for Build Output Cleanup Cache (F:\JavaTest\car\.gradle\buildOutputCleanup)" [_thread_blocked, id=1836, stack(0x0000000024d70000,0x0000000024e70000)]
  0x000000001e3ab800 JavaThread "Build operations Thread 8" [_thread_blocked, id=11388, stack(0x0000000024470000,0x0000000024570000)]
  0x000000001e3ad800 JavaThread "Build operations Thread 7" [_thread_blocked, id=7376, stack(0x0000000024370000,0x0000000024470000)]
  0x000000001e3a4000 JavaThread "Build operations Thread 6" [_thread_blocked, id=12016, stack(0x0000000024270000,0x0000000024370000)]
  0x000000001e3aa000 JavaThread "Build operations Thread 5" [_thread_blocked, id=12728, stack(0x00000000230e0000,0x00000000231e0000)]
  0x000000001e3a8800 JavaThread "Build operations Thread 4" [_thread_blocked, id=5496, stack(0x0000000021dd0000,0x0000000021ed0000)]
  0x000000001e3aa800 JavaThread "Build operations Thread 3" [_thread_blocked, id=10188, stack(0x0000000021cd0000,0x0000000021dd0000)]
  0x000000001e3a7000 JavaThread "Build operations Thread 2" [_thread_blocked, id=7468, stack(0x0000000021bd0000,0x0000000021cd0000)]
  0x000000001e3a6000 JavaThread "Build operations" [_thread_blocked, id=11244, stack(0x0000000021ad0000,0x0000000021bd0000)]
  0x000000001e3a9000 JavaThread "Cache worker for execution history cache (C:\Users\Administrator\.gradle\caches\5.1.1\executionHistory)" [_thread_blocked, id=11472, stack(0x00000000214a0000,0x00000000215a0000)]
  0x000000001e3a4800 JavaThread "Cache worker for cache directory md-rule (C:\Users\Administrator\.gradle\caches\5.1.1\md-rule)" [_thread_blocked, id=4752, stack(0x00000000213a0000,0x00000000214a0000)]
  0x000000001e39e800 JavaThread "Cache worker for cache directory md-supplier (C:\Users\Administrator\.gradle\caches\5.1.1\md-supplier)" [_thread_blocked, id=11444, stack(0x00000000212a0000,0x00000000213a0000)]
  0x000000001e3a0000 JavaThread "Cache worker for file hash cache (F:\JavaTest\car\.gradle\5.1.1\fileHashes)" [_thread_blocked, id=13256, stack(0x000000001e730000,0x000000001e830000)]
  0x000000001aac6000 JavaThread "Cache worker for journal cache (C:\Users\Administrator\.gradle\caches\journal-1)" [_thread_blocked, id=12324, stack(0x000000001d460000,0x000000001d560000)]
  0x000000001aac5000 JavaThread "File lock request listener" [_thread_in_native, id=12632, stack(0x000000001d360000,0x000000001d460000)]
  0x000000001aac4800 JavaThread "Cache worker for file hash cache (C:\Users\Administrator\.gradle\caches\5.1.1\fileHashes)" [_thread_blocked, id=5488, stack(0x000000001d260000,0x000000001d360000)]
  0x000000001aac3800 JavaThread "Thread-9" [_thread_blocked, id=11624, stack(0x000000001d160000,0x000000001d260000)]
  0x000000001aac2000 JavaThread "Stdin handler" [_thread_blocked, id=6452, stack(0x000000001d060000,0x000000001d160000)]
  0x000000001aac1800 JavaThread "Asynchronous log dispatcher for DefaultDaemonConnection: socket connection from /127.0.0.1:51517 to /127.0.0.1:51518" [_thread_blocked, id=5568, stack(0x000000001ce60000,0x000000001cf60000)]
  0x000000001aac7800 JavaThread "Daemon worker" [_thread_in_vm, id=1572, stack(0x000000001cd60000,0x000000001ce60000)]
  0x000000001aac6800 JavaThread "Cancel handler" [_thread_blocked, id=2248, stack(0x000000001cc60000,0x000000001cd60000)]
  0x000000001aac8000 JavaThread "Handler for socket connection from /127.0.0.1:51517 to /127.0.0.1:51518" [_thread_in_native, id=4072, stack(0x000000001c960000,0x000000001ca60000)]
  0x000000001aac3000 JavaThread "Daemon" [_thread_blocked, id=6032, stack(0x000000001c860000,0x000000001c960000)]
  0x000000001aad0800 JavaThread "Daemon periodic checks" [_thread_blocked, id=11712, stack(0x000000001c760000,0x000000001c860000)]
  0x0000000018e80000 JavaThread "Incoming local TCP Connector on port 51517" [_thread_in_native, id=11480, stack(0x000000001c5c0000,0x000000001c6c0000)]
  0x000000001b236800 JavaThread "Daemon health stats" [_thread_blocked, id=5464, stack(0x000000001c2c0000,0x000000001c3c0000)]
  0x0000000018dd1800 JavaThread "Service Thread" daemon [_thread_blocked, id=12912, stack(0x0000000019920000,0x0000000019a20000)]
  0x0000000018da8000 JavaThread "C1 CompilerThread3" daemon [_thread_in_native, id=12496, stack(0x0000000019820000,0x0000000019920000)]
  0x0000000018da5000 JavaThread "C2 CompilerThread2" daemon [_thread_blocked, id=13136, stack(0x0000000019720000,0x0000000019820000)]
=>0x0000000018d50000 JavaThread "C2 CompilerThread1" daemon [_thread_in_native, id=4536, stack(0x0000000019620000,0x0000000019720000)]
  0x0000000018d4e000 JavaThread "C2 CompilerThread0" daemon [_thread_in_native, id=10516, stack(0x0000000019520000,0x0000000019620000)]
  0x0000000018d4c800 JavaThread "Attach Listener" daemon [_thread_blocked, id=7996, stack(0x0000000019420000,0x0000000019520000)]
  0x0000000018cf9000 JavaThread "Signal Dispatcher" daemon [_thread_blocked, id=1276, stack(0x0000000019320000,0x0000000019420000)]
  0x0000000003119000 JavaThread "Finalizer" daemon [_thread_blocked, id=8632, stack(0x00000000191c0000,0x00000000192c0000)]
  0x0000000016edd800 JavaThread "Reference Handler" daemon [_thread_blocked, id=8844, stack(0x00000000190c0000,0x00000000191c0000)]
  0x000000000142e000 JavaThread "main" [_thread_blocked, id=12960, stack(0x0000000002f20000,0x0000000003020000)]

Other Threads:
  0x0000000016ed9000 VMThread [stack: 0x0000000018bc0000,0x0000000018cc0000] [id=11476]
  0x0000000018dbd000 WatcherThread [stack: 0x0000000019a20000,0x0000000019b20000] [id=9920]

VM state:not at safepoint (normal execution)

VM Mutex/Monitor currently owned by a thread: None

Heap:
 PSYoungGen      total 167424K, used 27830K [0x00000000e0000000, 0x00000000ec280000, 0x0000000100000000)
  eden space 153088K, 18% used [0x00000000e0000000,0x00000000e1b2d8b8,0x00000000e9580000)
  from space 14336K, 0% used [0x00000000ea380000,0x00000000ea380000,0x00000000eb180000)
  to   space 14336K, 0% used [0x00000000e9580000,0x00000000e9580000,0x00000000ea380000)
 ParOldGen       total 91136K, used 28609K [0x00000000a0000000, 0x00000000a5900000, 0x00000000e0000000)
  object space 91136K, 31% used [0x00000000a0000000,0x00000000a1bf04c8,0x00000000a5900000)
 Metaspace       used 59623K, capacity 61082K, committed 61312K, reserved 1101824K
  class space    used 8125K, capacity 8480K, committed 8576K, reserved 1048576K

Card table byte_map: [0x00000000124e0000,0x00000000127f0000] byte_map_base: 0x0000000011fe0000

Marking Bits: (ParMarkBitMap*) 0x00000000596f3e30
 Begin Bits: [0x00000000131f0000, 0x00000000149f0000)
 End Bits:   [0x00000000149f0000, 0x00000000161f0000)

Polling page: 0x00000000013c0000

CodeCache: size=245760Kb used=16647Kb max_used=17515Kb free=229112Kb
 bounds [0x0000000003120000, 0x0000000004270000, 0x0000000012120000]
 total_blobs=5820 nmethods=4998 adapters=730
 compilation: enabled

Compilation events (10 events):
Event: 30.259 Thread 0x0000000018da8000 5582       3       org.gradle.api.internal.DefaultNamedDomainObjectCollection$AbstractDomainObjectCreatingProvider::configure (83 bytes)
Event: 30.261 Thread 0x0000000018da8000 nmethod 5582 0x0000000003339890 code [0x0000000003339ae0, 0x000000000333a928]
Event: 30.288 Thread 0x0000000018da8000 5583       3       java.util.stream.ReferencePipeline$2$1::accept (27 bytes)
Event: 30.288 Thread 0x0000000018da8000 nmethod 5583 0x0000000003c998d0 code [0x0000000003c99a40, 0x0000000003c99d78]
Event: 30.291 Thread 0x0000000018da8000 5584       3       java.lang.invoke.MethodType::changeReturnType (20 bytes)
Event: 30.292 Thread 0x0000000018da8000 nmethod 5584 0x0000000003603c50 code [0x0000000003603dc0, 0x0000000003604048]
Event: 30.308 Thread 0x0000000018d4e000 5585   !   4       java.net.URLClassLoader$1::run (63 bytes)
Event: 30.336 Thread 0x0000000018da5000 5586       4       org.objectweb.asm.Label::resolve (219 bytes)
Event: 30.346 Thread 0x0000000018da5000 nmethod 5586 0x0000000003326310 code [0x0000000003326460, 0x00000000033266d8]
Event: 30.349 Thread 0x0000000018da8000 5587       3       org.objectweb.asm.ClassWriter::toByteArray (1360 bytes)

GC Heap History (10 events):
Event: 15.965 GC heap before
{Heap before GC invocations=11 (full 2):
 PSYoungGen      total 111616K, used 10478K [0x00000000e0000000, 0x00000000e9d80000, 0x0000000100000000)
  eden space 100864K, 0% used [0x00000000e0000000,0x00000000e0000000,0x00000000e6280000)
  from space 10752K, 97% used [0x00000000e6280000,0x00000000e6cbbbd0,0x00000000e6d00000)
  to   space 11776K, 0% used [0x00000000e9200000,0x00000000e9200000,0x00000000e9d80000)
 ParOldGen       total 56832K, used 8764K [0x00000000a0000000, 0x00000000a3780000, 0x00000000e0000000)
  object space 56832K, 15% used [0x00000000a0000000,0x00000000a088f138,0x00000000a3780000)
 Metaspace       used 34714K, capacity 35464K, committed 35496K, reserved 1079296K
  class space    used 4913K, capacity 5111K, committed 5120K, reserved 1048576K
Event: 16.119 GC heap after
Heap after GC invocations=11 (full 2):
 PSYoungGen      total 111616K, used 0K [0x00000000e0000000, 0x00000000e9d80000, 0x0000000100000000)
  eden space 100864K, 0% used [0x00000000e0000000,0x00000000e0000000,0x00000000e6280000)
  from space 10752K, 0% used [0x00000000e6280000,0x00000000e6280000,0x00000000e6d00000)
  to   space 11776K, 0% used [0x00000000e9200000,0x00000000e9200000,0x00000000e9d80000)
 ParOldGen       total 91136K, used 17524K [0x00000000a0000000, 0x00000000a5900000, 0x00000000e0000000)
  object space 91136K, 19% used [0x00000000a0000000,0x00000000a111d2d8,0x00000000a5900000)
 Metaspace       used 34680K, capacity 35350K, committed 35496K, reserved 1079296K
  class space    used 4903K, capacity 5092K, committed 5120K, reserved 1048576K
}
Event: 20.671 GC heap before
{Heap before GC invocations=12 (full 2):
 PSYoungGen      total 111616K, used 100803K [0x00000000e0000000, 0x00000000e9d80000, 0x0000000100000000)
  eden space 100864K, 99% used [0x00000000e0000000,0x00000000e6270db8,0x00000000e6280000)
  from space 10752K, 0% used [0x00000000e6280000,0x00000000e6280000,0x00000000e6d00000)
  to   space 11776K, 0% used [0x00000000e9200000,0x00000000e9200000,0x00000000e9d80000)
 ParOldGen       total 91136K, used 17524K [0x00000000a0000000, 0x00000000a5900000, 0x00000000e0000000)
  object space 91136K, 19% used [0x00000000a0000000,0x00000000a111d2d8,0x00000000a5900000)
 Metaspace       used 46250K, capacity 47306K, committed 47616K, reserved 1089536K
  class space    used 6300K, capacity 6567K, committed 6656K, reserved 1048576K
Event: 20.709 GC heap after
Heap after GC invocations=12 (full 2):
 PSYoungGen      total 137216K, used 11755K [0x00000000e0000000, 0x00000000e9d80000, 0x0000000100000000)
  eden space 125440K, 0% used [0x00000000e0000000,0x00000000e0000000,0x00000000e7a80000)
  from space 11776K, 99% used [0x00000000e9200000,0x00000000e9d7acb0,0x00000000e9d80000)
  to   space 14336K, 0% used [0x00000000e8180000,0x00000000e8180000,0x00000000e8f80000)
 ParOldGen       total 91136K, used 20557K [0x00000000a0000000, 0x00000000a5900000, 0x00000000e0000000)
  object space 91136K, 22% used [0x00000000a0000000,0x00000000a1413608,0x00000000a5900000)
 Metaspace       used 46250K, capacity 47306K, committed 47616K, reserved 1089536K
  class space    used 6300K, capacity 6567K, committed 6656K, reserved 1048576K
}
Event: 27.281 GC heap before
{Heap before GC invocations=13 (full 2):
 PSYoungGen      total 137216K, used 137195K [0x00000000e0000000, 0x00000000e9d80000, 0x0000000100000000)
  eden space 125440K, 100% used [0x00000000e0000000,0x00000000e7a80000,0x00000000e7a80000)
  from space 11776K, 99% used [0x00000000e9200000,0x00000000e9d7acb0,0x00000000e9d80000)
  to   space 14336K, 0% used [0x00000000e8180000,0x00000000e8180000,0x00000000e8f80000)
 ParOldGen       total 91136K, used 20557K [0x00000000a0000000, 0x00000000a5900000, 0x00000000e0000000)
  object space 91136K, 22% used [0x00000000a0000000,0x00000000a1413608,0x00000000a5900000)
 Metaspace       used 55453K, capacity 56884K, committed 57088K, reserved 1097728K
  class space    used 7511K, capacity 7853K, committed 7936K, reserved 1048576K
Event: 27.316 GC heap after
Heap after GC invocations=13 (full 2):
 PSYoungGen      total 146944K, used 10647K [0x00000000e0000000, 0x00000000eb180000, 0x0000000100000000)
  eden space 132608K, 0% used [0x00000000e0000000,0x00000000e0000000,0x00000000e8180000)
  from space 14336K, 74% used [0x00000000e8180000,0x00000000e8be5f48,0x00000000e8f80000)
  to   space 14336K, 0% used [0x00000000ea380000,0x00000000ea380000,0x00000000eb180000)
 ParOldGen       total 91136K, used 26821K [0x00000000a0000000, 0x00000000a5900000, 0x00000000e0000000)
  object space 91136K, 29% used [0x00000000a0000000,0x00000000a1a31520,0x00000000a5900000)
 Metaspace       used 55453K, capacity 56884K, committed 57088K, reserved 1097728K
  class space    used 7511K, capacity 7853K, committed 7936K, reserved 1048576K
}
Event: 28.137 GC heap before
{Heap before GC invocations=14 (full 2):
 PSYoungGen      total 146944K, used 40944K [0x00000000e0000000, 0x00000000eb180000, 0x0000000100000000)
  eden space 132608K, 22% used [0x00000000e0000000,0x00000000e1d96170,0x00000000e8180000)
  from space 14336K, 74% used [0x00000000e8180000,0x00000000e8be5f48,0x00000000e8f80000)
  to   space 14336K, 0% used [0x00000000ea380000,0x00000000ea380000,0x00000000eb180000)
 ParOldGen       total 91136K, used 26821K [0x00000000a0000000, 0x00000000a5900000, 0x00000000e0000000)
  object space 91136K, 29% used [0x00000000a0000000,0x00000000a1a31520,0x00000000a5900000)
 Metaspace       used 57622K, capacity 59098K, committed 59136K, reserved 1099776K
  class space    used 7817K, capacity 8172K, committed 8192K, reserved 1048576K
Event: 28.164 GC heap after
Heap after GC invocations=14 (full 2):
 PSYoungGen      total 167424K, used 7847K [0x00000000e0000000, 0x00000000ec280000, 0x0000000100000000)
  eden space 153088K, 0% used [0x00000000e0000000,0x00000000e0000000,0x00000000e9580000)
  from space 14336K, 54% used [0x00000000ea380000,0x00000000eab29f58,0x00000000eb180000)
  to   space 14336K, 0% used [0x00000000e9580000,0x00000000e9580000,0x00000000ea380000)
 ParOldGen       total 91136K, used 26829K [0x00000000a0000000, 0x00000000a5900000, 0x00000000e0000000)
  object space 91136K, 29% used [0x00000000a0000000,0x00000000a1a33520,0x00000000a5900000)
 Metaspace       used 57622K, capacity 59098K, committed 59136K, reserved 1099776K
  class space    used 7817K, capacity 8172K, committed 8192K, reserved 1048576K
}
Event: 28.164 GC heap before
{Heap before GC invocations=15 (full 3):
 PSYoungGen      total 167424K, used 7847K [0x00000000e0000000, 0x00000000ec280000, 0x0000000100000000)
  eden space 153088K, 0% used [0x00000000e0000000,0x00000000e0000000,0x00000000e9580000)
  from space 14336K, 54% used [0x00000000ea380000,0x00000000eab29f58,0x00000000eb180000)
  to   space 14336K, 0% used [0x00000000e9580000,0x00000000e9580000,0x00000000ea380000)
 ParOldGen       total 91136K, used 26829K [0x00000000a0000000, 0x00000000a5900000, 0x00000000e0000000)
  object space 91136K, 29% used [0x00000000a0000000,0x00000000a1a33520,0x00000000a5900000)
 Metaspace       used 57622K, capacity 59098K, committed 59136K, reserved 1099776K
  class space    used 7817K, capacity 8172K, committed 8192K, reserved 1048576K
Event: 29.020 GC heap after
Heap after GC invocations=15 (full 3):
 PSYoungGen      total 167424K, used 0K [0x00000000e0000000, 0x00000000ec280000, 0x0000000100000000)
  eden space 153088K, 0% used [0x00000000e0000000,0x00000000e0000000,0x00000000e9580000)
  from space 14336K, 0% used [0x00000000ea380000,0x00000000ea380000,0x00000000eb180000)
  to   space 14336K, 0% used [0x00000000e9580000,0x00000000e9580000,0x00000000ea380000)
 ParOldGen       total 91136K, used 28609K [0x00000000a0000000, 0x00000000a5900000, 0x00000000e0000000)
  object space 91136K, 31% used [0x00000000a0000000,0x00000000a1bf04c8,0x00000000a5900000)
 Metaspace       used 57597K, capacity 59010K, committed 59136K, reserved 1099776K
  class space    used 7810K, capacity 8164K, committed 8192K, reserved 1048576K
}

Deoptimization events (10 events):
Event: 23.918 Thread 0x000000001aac7800 Uncommon trap: reason=unstable_if action=reinterpret pc=0x00000000033aa228 method=java.util.regex.Pattern$BmpCharProperty.match(Ljava/util/regex/Matcher;ILjava/lang/CharSequence;)Z @ 34
Event: 25.178 Thread 0x000000001aac7800 Uncommon trap: reason=unstable_if action=reinterpret pc=0x00000000040359c8 method=com.sun.org.apache.xerces.internal.impl.io.UTF8Reader.read([CII)I @ 131
Event: 25.180 Thread 0x000000001aac7800 Uncommon trap: reason=unstable_if action=reinterpret pc=0x0000000004021828 method=com.sun.org.apache.xerces.internal.impl.io.UTF8Reader.read([CII)I @ 131
Event: 25.181 Thread 0x000000001aac7800 Uncommon trap: reason=unstable_if action=reinterpret pc=0x0000000003fe3bf8 method=java.util.regex.Pattern$BitClass.isSatisfiedBy(I)Z @ 4
Event: 25.182 Thread 0x000000001aac7800 Uncommon trap: reason=unstable_if action=reinterpret pc=0x0000000003fe484c method=java.util.regex.Pattern$Ctype.isSatisfiedBy(I)Z @ 4
Event: 26.243 Thread 0x000000001aac7800 Uncommon trap: reason=unstable_if action=reinterpret pc=0x0000000003fc5434 method=com.sun.org.apache.xerces.internal.impl.XMLEntityScanner.checkBeforeLoad(Lcom/sun/xml/internal/stream/Entity$ScannedEntity;II)I @ 18
Event: 26.425 Thread 0x000000001aac7800 Uncommon trap: reason=unstable_if action=reinterpret pc=0x0000000003cca310 method=jdk.internal.org.objectweb.asm.Type.getArgumentsAndReturnSizes(Ljava/lang/String;)I @ 88
Event: 26.482 Thread 0x000000001aac7800 Uncommon trap: reason=unstable_if action=reinterpret pc=0x0000000003e18a98 method=com.google.gson.stream.JsonReader.doPeek()I @ 315
Event: 27.681 Thread 0x000000001aac7800 Uncommon trap: reason=unstable_if action=reinterpret pc=0x00000000033aca64 method=java.lang.String.lastIndexOf([CII[CIII)I @ 17
Event: 28.091 Thread 0x000000001aac7800 Uncommon trap: reason=unstable_if action=reinterpret pc=0x000000000422ea88 method=kotlin.reflect.jvm.internal.impl.protobuf.CodedInputStream.readRawVarint32()I @ 10

Classes redefined (0 events):
No events

Internal exceptions (10 events):
Event: 26.425 Thread 0x000000001aac7800 Exception <a 'java/lang/NoSuchMethodError': java.lang.Object.lambda$comparing$77a9974f$1(Ljava/util/function/Function;Ljava/lang/Object;Ljava/lang/Object;)I> (0x00000000e6f97830) thrown at [C:\re\workspace\8-2-build-windows-amd64-cygwin\jdk8u191\11896\hot
Event: 26.429 Thread 0x000000001aac7800 Exception <a 'java/lang/NoSuchMethodError': java.lang.Object.lambda$thenComparing$36697e65$1(Ljava/util/Comparator;Ljava/lang/Object;Ljava/lang/Object;)I> (0x00000000e6fa30a0) thrown at [C:\re\workspace\8-2-build-windows-amd64-cygwin\jdk8u191\11896\hotspo
Event: 26.536 Thread 0x000000001aac7800 Exception <a 'java/lang/NoSuchMethodError': java.lang.Object.lambda$maxBy$1(Ljava/util/Comparator;Ljava/lang/Object;Ljava/lang/Object;)Ljava/lang/Object;> (0x00000000e71812b8) thrown at [C:\re\workspace\8-2-build-windows-amd64-cygwin\jdk8u191\11896\hotspo
Event: 26.882 Thread 0x000000001aac7800 Exception <a 'sun/nio/fs/WindowsException'> (0x00000000e725da70) thrown at [C:\re\workspace\8-2-build-windows-amd64-cygwin\jdk8u191\11896\hotspot\src\share\vm\prims\jni.cpp, line 709]
Event: 27.207 Thread 0x000000001aac7800 Exception <a 'java/lang/ClassNotFoundException': org/gradle/api/plugins/internal/DefaultBasePluginConventionBeanInfo> (0x00000000e78cc680) thrown at [C:\re\workspace\8-2-build-windows-amd64-cygwin\jdk8u191\11896\hotspot\src\share\vm\classfile\systemDictio
Event: 27.208 Thread 0x000000001aac7800 Exception <a 'java/lang/ClassNotFoundException': org/gradle/api/plugins/BasePluginConventionBeanInfo> (0x00000000e78f3f28) thrown at [C:\re\workspace\8-2-build-windows-amd64-cygwin\jdk8u191\11896\hotspot\src\share\vm\classfile\systemDictionary.cpp, line 2
Event: 27.210 Thread 0x000000001aac7800 Exception <a 'java/lang/ClassNotFoundException': org/gradle/api/plugins/BasePluginConventionCustomizer> (0x00000000e791c1b0) thrown at [C:\re\workspace\8-2-build-windows-amd64-cygwin\jdk8u191\11896\hotspot\src\share\vm\classfile\systemDictionary.cpp, line
Event: 27.213 Thread 0x000000001aac7800 Exception <a 'java/lang/ClassNotFoundException': org/gradle/api/plugins/internal/DefaultBasePluginConventionCustomizer> (0x00000000e795de78) thrown at [C:\re\workspace\8-2-build-windows-amd64-cygwin\jdk8u191\11896\hotspot\src\share\vm\classfile\systemDict
Event: 27.233 Thread 0x000000001aac7800 Exception <a 'java/lang/NoSuchMethodError': java.lang.Object.lambda$comparingInt$7b0bb60$1(Ljava/util/function/ToIntFunction;Ljava/lang/Object;Ljava/lang/Object;)I> (0x00000000e79d5ce0) thrown at [C:\re\workspace\8-2-build-windows-amd64-cygwin\jdk8u191\11
Event: 27.236 Thread 0x000000001aac7800 Exception <a 'java/lang/NoSuchMethodError': java.lang.Object.lambda$comparing$ea9a8b3a$1(Ljava/util/Comparator;Ljava/util/function/Function;Ljava/lang/Object;Ljava/lang/Object;)I> (0x00000000e79e0078) thrown at [C:\re\workspace\8-2-build-windows-amd64-cyg

Events (10 events):
Event: 30.302 loading class com/android/build/gradle/internal/api/TestVariantImpl
Event: 30.302 loading class com/android/build/gradle/internal/api/TestVariantImpl done
Event: 30.304 loading class com/android/build/gradle/internal/api/ApkVariantImpl
Event: 30.304 loading class com/android/build/gradle/internal/api/ApkVariantImpl done
Event: 30.308 loading class com/android/build/gradle/internal/api/InstallableVariantImpl
Event: 30.308 loading class com/android/build/gradle/internal/api/InstallableVariantImpl done
Event: 30.311 loading class com/android/build/gradle/internal/api/AndroidArtifactVariantImpl
Event: 30.311 loading class com/android/build/gradle/internal/api/AndroidArtifactVariantImpl done
Event: 30.313 loading class com/android/build/gradle/internal/api/ApplicationVariantImpl
Event: 30.313 loading class com/android/build/gradle/internal/api/ApplicationVariantImpl done


Dynamic libraries:
0x00007ff64df80000 - 0x00007ff64dfb7000 	D:\Java\jdk1.8.0_191\bin\java.exe
0x00007ff8da820000 - 0x00007ff8da9f1000 	C:\Windows\SYSTEM32\ntdll.dll
0x00007ff8d7f70000 - 0x00007ff8d801b000 	C:\Windows\System32\KERNEL32.DLL
0x00007ff8d6de0000 - 0x00007ff8d6ffd000 	C:\Windows\System32\KERNELBASE.dll
0x00007ff8d90d0000 - 0x00007ff8d9172000 	C:\Windows\System32\ADVAPI32.dll
0x00007ff8d8ac0000 - 0x00007ff8d8b5e000 	C:\Windows\System32\msvcrt.dll
0x00007ff8da700000 - 0x00007ff8da759000 	C:\Windows\System32\sechost.dll
0x00007ff8d8020000 - 0x00007ff8d8141000 	C:\Windows\System32\RPCRT4.dll
0x00007ff8d8420000 - 0x00007ff8d8585000 	C:\Windows\System32\USER32.dll
0x00007ff8d6dc0000 - 0x00007ff8d6dde000 	C:\Windows\System32\win32u.dll
0x00007ff8d87d0000 - 0x00007ff8d8804000 	C:\Windows\System32\GDI32.dll
0x00007ff8d7a70000 - 0x00007ff8d7bf2000 	C:\Windows\System32\gdi32full.dll
0x00007ff8c9c20000 - 0x00007ff8c9e99000 	C:\Windows\WinSxS\amd64_microsoft.windows.common-controls_6595b64144ccf1df_6.0.14393.447_none_42191651c6827bb3\COMCTL32.dll
0x00007ff8d8150000 - 0x00007ff8d8418000 	C:\Windows\System32\combase.dll
0x00007ff8d7c00000 - 0x00007ff8d7cf5000 	C:\Windows\System32\ucrtbase.dll
0x00007ff8d7000000 - 0x00007ff8d706a000 	C:\Windows\System32\bcryptPrimitives.dll
0x00007ff8d87a0000 - 0x00007ff8d87ce000 	C:\Windows\System32\IMM32.DLL
0x0000000059780000 - 0x0000000059852000 	D:\Java\jdk1.8.0_191\jre\bin\msvcr100.dll
0x0000000058ed0000 - 0x0000000059774000 	D:\Java\jdk1.8.0_191\jre\bin\server\jvm.dll
0x00007ff8d8950000 - 0x00007ff8d8958000 	C:\Windows\System32\PSAPI.DLL
0x00007ff8d4e90000 - 0x00007ff8d4eb3000 	C:\Windows\SYSTEM32\WINMM.dll
0x00007ff8c80d0000 - 0x00007ff8c80d9000 	C:\Windows\SYSTEM32\WSOCK32.dll
0x00007ff8da690000 - 0x00007ff8da6fa000 	C:\Windows\System32\WS2_32.dll
0x00007ff8d4a60000 - 0x00007ff8d4a8b000 	C:\Windows\SYSTEM32\WINMMBASE.dll
0x00007ff8d7070000 - 0x00007ff8d70b2000 	C:\Windows\System32\cfgmgr32.dll
0x00007ff8ceb10000 - 0x00007ff8ceb1a000 	C:\Windows\SYSTEM32\VERSION.dll
0x0000000058ec0000 - 0x0000000058ecf000 	D:\Java\jdk1.8.0_191\jre\bin\verify.dll
0x0000000058e90000 - 0x0000000058eb9000 	D:\Java\jdk1.8.0_191\jre\bin\java.dll
0x0000000058e70000 - 0x0000000058e86000 	D:\Java\jdk1.8.0_191\jre\bin\zip.dll
0x00007ff8d9180000 - 0x00007ff8da689000 	C:\Windows\System32\SHELL32.dll
0x00007ff8d71c0000 - 0x00007ff8d789a000 	C:\Windows\System32\windows.storage.dll
0x00007ff8d6ca0000 - 0x00007ff8d6cec000 	C:\Windows\System32\powrprof.dll
0x00007ff8d8590000 - 0x00007ff8d85e2000 	C:\Windows\System32\shlwapi.dll
0x00007ff8d6cf0000 - 0x00007ff8d6cff000 	C:\Windows\System32\kernel.appcore.dll
0x00007ff8d7d00000 - 0x00007ff8d7da9000 	C:\Windows\System32\shcore.dll
0x00007ff8d6c80000 - 0x00007ff8d6c94000 	C:\Windows\System32\profapi.dll
0x0000000058e50000 - 0x0000000058e6a000 	D:\Java\jdk1.8.0_191\jre\bin\net.dll
0x00007ff8d6590000 - 0x00007ff8d65ec000 	C:\Windows\system32\mswsock.dll
0x0000000058e30000 - 0x0000000058e41000 	D:\Java\jdk1.8.0_191\jre\bin\nio.dll
0x00007ff8d1b30000 - 0x00007ff8d1b4e000 	C:\Users\Administrator\.gradle\native\25\windows-amd64\native-platform.dll
0x0000000058e20000 - 0x0000000058e2d000 	D:\Java\jdk1.8.0_191\jre\bin\management.dll
0x00007ff8d6730000 - 0x00007ff8d6747000 	C:\Windows\SYSTEM32\CRYPTSP.dll
0x00007ff8d61a0000 - 0x00007ff8d61d3000 	C:\Windows\system32\rsaenh.dll
0x00007ff8d6840000 - 0x00007ff8d686b000 	C:\Windows\SYSTEM32\bcrypt.dll
0x00007ff8d6410000 - 0x00007ff8d642f000 	C:\Windows\SYSTEM32\USERENV.dll
0x00007ff8d6750000 - 0x00007ff8d675b000 	C:\Windows\SYSTEM32\CRYPTBASE.dll
0x00007ff8d6320000 - 0x00007ff8d6358000 	C:\Windows\SYSTEM32\IPHLPAPI.DLL
0x00007ff8d8940000 - 0x00007ff8d8948000 	C:\Windows\System32\NSI.dll
0x00007ff8d2730000 - 0x00007ff8d2746000 	C:\Windows\SYSTEM32\dhcpcsvc6.DLL
0x00007ff8d2e80000 - 0x00007ff8d2e9a000 	C:\Windows\SYSTEM32\dhcpcsvc.DLL

VM Arguments:
jvm_args: -Xmx1536m -Dfile.encoding=GBK -Duser.country=CN -Duser.language=zh -Duser.variant 
java_command: org.gradle.launcher.daemon.bootstrap.GradleDaemon 5.1.1
java_class_path (initial): C:\Users\Administrator\.gradle\wrapper\dists\gradle-5.1.1-all\97z1ksx6lirer3kbvdnh7jtjg\gradle-5.1.1\lib\gradle-launcher-5.1.1.jar
Launcher Type: SUN_STANDARD

Environment Variables:
JAVA_HOME=D:\Java\jdk1.8.0_191
CLASSPATH=.;D:\Java\jdk1.8.0_191\lib;D:\Java\jdk1.8.0_191\lib\tools.jar;D:\apache-tomcat-8.0.53-windows-x64\apache-tomcat-8.0.53\lib\servlet-api.jar;.;D:\Java\jdk1.8.0_191\lib;D:\Java\jdk1.8.0_191\lib\tools.jar;D:\Java\jdk1.8.0_191\lib\mysql-connector-java-8.0.13.jar;D:\Java\sqlite-tools-win32-x86-3270200\sqlite-tools-win32-x86-3270200
PATH=C:\Program Files (x86)\Common Files\Oracle\Java\javapath;C:\Windows\system32;C:\Windows;C:\Windows\System32\Wbem;C:\Windows\System32\WindowsPowerShell\v1.0\;C:\VisTitle;C:\Program Files (x86)\NVIDIA Corporation\PhysX\Common;C:\Program Files (x86)\Microsoft SQL Server\100\Tools\Binn\;C:\Program Files\Microsoft SQL Server\100\Tools\Binn\;C:\Program Files\Microsoft SQL Server\100\DTS\Binn\;C:\Program Files (x86)\Microsoft SQL Server\100\Tools\Binn\VSShell\Common7\IDE\;C:\Program Files (x86)\Microsoft SQL Server\100\DTS\Binn\;C:\Program Files (x86)\Microsoft Visual Studio 9.0\Common7\IDE\PrivateAssemblies\;C:\Program Files (x86)\QuickTime\QTSystem\;C:\Android;C:\java\bin;D:\apache-tomcat-8.0.53-windows-x64\apache-tomcat-8.0.53\bin;D:\apache-tomcat-8.0.53-windows-x64\apache-tomcat-8.0.53\bin;D:\Java\jdk1.8.0_191\bin;C:\Program Files\MySQL\MySQL Server 8.0\bin;C:\Program Files\NVIDIA Corporation\NVIDIA NvDLISR;D:\Java\sqlite-tools-win32-x86-3270200\sqlite-tools-win32-x86-3270200;C:\Program Files\Git\cmd;C:\Users\Administrator\AppData\Local\GitHubDesktop\bin
USERNAME=Administrator
OS=Windows_NT
PROCESSOR_IDENTIFIER=Intel64 Family 6 Model 60 Stepping 3, GenuineIntel



---------------  S Y S T E M  ---------------

OS: Windows 10.0 , 64 bit Build 14393 (10.0.14393.0)

CPU:total 8 (initial active 8) (4 cores per cpu, 2 threads per core) family 6 model 60 stepping 3, cmov, cx8, fxsr, mmx, sse, sse2, sse3, ssse3, sse4.1, sse4.2, popcnt, avx, avx2, aes, clmul, erms, lzcnt, ht, tsc, tscinvbit, bmi1, bmi2

Memory: 4k page, physical 8036716k(879884k free), swap 8036716k(5620k free)

vm_info: Java HotSpot(TM) 64-Bit Server VM (25.191-b12) for windows-amd64 JRE (1.8.0_191-b12), built on Oct  6 2018 09:29:03 by "java_re" with MS VC++ 10.0 (VS2010)

time: Tue May 07 22:42:39 2019
elapsed time: 30 seconds (0d 0h 0m 30s)

