#
# There is insufficient memory for the Java Runtime Environment to continue.
# Native memory allocation (malloc) failed to allocate 32744 bytes for ChunkPool::allocate
# Possible reasons:
#   The system is out of physical RAM or swap space
#   In 32 bit mode, the process size limit was hit
# Possible solutions:
#   Reduce memory load on the system
#   Increase physical memory or swap space
#   Check if swap backing store is full
#   Use 64 bit Java on a 64 bit OS
#   Decrease Java heap size (-Xmx/-Xms)
#   Decrease number of Java threads
#   Decrease Java thread stack sizes (-Xss)
#   Set larger code cache with -XX:ReservedCodeCacheSize=
# This output file may be truncated or incomplete.
#
#  Out of Memory Error (allocation.cpp:273), pid=728, tid=0x00000000000010ec
#
# JRE version: Java(TM) SE Runtime Environment (8.0_191-b12) (build 1.8.0_191-b12)
# Java VM: Java HotSpot(TM) 64-Bit Server VM (25.191-b12 mixed mode windows-amd64 compressed oops)
# Failed to write core dump. Minidumps are not enabled by default on client versions of Windows
#

---------------  T H R E A D  ---------------

Current thread (0x0000000018f35000):  JavaThread "C2 CompilerThread2" daemon [_thread_in_native, id=4332, stack(0x00000000198a0000,0x00000000199a0000)]

Stack: [0x00000000198a0000,0x00000000199a0000]
[error occurred during error reporting (printing stack bounds), id 0xc0000005]

Native frames: (J=compiled Java code, j=interpreted, Vv=VM code, C=native code)


Current CompileTask:
C2:  15512 2485       4       java.net.URLClassLoader$1::run (5 bytes)


---------------  P R O C E S S  ---------------

Java Threads: ( => current thread )
  0x00000000190f2800 JavaThread "Cache worker for execution history cache (C:\Users\Administrator\.gradle\caches\5.1.1\executionHistory)" [_thread_blocked, id=6788, stack(0x00000000217c0000,0x00000000218c0000)]
  0x00000000190f4800 JavaThread "Cache worker for cache directory md-rule (C:\Users\Administrator\.gradle\caches\5.1.1\md-rule)" [_thread_blocked, id=1052, stack(0x00000000216c0000,0x00000000217c0000)]
  0x00000000190f3000 JavaThread "Cache worker for cache directory md-supplier (C:\Users\Administrator\.gradle\caches\5.1.1\md-supplier)" [_thread_blocked, id=12896, stack(0x00000000213b0000,0x00000000214b0000)]
  0x00000000190f6000 JavaThread "Cache worker for file hash cache (F:\JavaTest\car\.gradle\5.1.1\fileHashes)" [_thread_blocked, id=8524, stack(0x000000001e8b0000,0x000000001e9b0000)]
  0x00000000190f5800 JavaThread "Cache worker for journal cache (C:\Users\Administrator\.gradle\caches\journal-1)" [_thread_blocked, id=9828, stack(0x000000001d5e0000,0x000000001d6e0000)]
  0x00000000190f8800 JavaThread "File lock request listener" [_thread_in_native, id=5336, stack(0x000000001d4e0000,0x000000001d5e0000)]
  0x00000000190f7000 JavaThread "Cache worker for file hash cache (C:\Users\Administrator\.gradle\caches\5.1.1\fileHashes)" [_thread_blocked, id=3196, stack(0x000000001d3e0000,0x000000001d4e0000)]
  0x000000001b8cd000 JavaThread "Thread-9" [_thread_blocked, id=4712, stack(0x000000001d2e0000,0x000000001d3e0000)]
  0x000000001b8cf800 JavaThread "Stdin handler" [_thread_blocked, id=1528, stack(0x000000001d1e0000,0x000000001d2e0000)]
  0x000000001b8cf000 JavaThread "Asynchronous log dispatcher for DefaultDaemonConnection: socket connection from /127.0.0.1:51804 to /127.0.0.1:51805" [_thread_blocked, id=2144, stack(0x000000001cfe0000,0x000000001d0e0000)]
  0x000000001a380000 JavaThread "Daemon worker" [_thread_in_Java, id=4876, stack(0x000000001cee0000,0x000000001cfe0000)]
  0x000000001a382800 JavaThread "Cancel handler" [_thread_blocked, id=2364, stack(0x000000001cde0000,0x000000001cee0000)]
  0x000000001b207800 JavaThread "Handler for socket connection from /127.0.0.1:51804 to /127.0.0.1:51805" [_thread_in_native, id=13288, stack(0x000000001cae0000,0x000000001cbe0000)]
  0x000000001acf1000 JavaThread "Daemon" [_thread_blocked, id=13272, stack(0x000000001c9e0000,0x000000001cae0000)]
  0x000000001b637000 JavaThread "Daemon periodic checks" [_thread_blocked, id=7772, stack(0x000000001c8e0000,0x000000001c9e0000)]
  0x0000000019ead000 JavaThread "Incoming local TCP Connector on port 51804" [_thread_in_native, id=5820, stack(0x000000001c740000,0x000000001c840000)]
  0x000000001ab4a800 JavaThread "Daemon health stats" [_thread_blocked, id=4268, stack(0x000000001c440000,0x000000001c540000)]
  0x0000000018fcd000 JavaThread "Service Thread" daemon [_thread_blocked, id=1248, stack(0x0000000019aa0000,0x0000000019ba0000)]
  0x0000000018f3e000 JavaThread "C1 CompilerThread3" daemon [_thread_in_native, id=244, stack(0x00000000199a0000,0x0000000019aa0000)]
=>0x0000000018f35000 JavaThread "C2 CompilerThread2" daemon [_thread_in_native, id=4332, stack(0x00000000198a0000,0x00000000199a0000)]
  0x0000000018f30800 JavaThread "C2 CompilerThread1" daemon [_thread_blocked, id=3416, stack(0x00000000197a0000,0x00000000198a0000)]
  0x0000000018f2e000 JavaThread "C2 CompilerThread0" daemon [_thread_in_native, id=2816, stack(0x00000000196a0000,0x00000000197a0000)]
  0x0000000018f2c800 JavaThread "Attach Listener" daemon [_thread_blocked, id=888, stack(0x00000000195a0000,0x00000000196a0000)]
  0x0000000018ed9000 JavaThread "Signal Dispatcher" daemon [_thread_blocked, id=2480, stack(0x00000000194a0000,0x00000000195a0000)]
  0x00000000032f9000 JavaThread "Finalizer" daemon [_thread_blocked, id=1820, stack(0x00000000193a0000,0x00000000194a0000)]
  0x00000000170bd800 JavaThread "Reference Handler" daemon [_thread_blocked, id=3436, stack(0x00000000192a0000,0x00000000193a0000)]
  0x00000000031fe000 JavaThread "main" [_thread_blocked, id=6492, stack(0x0000000003070000,0x0000000003170000)]

Other Threads:
  0x00000000170b9000 VMThread [stack: 0x0000000018da0000,0x0000000018ea0000] [id=11956]
  0x0000000018fe1000 WatcherThread [stack: 0x0000000019ba0000,0x0000000019ca0000] [id=3484]

VM state:not at safepoint (normal execution)

VM Mutex/Monitor currently owned by a thread: None

Heap:
 PSYoungGen      total 73728K, used 57084K [0x00000000e0000000, 0x00000000e7200000, 0x0000000100000000)
  eden space 63488K, 76% used [0x00000000e0000000,0x00000000e2f41610,0x00000000e3e00000)
  from space 10240K, 84% used [0x00000000e3e00000,0x00000000e467da28,0x00000000e4800000)
  to   space 10752K, 0% used [0x00000000e6780000,0x00000000e6780000,0x00000000e7200000)
 ParOldGen       total 60416K, used 8519K [0x00000000a0000000, 0x00000000a3b00000, 0x00000000e0000000)
  object space 60416K, 14% used [0x00000000a0000000,0x00000000a0851e00,0x00000000a3b00000)
 Metaspace       used 32084K, capacity 32680K, committed 33152K, reserved 1077248K
  class space    used 4431K, capacity 4629K, committed 4736K, reserved 1048576K

Card table byte_map: [0x00000000126c0000,0x00000000129d0000] byte_map_base: 0x00000000121c0000

Marking Bits: (ParMarkBitMap*) 0x00000000596f3e30
 Begin Bits: [0x00000000133d0000, 0x0000000014bd0000)
 End Bits:   [0x0000000014bd0000, 0x00000000163d0000)

Polling page: 0x0000000001530000

CodeCache: size=245760Kb used=8784Kb max_used=8795Kb free=236975Kb
 bounds [0x0000000003300000, 0x0000000003ba0000, 0x0000000012300000]
 total_blobs=3062 nmethods=2360 adapters=614
 compilation: enabled

Compilation events (10 events):
Event: 15.443 Thread 0x0000000018f30800 nmethod 2577 0x0000000003b9d2d0 code [0x0000000003b9d420, 0x0000000003b9d4e8]
Event: 15.450 Thread 0x0000000018f30800 2578       4       java.io.FileInputStream::read (9 bytes)
Event: 15.452 Thread 0x0000000018f30800 nmethod 2578 0x0000000003b9d610 code [0x0000000003b9d760, 0x0000000003b9d7e8]
Event: 15.456 Thread 0x0000000018f30800 2579       4       org.gradle.internal.hash.Hashing$MessageDigestHasher::putBytes (15 bytes)
Event: 15.460 Thread 0x0000000018f30800 nmethod 2579 0x0000000003b9ce50 code [0x0000000003b9cfa0, 0x0000000003b9d0c8]
Event: 15.475 Thread 0x0000000018f3e000 2580       1       com.google.common.cache.LocalCache$StrongEntry::getHash (5 bytes)
Event: 15.475 Thread 0x0000000018f3e000 nmethod 2580 0x0000000003b93f50 code [0x0000000003b940a0, 0x0000000003b941b0]
Event: 15.482 Thread 0x0000000018f3e000 2581       3       java.lang.Math::min (12 bytes)
Event: 15.483 Thread 0x0000000018f3e000 nmethod 2581 0x0000000003b93bd0 code [0x0000000003b93d20, 0x0000000003b93eb0]
Event: 15.504 Thread 0x0000000018f30800 2582       4       sun.nio.fs.WindowsPathParser::isSlash (18 bytes)

GC Heap History (10 events):
Event: 7.572 GC heap before
{Heap before GC invocations=4 (full 0):
 PSYoungGen      total 36864K, used 36859K [0x00000000e0000000, 0x00000000e2900000, 0x0000000100000000)
  eden space 31744K, 100% used [0x00000000e0000000,0x00000000e1f00000,0x00000000e1f00000)
  from space 5120K, 99% used [0x00000000e1f00000,0x00000000e23fef00,0x00000000e2400000)
  to   space 5120K, 0% used [0x00000000e2400000,0x00000000e2400000,0x00000000e2900000)
 ParOldGen       total 84992K, used 1605K [0x00000000a0000000, 0x00000000a5300000, 0x00000000e0000000)
  object space 84992K, 1% used [0x00000000a0000000,0x00000000a0191480,0x00000000a5300000)
 Metaspace       used 15295K, capacity 15728K, committed 16000K, reserved 1062912K
  class space    used 2221K, capacity 2394K, committed 2432K, reserved 1048576K
Event: 7.592 GC heap after
Heap after GC invocations=4 (full 0):
 PSYoungGen      total 36864K, used 5096K [0x00000000e0000000, 0x00000000e4800000, 0x0000000100000000)
  eden space 31744K, 0% used [0x00000000e0000000,0x00000000e0000000,0x00000000e1f00000)
  from space 5120K, 99% used [0x00000000e2400000,0x00000000e28fa060,0x00000000e2900000)
  to   space 5120K, 0% used [0x00000000e1f00000,0x00000000e1f00000,0x00000000e2400000)
 ParOldGen       total 84992K, used 4480K [0x00000000a0000000, 0x00000000a5300000, 0x00000000e0000000)
  object space 84992K, 5% used [0x00000000a0000000,0x00000000a0460028,0x00000000a5300000)
 Metaspace       used 15295K, capacity 15728K, committed 16000K, reserved 1062912K
  class space    used 2221K, capacity 2394K, committed 2432K, reserved 1048576K
}
Event: 8.868 GC heap before
{Heap before GC invocations=5 (full 0):
 PSYoungGen      total 36864K, used 36840K [0x00000000e0000000, 0x00000000e4800000, 0x0000000100000000)
  eden space 31744K, 100% used [0x00000000e0000000,0x00000000e1f00000,0x00000000e1f00000)
  from space 5120K, 99% used [0x00000000e2400000,0x00000000e28fa060,0x00000000e2900000)
  to   space 5120K, 0% used [0x00000000e1f00000,0x00000000e1f00000,0x00000000e2400000)
 ParOldGen       total 84992K, used 4480K [0x00000000a0000000, 0x00000000a5300000, 0x00000000e0000000)
  object space 84992K, 5% used [0x00000000a0000000,0x00000000a0460028,0x00000000a5300000)
 Metaspace       used 18415K, capacity 18864K, committed 19072K, reserved 1064960K
  class space    used 2722K, capacity 2880K, committed 2944K, reserved 1048576K
Event: 8.894 GC heap after
Heap after GC invocations=5 (full 0):
 PSYoungGen      total 36864K, used 5096K [0x00000000e0000000, 0x00000000e5200000, 0x0000000100000000)
  eden space 31744K, 0% used [0x00000000e0000000,0x00000000e0000000,0x00000000e1f00000)
  from space 5120K, 99% used [0x00000000e1f00000,0x00000000e23fa050,0x00000000e2400000)
  to   space 10240K, 0% used [0x00000000e4800000,0x00000000e4800000,0x00000000e5200000)
 ParOldGen       total 84992K, used 8335K [0x00000000a0000000, 0x00000000a5300000, 0x00000000e0000000)
  object space 84992K, 9% used [0x00000000a0000000,0x00000000a0823f18,0x00000000a5300000)
 Metaspace       used 18415K, capacity 18864K, committed 19072K, reserved 1064960K
  class space    used 2722K, capacity 2880K, committed 2944K, reserved 1048576K
}
Event: 10.811 GC heap before
{Heap before GC invocations=6 (full 0):
 PSYoungGen      total 36864K, used 25148K [0x00000000e0000000, 0x00000000e5200000, 0x0000000100000000)
  eden space 31744K, 63% used [0x00000000e0000000,0x00000000e1395338,0x00000000e1f00000)
  from space 5120K, 99% used [0x00000000e1f00000,0x00000000e23fa050,0x00000000e2400000)
  to   space 10240K, 0% used [0x00000000e4800000,0x00000000e4800000,0x00000000e5200000)
 ParOldGen       total 84992K, used 8335K [0x00000000a0000000, 0x00000000a5300000, 0x00000000e0000000)
  object space 84992K, 9% used [0x00000000a0000000,0x00000000a0823f18,0x00000000a5300000)
 Metaspace       used 20634K, capacity 21146K, committed 21296K, reserved 1067008K
  class space    used 3018K, capacity 3185K, committed 3200K, reserved 1048576K
Event: 10.828 GC heap after
Heap after GC invocations=6 (full 0):
 PSYoungGen      total 73728K, used 7463K [0x00000000e0000000, 0x00000000e5200000, 0x0000000100000000)
  eden space 63488K, 0% used [0x00000000e0000000,0x00000000e0000000,0x00000000e3e00000)
  from space 10240K, 72% used [0x00000000e4800000,0x00000000e4f49e78,0x00000000e5200000)
  to   space 10240K, 0% used [0x00000000e3e00000,0x00000000e3e00000,0x00000000e4800000)
 ParOldGen       total 84992K, used 8343K [0x00000000a0000000, 0x00000000a5300000, 0x00000000e0000000)
  object space 84992K, 9% used [0x00000000a0000000,0x00000000a0825f18,0x00000000a5300000)
 Metaspace       used 20634K, capacity 21146K, committed 21296K, reserved 1067008K
  class space    used 3018K, capacity 3185K, committed 3200K, reserved 1048576K
}
Event: 10.828 GC heap before
{Heap before GC invocations=7 (full 1):
 PSYoungGen      total 73728K, used 7463K [0x00000000e0000000, 0x00000000e5200000, 0x0000000100000000)
  eden space 63488K, 0% used [0x00000000e0000000,0x00000000e0000000,0x00000000e3e00000)
  from space 10240K, 72% used [0x00000000e4800000,0x00000000e4f49e78,0x00000000e5200000)
  to   space 10240K, 0% used [0x00000000e3e00000,0x00000000e3e00000,0x00000000e4800000)
 ParOldGen       total 84992K, used 8343K [0x00000000a0000000, 0x00000000a5300000, 0x00000000e0000000)
  object space 84992K, 9% used [0x00000000a0000000,0x00000000a0825f18,0x00000000a5300000)
 Metaspace       used 20634K, capacity 21146K, committed 21296K, reserved 1067008K
  class space    used 3018K, capacity 3185K, committed 3200K, reserved 1048576K
Event: 10.947 GC heap after
Heap after GC invocations=7 (full 1):
 PSYoungGen      total 73728K, used 0K [0x00000000e0000000, 0x00000000e5200000, 0x0000000100000000)
  eden space 63488K, 0% used [0x00000000e0000000,0x00000000e0000000,0x00000000e3e00000)
  from space 10240K, 0% used [0x00000000e4800000,0x00000000e4800000,0x00000000e5200000)
  to   space 10240K, 0% used [0x00000000e3e00000,0x00000000e3e00000,0x00000000e4800000)
 ParOldGen       total 60416K, used 8511K [0x00000000a0000000, 0x00000000a3b00000, 0x00000000e0000000)
  object space 60416K, 14% used [0x00000000a0000000,0x00000000a084fe00,0x00000000a3b00000)
 Metaspace       used 20634K, capacity 21146K, committed 21296K, reserved 1067008K
  class space    used 3018K, capacity 3185K, committed 3200K, reserved 1048576K
}
Event: 13.834 GC heap before
{Heap before GC invocations=8 (full 1):
 PSYoungGen      total 73728K, used 63488K [0x00000000e0000000, 0x00000000e5200000, 0x0000000100000000)
  eden space 63488K, 100% used [0x00000000e0000000,0x00000000e3e00000,0x00000000e3e00000)
  from space 10240K, 0% used [0x00000000e4800000,0x00000000e4800000,0x00000000e5200000)
  to   space 10240K, 0% used [0x00000000e3e00000,0x00000000e3e00000,0x00000000e4800000)
 ParOldGen       total 60416K, used 8511K [0x00000000a0000000, 0x00000000a3b00000, 0x00000000e0000000)
  object space 60416K, 14% used [0x00000000a0000000,0x00000000a084fe00,0x00000000a3b00000)
 Metaspace       used 28982K, capacity 29548K, committed 29824K, reserved 1075200K
  class space    used 3900K, capacity 4101K, committed 4224K, reserved 1048576K
Event: 13.859 GC heap after
Heap after GC invocations=8 (full 1):
 PSYoungGen      total 73728K, used 8694K [0x00000000e0000000, 0x00000000e7200000, 0x0000000100000000)
  eden space 63488K, 0% used [0x00000000e0000000,0x00000000e0000000,0x00000000e3e00000)
  from space 10240K, 84% used [0x00000000e3e00000,0x00000000e467da28,0x00000000e4800000)
  to   space 10752K, 0% used [0x00000000e6780000,0x00000000e6780000,0x00000000e7200000)
 ParOldGen       total 60416K, used 8519K [0x00000000a0000000, 0x00000000a3b00000, 0x00000000e0000000)
  object space 60416K, 14% used [0x00000000a0000000,0x00000000a0851e00,0x00000000a3b00000)
 Metaspace       used 28982K, capacity 29548K, committed 29824K, reserved 1075200K
  class space    used 3900K, capacity 4101K, committed 4224K, reserved 1048576K
}

Deoptimization events (10 events):
Event: 13.088 Thread 0x000000001a380000 Uncommon trap: reason=unstable_if action=reinterpret pc=0x00000000039deab4 method=java.lang.String.regionMatches(ZILjava/lang/String;II)Z @ 41
Event: 13.186 Thread 0x000000001a380000 Uncommon trap: reason=class_check action=maybe_recompile pc=0x000000000398c264 method=sun.misc.URLClassPath.getLoader(I)Lsun/misc/URLClassPath$Loader; @ 239
Event: 13.186 Thread 0x000000001a380000 Uncommon trap: reason=unstable_if action=reinterpret pc=0x000000000347b0a8 method=java.lang.String.regionMatches(ZILjava/lang/String;II)Z @ 41
Event: 13.227 Thread 0x000000001a380000 Uncommon trap: reason=class_check action=maybe_recompile pc=0x000000000398c264 method=sun.misc.URLClassPath.getLoader(I)Lsun/misc/URLClassPath$Loader; @ 239
Event: 13.330 Thread 0x000000001a380000 Uncommon trap: reason=class_check action=maybe_recompile pc=0x000000000398c264 method=sun.misc.URLClassPath.getLoader(I)Lsun/misc/URLClassPath$Loader; @ 239
Event: 13.563 Thread 0x000000001a380000 Uncommon trap: reason=class_check action=maybe_recompile pc=0x0000000003989870 method=sun.misc.URLClassPath.getLoader(I)Lsun/misc/URLClassPath$Loader; @ 239
Event: 13.665 Thread 0x000000001a380000 Uncommon trap: reason=unstable_if action=reinterpret pc=0x00000000037a9630 method=java.util.HashMap.hash(Ljava/lang/Object;)I @ 1
Event: 13.894 Thread 0x000000001a380000 Uncommon trap: reason=unstable_if action=reinterpret pc=0x00000000035c48cc method=java.io.WinNTFileSystem.resolve(Ljava/lang/String;Ljava/lang/String;)Ljava/lang/String; @ 49
Event: 14.688 Thread 0x000000001a380000 Uncommon trap: reason=unstable_if action=reinterpret pc=0x00000000035345d0 method=java.util.HashMap.getNode(ILjava/lang/Object;)Ljava/util/HashMap$Node; @ 129
Event: 14.783 Thread 0x000000001a380000 Uncommon trap: reason=unstable_if action=reinterpret pc=0x0000000003b40aec method=org.objectweb.asm.Type.appendDescriptor(Ljava/lang/Class;Ljava/lang/StringBuilder;)V @ 6

Classes redefined (0 events):
No events

Internal exceptions (10 events):
Event: 13.365 Thread 0x000000001a380000 Exception <a 'java/lang/ClassNotFoundException': groovy/lang/Closure$1Customizer> (0x00000000e2d1bb20) thrown at [C:\re\workspace\8-2-build-windows-amd64-cygwin\jdk8u191\11896\hotspot\src\share\vm\classfile\systemDictionary.cpp, line 210]
Event: 13.557 Thread 0x000000001a380000 Exception <a 'java/lang/ClassNotFoundException': org/gradle/internal/metaobject/ConfigureDelegateBeanInfo> (0x00000000e319e050) thrown at [C:\re\workspace\8-2-build-windows-amd64-cygwin\jdk8u191\11896\hotspot\src\share\vm\classfile\systemDictionary.cpp, l
Event: 13.559 Thread 0x000000001a380000 Exception <a 'java/lang/ClassNotFoundException': org/gradle/internal/metaobject/ConfigureDelegateCustomizer> (0x00000000e31c8ee8) thrown at [C:\re\workspace\8-2-build-windows-amd64-cygwin\jdk8u191\11896\hotspot\src\share\vm\classfile\systemDictionary.cpp,
Event: 13.574 Thread 0x000000001a380000 Exception <a 'java/lang/ClassNotFoundException': org/gradle/api/internal/initialization/DefaultScriptHandlerBeanInfo> (0x00000000e324f700) thrown at [C:\re\workspace\8-2-build-windows-amd64-cygwin\jdk8u191\11896\hotspot\src\share\vm\classfile\systemDictio
Event: 13.576 Thread 0x000000001a380000 Exception <a 'java/lang/ClassNotFoundException': org/gradle/api/internal/initialization/DefaultScriptHandlerCustomizer> (0x00000000e3281250) thrown at [C:\re\workspace\8-2-build-windows-amd64-cygwin\jdk8u191\11896\hotspot\src\share\vm\classfile\systemDict
Event: 13.665 Thread 0x000000001a380000 Implicit null exception at 0x00000000037a9415 to 0x00000000037a9621
Event: 14.542 Thread 0x000000001a380000 Exception <a 'java/lang/ClassNotFoundException': org/gradle/api/internal/artifacts/dsl/dependencies/DefaultDependencyHandler_DecoratedBeanInfo> (0x00000000e188a1c8) thrown at [C:\re\workspace\8-2-build-windows-amd64-cygwin\jdk8u191\11896\hotspot\src\share
Event: 14.544 Thread 0x000000001a380000 Exception <a 'java/lang/ClassNotFoundException': org/gradle/api/internal/artifacts/dsl/dependencies/DefaultDependencyHandlerBeanInfo> (0x00000000e18dde88) thrown at [C:\re\workspace\8-2-build-windows-amd64-cygwin\jdk8u191\11896\hotspot\src\share\vm\classf
Event: 14.546 Thread 0x000000001a380000 Exception <a 'java/lang/ClassNotFoundException': org/gradle/api/internal/artifacts/dsl/dependencies/DefaultDependencyHandlerCustomizer> (0x00000000e1932aa8) thrown at [C:\re\workspace\8-2-build-windows-amd64-cygwin\jdk8u191\11896\hotspot\src\share\vm\clas
Event: 14.555 Thread 0x000000001a380000 Exception <a 'java/lang/ClassNotFoundException': org/gradle/api/internal/artifacts/dsl/dependencies/DefaultDependencyHandler_DecoratedCustomizer> (0x00000000e19b55d0) thrown at [C:\re\workspace\8-2-build-windows-amd64-cygwin\jdk8u191\11896\hotspot\src\sha

Events (10 events):
Event: 15.227 loading class org/gradle/api/internal/artifacts/ResolveArtifactsBuildOperationType$Result
Event: 15.227 loading class org/gradle/api/internal/artifacts/ResolveArtifactsBuildOperationType$Result done
Event: 15.228 loading class org/gradle/api/internal/artifacts/ResolveArtifactsBuildOperationType$1
Event: 15.228 loading class org/gradle/api/internal/artifacts/ResolveArtifactsBuildOperationType$1 done
Event: 15.230 loading class org/gradle/composite/internal/CompositeProjectComponentArtifactMetadata
Event: 15.230 loading class org/gradle/composite/internal/CompositeProjectComponentArtifactMetadata done
Event: 15.232 loading class org/gradle/internal/component/local/model/LocalComponentArtifactMetadata
Event: 15.232 loading class org/gradle/internal/component/local/model/LocalComponentArtifactMetadata done
Event: 15.234 loading class org/gradle/api/internal/artifacts/ivyservice/ResolvedFilesCollectingVisitor
Event: 15.234 loading class org/gradle/api/internal/artifacts/ivyservice/ResolvedFilesCollectingVisitor done


Dynamic libraries:
0x00007ff64df80000 - 0x00007ff64dfb7000 	D:\Java\jdk1.8.0_191\bin\java.exe
0x00007ff8da820000 - 0x00007ff8da9f1000 	C:\Windows\SYSTEM32\ntdll.dll
0x00007ff8d7f70000 - 0x00007ff8d801b000 	C:\Windows\System32\KERNEL32.DLL
0x00007ff8d6de0000 - 0x00007ff8d6ffd000 	C:\Windows\System32\KERNELBASE.dll
0x00007ff8d90d0000 - 0x00007ff8d9172000 	C:\Windows\System32\ADVAPI32.dll
0x00007ff8d8ac0000 - 0x00007ff8d8b5e000 	C:\Windows\System32\msvcrt.dll
0x00007ff8da700000 - 0x00007ff8da759000 	C:\Windows\System32\sechost.dll
0x00007ff8d8020000 - 0x00007ff8d8141000 	C:\Windows\System32\RPCRT4.dll
0x00007ff8d8420000 - 0x00007ff8d8585000 	C:\Windows\System32\USER32.dll
0x00007ff8d6dc0000 - 0x00007ff8d6dde000 	C:\Windows\System32\win32u.dll
0x00007ff8d87d0000 - 0x00007ff8d8804000 	C:\Windows\System32\GDI32.dll
0x00007ff8d7a70000 - 0x00007ff8d7bf2000 	C:\Windows\System32\gdi32full.dll
0x00007ff8c9c20000 - 0x00007ff8c9e99000 	C:\Windows\WinSxS\amd64_microsoft.windows.common-controls_6595b64144ccf1df_6.0.14393.447_none_42191651c6827bb3\COMCTL32.dll
0x00007ff8d8150000 - 0x00007ff8d8418000 	C:\Windows\System32\combase.dll
0x00007ff8d7c00000 - 0x00007ff8d7cf5000 	C:\Windows\System32\ucrtbase.dll
0x00007ff8d7000000 - 0x00007ff8d706a000 	C:\Windows\System32\bcryptPrimitives.dll
0x00007ff8d87a0000 - 0x00007ff8d87ce000 	C:\Windows\System32\IMM32.DLL
0x0000000059780000 - 0x0000000059852000 	D:\Java\jdk1.8.0_191\jre\bin\msvcr100.dll
0x0000000058ed0000 - 0x0000000059774000 	D:\Java\jdk1.8.0_191\jre\bin\server\jvm.dll
0x00007ff8d8950000 - 0x00007ff8d8958000 	C:\Windows\System32\PSAPI.DLL
0x00007ff8d4e90000 - 0x00007ff8d4eb3000 	C:\Windows\SYSTEM32\WINMM.dll
0x00007ff8c80d0000 - 0x00007ff8c80d9000 	C:\Windows\SYSTEM32\WSOCK32.dll
0x00007ff8ceb10000 - 0x00007ff8ceb1a000 	C:\Windows\SYSTEM32\VERSION.dll
0x00007ff8da690000 - 0x00007ff8da6fa000 	C:\Windows\System32\WS2_32.dll
0x00007ff8d4a60000 - 0x00007ff8d4a8b000 	C:\Windows\SYSTEM32\WINMMBASE.dll
0x00007ff8d7070000 - 0x00007ff8d70b2000 	C:\Windows\System32\cfgmgr32.dll
0x0000000058ec0000 - 0x0000000058ecf000 	D:\Java\jdk1.8.0_191\jre\bin\verify.dll
0x0000000058e90000 - 0x0000000058eb9000 	D:\Java\jdk1.8.0_191\jre\bin\java.dll
0x0000000058e70000 - 0x0000000058e86000 	D:\Java\jdk1.8.0_191\jre\bin\zip.dll
0x00007ff8d9180000 - 0x00007ff8da689000 	C:\Windows\System32\SHELL32.dll
0x00007ff8d71c0000 - 0x00007ff8d789a000 	C:\Windows\System32\windows.storage.dll
0x00007ff8d6ca0000 - 0x00007ff8d6cec000 	C:\Windows\System32\powrprof.dll
0x00007ff8d8590000 - 0x00007ff8d85e2000 	C:\Windows\System32\shlwapi.dll
0x00007ff8d6cf0000 - 0x00007ff8d6cff000 	C:\Windows\System32\kernel.appcore.dll
0x00007ff8d7d00000 - 0x00007ff8d7da9000 	C:\Windows\System32\shcore.dll
0x00007ff8d6c80000 - 0x00007ff8d6c94000 	C:\Windows\System32\profapi.dll
0x0000000058e50000 - 0x0000000058e6a000 	D:\Java\jdk1.8.0_191\jre\bin\net.dll
0x00007ff8d6590000 - 0x00007ff8d65ec000 	C:\Windows\system32\mswsock.dll
0x0000000058e30000 - 0x0000000058e41000 	D:\Java\jdk1.8.0_191\jre\bin\nio.dll
0x00007ff8d1b30000 - 0x00007ff8d1b4e000 	C:\Users\Administrator\.gradle\native\25\windows-amd64\native-platform.dll
0x0000000058e20000 - 0x0000000058e2d000 	D:\Java\jdk1.8.0_191\jre\bin\management.dll
0x00007ff8d6730000 - 0x00007ff8d6747000 	C:\Windows\SYSTEM32\CRYPTSP.dll
0x00007ff8d61a0000 - 0x00007ff8d61d3000 	C:\Windows\system32\rsaenh.dll
0x00007ff8d6840000 - 0x00007ff8d686b000 	C:\Windows\SYSTEM32\bcrypt.dll
0x00007ff8d6410000 - 0x00007ff8d642f000 	C:\Windows\SYSTEM32\USERENV.dll
0x00007ff8d6750000 - 0x00007ff8d675b000 	C:\Windows\SYSTEM32\CRYPTBASE.dll
0x00007ff8d6320000 - 0x00007ff8d6358000 	C:\Windows\SYSTEM32\IPHLPAPI.DLL
0x00007ff8d8940000 - 0x00007ff8d8948000 	C:\Windows\System32\NSI.dll
0x00007ff8d2730000 - 0x00007ff8d2746000 	C:\Windows\SYSTEM32\dhcpcsvc6.DLL
0x00007ff8d2e80000 - 0x00007ff8d2e9a000 	C:\Windows\SYSTEM32\dhcpcsvc.DLL

VM Arguments:
jvm_args: -Xmx1536m -Dfile.encoding=GBK -Duser.country=CN -Duser.language=zh -Duser.variant 
java_command: org.gradle.launcher.daemon.bootstrap.GradleDaemon 5.1.1
java_class_path (initial): C:\Users\Administrator\.gradle\wrapper\dists\gradle-5.1.1-all\97z1ksx6lirer3kbvdnh7jtjg\gradle-5.1.1\lib\gradle-launcher-5.1.1.jar
Launcher Type: SUN_STANDARD

Environment Variables:
JAVA_HOME=D:\Java\jdk1.8.0_191
CLASSPATH=.;D:\Java\jdk1.8.0_191\lib;D:\Java\jdk1.8.0_191\lib\tools.jar;D:\apache-tomcat-8.0.53-windows-x64\apache-tomcat-8.0.53\lib\servlet-api.jar;.;D:\Java\jdk1.8.0_191\lib;D:\Java\jdk1.8.0_191\lib\tools.jar;D:\Java\jdk1.8.0_191\lib\mysql-connector-java-8.0.13.jar;D:\Java\sqlite-tools-win32-x86-3270200\sqlite-tools-win32-x86-3270200
PATH=C:\Program Files (x86)\Common Files\Oracle\Java\javapath;C:\Windows\system32;C:\Windows;C:\Windows\System32\Wbem;C:\Windows\System32\WindowsPowerShell\v1.0\;C:\VisTitle;C:\Program Files (x86)\NVIDIA Corporation\PhysX\Common;C:\Program Files (x86)\Microsoft SQL Server\100\Tools\Binn\;C:\Program Files\Microsoft SQL Server\100\Tools\Binn\;C:\Program Files\Microsoft SQL Server\100\DTS\Binn\;C:\Program Files (x86)\Microsoft SQL Server\100\Tools\Binn\VSShell\Common7\IDE\;C:\Program Files (x86)\Microsoft SQL Server\100\DTS\Binn\;C:\Program Files (x86)\Microsoft Visual Studio 9.0\Common7\IDE\PrivateAssemblies\;C:\Program Files (x86)\QuickTime\QTSystem\;C:\Android;C:\java\bin;D:\apache-tomcat-8.0.53-windows-x64\apache-tomcat-8.0.53\bin;D:\apache-tomcat-8.0.53-windows-x64\apache-tomcat-8.0.53\bin;D:\Java\jdk1.8.0_191\bin;C:\Program Files\MySQL\MySQL Server 8.0\bin;C:\Program Files\NVIDIA Corporation\NVIDIA NvDLISR;D:\Java\sqlite-tools-win32-x86-3270200\sqlite-tools-win32-x86-3270200;C:\Program Files\Git\cmd;C:\Users\Administrator\AppData\Local\GitHubDesktop\bin
USERNAME=Administrator
OS=Windows_NT
PROCESSOR_IDENTIFIER=Intel64 Family 6 Model 60 Stepping 3, GenuineIntel



---------------  S Y S T E M  ---------------

OS: Windows 10.0 , 64 bit Build 14393 (10.0.14393.0)

CPU:total 8 (initial active 8) (4 cores per cpu, 2 threads per core) family 6 model 60 stepping 3, cmov, cx8, fxsr, mmx, sse, sse2, sse3, ssse3, sse4.1, sse4.2, popcnt, avx, avx2, aes, clmul, erms, lzcnt, ht, tsc, tscinvbit, bmi1, bmi2

Memory: 4k page, physical 8036716k(866744k free), swap 8036716k(4084k free)

vm_info: Java HotSpot(TM) 64-Bit Server VM (25.191-b12) for windows-amd64 JRE (1.8.0_191-b12), built on Oct  6 2018 09:29:03 by "java_re" with MS VC++ 10.0 (VS2010)

time: Tue May 07 22:49:47 2019
elapsed time: 15 seconds (0d 0h 0m 15s)

