#
# There is insufficient memory for the Java Runtime Environment to continue.
# Native memory allocation (malloc) failed to allocate 1412816 bytes for Chunk::new
# Possible reasons:
#   The system is out of physical RAM or swap space
#   In 32 bit mode, the process size limit was hit
# Possible solutions:
#   Reduce memory load on the system
#   Increase physical memory or swap space
#   Check if swap backing store is full
#   Use 64 bit Java on a 64 bit OS
#   Decrease Java heap size (-Xmx/-Xms)
#   Decrease number of Java threads
#   Decrease Java thread stack sizes (-Xss)
#   Set larger code cache with -XX:ReservedCodeCacheSize=
# This output file may be truncated or incomplete.
#
#  Out of Memory Error (allocation.cpp:390), pid=1592, tid=0x00000000000033d8
#
# JRE version: Java(TM) SE Runtime Environment (8.0_191-b12) (build 1.8.0_191-b12)
# Java VM: Java HotSpot(TM) 64-Bit Server VM (25.191-b12 mixed mode windows-amd64 compressed oops)
# Failed to write core dump. Minidumps are not enabled by default on client versions of Windows
#

---------------  T H R E A D  ---------------

Current thread (0x0000000018f9e000):  JavaThread "C2 CompilerThread0" daemon [_thread_in_native, id=13272, stack(0x0000000019710000,0x0000000019810000)]

Stack: [0x0000000019710000,0x0000000019810000]
[error occurred during error reporting (printing stack bounds), id 0xc0000005]

Native frames: (J=compiled Java code, j=interpreted, Vv=VM code, C=native code)


Current CompileTask:
C2:  38877 5690       4       java.io.ObjectOutputStream::writeClassDesc (60 bytes)


---------------  P R O C E S S  ---------------

Java Threads: ( => current thread )
  0x000000001af79000 JavaThread "Memory manager" [_thread_blocked, id=10192, stack(0x00000000261b0000,0x00000000262b0000)]
  0x000000001af76000 JavaThread "Cache worker for Build Output Cleanup Cache (F:\JavaTest\car\.gradle\buildOutputCleanup)" [_thread_blocked, id=7756, stack(0x0000000024e60000,0x0000000024f60000)]
  0x000000001af75000 JavaThread "Build operations Thread 8" [_thread_blocked, id=6596, stack(0x0000000024760000,0x0000000024860000)]
  0x000000001af6b800 JavaThread "Build operations Thread 7" [_thread_blocked, id=7916, stack(0x0000000024660000,0x0000000024760000)]
  0x000000001af72000 JavaThread "Build operations Thread 6" [_thread_blocked, id=7432, stack(0x0000000024560000,0x0000000024660000)]
  0x000000001af6a800 JavaThread "Build operations Thread 5" [_thread_blocked, id=7804, stack(0x0000000024460000,0x0000000024560000)]
  0x000000001af71800 JavaThread "Build operations Thread 4" [_thread_blocked, id=7956, stack(0x00000000232d0000,0x00000000233d0000)]
  0x000000001af6f000 JavaThread "Build operations Thread 3" [_thread_blocked, id=7976, stack(0x0000000022190000,0x0000000022290000)]
  0x000000001af70800 JavaThread "Build operations Thread 2" [_thread_blocked, id=7656, stack(0x0000000022090000,0x0000000022190000)]
  0x000000001af6d800 JavaThread "Build operations" [_thread_blocked, id=3112, stack(0x0000000021cc0000,0x0000000021dc0000)]
  0x000000001af6c000 JavaThread "Cache worker for execution history cache (C:\Users\Administrator\.gradle\caches\5.1.1\executionHistory)" [_thread_blocked, id=2636, stack(0x0000000021690000,0x0000000021790000)]
  0x000000001af6e800 JavaThread "Cache worker for cache directory md-rule (C:\Users\Administrator\.gradle\caches\5.1.1\md-rule)" [_thread_blocked, id=4404, stack(0x0000000021590000,0x0000000021690000)]
  0x000000001af6d000 JavaThread "Cache worker for cache directory md-supplier (C:\Users\Administrator\.gradle\caches\5.1.1\md-supplier)" [_thread_blocked, id=9588, stack(0x0000000021490000,0x0000000021590000)]
  0x000000001ac02000 JavaThread "Cache worker for file hash cache (F:\JavaTest\car\.gradle\5.1.1\fileHashes)" [_thread_blocked, id=4268, stack(0x000000001e950000,0x000000001ea50000)]
  0x000000001ac00800 JavaThread "Cache worker for journal cache (C:\Users\Administrator\.gradle\caches\journal-1)" [_thread_blocked, id=13012, stack(0x000000001d680000,0x000000001d780000)]
  0x000000001abff800 JavaThread "File lock request listener" [_thread_in_native, id=6832, stack(0x000000001d580000,0x000000001d680000)]
  0x000000001ac04000 JavaThread "Cache worker for file hash cache (C:\Users\Administrator\.gradle\caches\5.1.1\fileHashes)" [_thread_blocked, id=6248, stack(0x000000001d480000,0x000000001d580000)]
  0x000000001a210000 JavaThread "Thread-9" [_thread_blocked, id=1996, stack(0x000000001d380000,0x000000001d480000)]
  0x0000000019209000 JavaThread "Stdin handler" [_thread_blocked, id=3192, stack(0x000000001d280000,0x000000001d380000)]
  0x0000000019205000 JavaThread "Asynchronous log dispatcher for DefaultDaemonConnection: socket connection from /127.0.0.1:51504 to /127.0.0.1:51505" [_thread_blocked, id=2132, stack(0x000000001d080000,0x000000001d180000)]
  0x000000001a315000 JavaThread "Daemon worker" [_thread_in_Java, id=6820, stack(0x000000001cf80000,0x000000001d080000)]
  0x000000001a31a000 JavaThread "Cancel handler" [_thread_blocked, id=1728, stack(0x000000001ce80000,0x000000001cf80000)]
  0x000000001b52f800 JavaThread "Handler for socket connection from /127.0.0.1:51504 to /127.0.0.1:51505" [_thread_in_native, id=2372, stack(0x000000001cb80000,0x000000001cc80000)]
  0x000000001b04f800 JavaThread "Daemon" [_thread_blocked, id=13108, stack(0x000000001ca80000,0x000000001cb80000)]
  0x000000001b2f3000 JavaThread "Daemon periodic checks" [_thread_blocked, id=11520, stack(0x000000001c980000,0x000000001ca80000)]
  0x000000001abd1800 JavaThread "Incoming local TCP Connector on port 51504" [_thread_in_native, id=5964, stack(0x000000001c7e0000,0x000000001c8e0000)]
  0x000000001ac8d800 JavaThread "Daemon health stats" [_thread_blocked, id=12748, stack(0x000000001c4c0000,0x000000001c5c0000)]
  0x000000001903c800 JavaThread "Service Thread" daemon [_thread_blocked, id=13000, stack(0x0000000019b10000,0x0000000019c10000)]
  0x0000000018fb1800 JavaThread "C1 CompilerThread3" daemon [_thread_blocked, id=1240, stack(0x0000000019a10000,0x0000000019b10000)]
  0x0000000018fa4000 JavaThread "C2 CompilerThread2" daemon [_thread_in_native, id=3200, stack(0x0000000019910000,0x0000000019a10000)]
  0x0000000018fa2000 JavaThread "C2 CompilerThread1" daemon [_thread_in_native, id=920, stack(0x0000000019810000,0x0000000019910000)]
=>0x0000000018f9e000 JavaThread "C2 CompilerThread0" daemon [_thread_in_native, id=13272, stack(0x0000000019710000,0x0000000019810000)]
  0x0000000018f9c800 JavaThread "Attach Listener" daemon [_thread_blocked, id=1256, stack(0x0000000019610000,0x0000000019710000)]
  0x0000000018f49000 JavaThread "Signal Dispatcher" daemon [_thread_blocked, id=2824, stack(0x0000000019510000,0x0000000019610000)]
  0x0000000003379000 JavaThread "Finalizer" daemon [_thread_blocked, id=12432, stack(0x0000000019410000,0x0000000019510000)]
  0x000000001713d800 JavaThread "Reference Handler" daemon [_thread_blocked, id=1540, stack(0x0000000019310000,0x0000000019410000)]
  0x000000000317e000 JavaThread "main" [_thread_blocked, id=5968, stack(0x0000000003180000,0x0000000003280000)]

Other Threads:
  0x0000000017139000 VMThread [stack: 0x0000000018e10000,0x0000000018f10000] [id=8784]
  0x0000000018fc6000 WatcherThread [stack: 0x0000000019c10000,0x0000000019d10000] [id=12192]

VM state:not at safepoint (normal execution)

VM Mutex/Monitor currently owned by a thread: None

Heap:
 PSYoungGen      total 239104K, used 59053K [0x00000000e0000000, 0x00000000f1180000, 0x0000000100000000)
  eden space 219136K, 26% used [0x00000000e0000000,0x00000000e39ab5d8,0x00000000ed600000)
  from space 19968K, 0% used [0x00000000eec00000,0x00000000eec00000,0x00000000eff80000)
  to   space 22528K, 0% used [0x00000000ed600000,0x00000000ed600000,0x00000000eec00000)
 ParOldGen       total 115200K, used 32551K [0x00000000a0000000, 0x00000000a7080000, 0x00000000e0000000)
  object space 115200K, 28% used [0x00000000a0000000,0x00000000a1fc9fa0,0x00000000a7080000)
 Metaspace       used 60460K, capacity 62296K, committed 62464K, reserved 1103872K
  class space    used 8452K, capacity 8882K, committed 8960K, reserved 1048576K

Card table byte_map: [0x0000000012740000,0x0000000012a50000] byte_map_base: 0x0000000012240000

Marking Bits: (ParMarkBitMap*) 0x00000000596f3e30
 Begin Bits: [0x0000000013450000, 0x0000000014c50000)
 End Bits:   [0x0000000014c50000, 0x0000000016450000)

Polling page: 0x0000000002d50000

CodeCache: size=245760Kb used=17370Kb max_used=17382Kb free=228389Kb
 bounds [0x0000000003380000, 0x0000000004490000, 0x0000000012380000]
 total_blobs=6033 nmethods=5238 adapters=706
 compilation: enabled

Compilation events (10 events):
Event: 38.796 Thread 0x0000000018fb1800 5839       3       java.util.stream.AbstractPipeline::wrapSink (37 bytes)
Event: 38.797 Thread 0x0000000018fb1800 nmethod 5839 0x000000000446dd50 code [0x000000000446dee0, 0x000000000446e318]
Event: 38.797 Thread 0x0000000018fb1800 5838       3       java.util.stream.AbstractPipeline::<init> (55 bytes)
Event: 38.798 Thread 0x0000000018fb1800 nmethod 5838 0x000000000446d890 code [0x000000000446da00, 0x000000000446dc70]
Event: 38.798 Thread 0x0000000018fb1800 5840       3       java.util.stream.AbstractPipeline::copyInto (53 bytes)
Event: 38.798 Thread 0x0000000018fb1800 nmethod 5840 0x0000000004478ad0 code [0x0000000004478cc0, 0x0000000004479558]
Event: 38.803 Thread 0x0000000018fb1800 5841       3       org.gradle.api.internal.AsmBackedClassGenerator$ClassBuilderImpl$7::add (137 bytes)
Event: 38.804 Thread 0x0000000018fb1800 nmethod 5841 0x00000000044797d0 code [0x0000000004479a60, 0x000000000447ab98]
Event: 38.820 Thread 0x0000000018fa2000 nmethod 5820 0x000000000447cdd0 code [0x000000000447d100, 0x000000000447e540]
Event: 38.820 Thread 0x0000000018fa2000 5833       4       org.gradle.internal.reflect.PropertyAccessorType::propertyNameFor (9 bytes)

GC Heap History (10 events):
Event: 21.527 GC heap before
{Heap before GC invocations=7 (full 1):
 PSYoungGen      total 132096K, used 64805K [0x00000000e0000000, 0x00000000eca00000, 0x0000000100000000)
  eden space 126976K, 47% used [0x00000000e0000000,0x00000000e3a4d460,0x00000000e7c00000)
  from space 5120K, 99% used [0x00000000e7c00000,0x00000000e80fc010,0x00000000e8100000)
  to   space 16384K, 0% used [0x00000000eba00000,0x00000000eba00000,0x00000000eca00000)
 ParOldGen       total 71168K, used 19708K [0x00000000a0000000, 0x00000000a4580000, 0x00000000e0000000)
  object space 71168K, 27% used [0x00000000a0000000,0x00000000a133f140,0x00000000a4580000)
 Metaspace       used 34684K, capacity 35478K, committed 35496K, reserved 1079296K
  class space    used 4896K, capacity 5110K, committed 5120K, reserved 1048576K
Event: 21.549 GC heap after
Heap after GC invocations=7 (full 1):
 PSYoungGen      total 189440K, used 9885K [0x00000000e0000000, 0x00000000ec900000, 0x0000000100000000)
  eden space 174080K, 0% used [0x00000000e0000000,0x00000000e0000000,0x00000000eaa00000)
  from space 15360K, 64% used [0x00000000eba00000,0x00000000ec3a7600,0x00000000ec900000)
  to   space 15872K, 0% used [0x00000000eaa00000,0x00000000eaa00000,0x00000000eb980000)
 ParOldGen       total 71168K, used 19716K [0x00000000a0000000, 0x00000000a4580000, 0x00000000e0000000)
  object space 71168K, 27% used [0x00000000a0000000,0x00000000a1341140,0x00000000a4580000)
 Metaspace       used 34684K, capacity 35478K, committed 35496K, reserved 1079296K
  class space    used 4896K, capacity 5110K, committed 5120K, reserved 1048576K
}
Event: 21.549 GC heap before
{Heap before GC invocations=8 (full 2):
 PSYoungGen      total 189440K, used 9885K [0x00000000e0000000, 0x00000000ec900000, 0x0000000100000000)
  eden space 174080K, 0% used [0x00000000e0000000,0x00000000e0000000,0x00000000eaa00000)
  from space 15360K, 64% used [0x00000000eba00000,0x00000000ec3a7600,0x00000000ec900000)
  to   space 15872K, 0% used [0x00000000eaa00000,0x00000000eaa00000,0x00000000eb980000)
 ParOldGen       total 71168K, used 19716K [0x00000000a0000000, 0x00000000a4580000, 0x00000000e0000000)
  object space 71168K, 27% used [0x00000000a0000000,0x00000000a1341140,0x00000000a4580000)
 Metaspace       used 34684K, capacity 35478K, committed 35496K, reserved 1079296K
  class space    used 4896K, capacity 5110K, committed 5120K, reserved 1048576K
Event: 21.757 GC heap after
Heap after GC invocations=8 (full 2):
 PSYoungGen      total 189440K, used 0K [0x00000000e0000000, 0x00000000ec900000, 0x0000000100000000)
  eden space 174080K, 0% used [0x00000000e0000000,0x00000000e0000000,0x00000000eaa00000)
  from space 15360K, 0% used [0x00000000eba00000,0x00000000eba00000,0x00000000ec900000)
  to   space 15872K, 0% used [0x00000000eaa00000,0x00000000eaa00000,0x00000000eb980000)
 ParOldGen       total 115200K, used 17453K [0x00000000a0000000, 0x00000000a7080000, 0x00000000e0000000)
  object space 115200K, 15% used [0x00000000a0000000,0x00000000a110b4c0,0x00000000a7080000)
 Metaspace       used 34666K, capacity 35418K, committed 35496K, reserved 1079296K
  class space    used 4891K, capacity 5100K, committed 5120K, reserved 1048576K
}
Event: 31.772 GC heap before
{Heap before GC invocations=9 (full 2):
 PSYoungGen      total 189440K, used 174080K [0x00000000e0000000, 0x00000000ec900000, 0x0000000100000000)
  eden space 174080K, 100% used [0x00000000e0000000,0x00000000eaa00000,0x00000000eaa00000)
  from space 15360K, 0% used [0x00000000eba00000,0x00000000eba00000,0x00000000ec900000)
  to   space 15872K, 0% used [0x00000000eaa00000,0x00000000eaa00000,0x00000000eb980000)
 ParOldGen       total 115200K, used 17453K [0x00000000a0000000, 0x00000000a7080000, 0x00000000e0000000)
  object space 115200K, 15% used [0x00000000a0000000,0x00000000a110b4c0,0x00000000a7080000)
 Metaspace       used 50877K, capacity 52022K, committed 52224K, reserved 1093632K
  class space    used 7006K, capacity 7340K, committed 7424K, reserved 1048576K
Event: 31.807 GC heap after
Heap after GC invocations=9 (full 2):
 PSYoungGen      total 189952K, used 15850K [0x00000000e0000000, 0x00000000eff80000, 0x0000000100000000)
  eden space 174080K, 0% used [0x00000000e0000000,0x00000000e0000000,0x00000000eaa00000)
  from space 15872K, 99% used [0x00000000eaa00000,0x00000000eb97a848,0x00000000eb980000)
  to   space 19968K, 0% used [0x00000000eec00000,0x00000000eec00000,0x00000000eff80000)
 ParOldGen       total 115200K, used 21110K [0x00000000a0000000, 0x00000000a7080000, 0x00000000e0000000)
  object space 115200K, 18% used [0x00000000a0000000,0x00000000a149dba8,0x00000000a7080000)
 Metaspace       used 50877K, capacity 52022K, committed 52224K, reserved 1093632K
  class space    used 7006K, capacity 7340K, committed 7424K, reserved 1048576K
}
Event: 35.867 GC heap before
{Heap before GC invocations=10 (full 2):
 PSYoungGen      total 189952K, used 110466K [0x00000000e0000000, 0x00000000eff80000, 0x0000000100000000)
  eden space 174080K, 54% used [0x00000000e0000000,0x00000000e5c66028,0x00000000eaa00000)
  from space 15872K, 99% used [0x00000000eaa00000,0x00000000eb97a848,0x00000000eb980000)
  to   space 19968K, 0% used [0x00000000eec00000,0x00000000eec00000,0x00000000eff80000)
 ParOldGen       total 115200K, used 21110K [0x00000000a0000000, 0x00000000a7080000, 0x00000000e0000000)
  object space 115200K, 18% used [0x00000000a0000000,0x00000000a149dba8,0x00000000a7080000)
 Metaspace       used 57488K, capacity 59026K, committed 59136K, reserved 1099776K
  class space    used 7933K, capacity 8342K, committed 8448K, reserved 1048576K
Event: 35.953 GC heap after
Heap after GC invocations=10 (full 2):
 PSYoungGen      total 239104K, used 18167K [0x00000000e0000000, 0x00000000f1180000, 0x0000000100000000)
  eden space 219136K, 0% used [0x00000000e0000000,0x00000000e0000000,0x00000000ed600000)
  from space 19968K, 90% used [0x00000000eec00000,0x00000000efdbdf08,0x00000000eff80000)
  to   space 22528K, 0% used [0x00000000ed600000,0x00000000ed600000,0x00000000eec00000)
 ParOldGen       total 115200K, used 21118K [0x00000000a0000000, 0x00000000a7080000, 0x00000000e0000000)
  object space 115200K, 18% used [0x00000000a0000000,0x00000000a149fba8,0x00000000a7080000)
 Metaspace       used 57488K, capacity 59026K, committed 59136K, reserved 1099776K
  class space    used 7933K, capacity 8342K, committed 8448K, reserved 1048576K
}
Event: 35.953 GC heap before
{Heap before GC invocations=11 (full 3):
 PSYoungGen      total 239104K, used 18167K [0x00000000e0000000, 0x00000000f1180000, 0x0000000100000000)
  eden space 219136K, 0% used [0x00000000e0000000,0x00000000e0000000,0x00000000ed600000)
  from space 19968K, 90% used [0x00000000eec00000,0x00000000efdbdf08,0x00000000eff80000)
  to   space 22528K, 0% used [0x00000000ed600000,0x00000000ed600000,0x00000000eec00000)
 ParOldGen       total 115200K, used 21118K [0x00000000a0000000, 0x00000000a7080000, 0x00000000e0000000)
  object space 115200K, 18% used [0x00000000a0000000,0x00000000a149fba8,0x00000000a7080000)
 Metaspace       used 57488K, capacity 59026K, committed 59136K, reserved 1099776K
  class space    used 7933K, capacity 8342K, committed 8448K, reserved 1048576K
Event: 36.914 GC heap after
Heap after GC invocations=11 (full 3):
 PSYoungGen      total 239104K, used 0K [0x00000000e0000000, 0x00000000f1180000, 0x0000000100000000)
  eden space 219136K, 0% used [0x00000000e0000000,0x00000000e0000000,0x00000000ed600000)
  from space 19968K, 0% used [0x00000000eec00000,0x00000000eec00000,0x00000000eff80000)
  to   space 22528K, 0% used [0x00000000ed600000,0x00000000ed600000,0x00000000eec00000)
 ParOldGen       total 115200K, used 32551K [0x00000000a0000000, 0x00000000a7080000, 0x00000000e0000000)
  object space 115200K, 28% used [0x00000000a0000000,0x00000000a1fc9fa0,0x00000000a7080000)
 Metaspace       used 57488K, capacity 59026K, committed 59136K, reserved 1099776K
  class space    used 7933K, capacity 8342K, committed 8448K, reserved 1048576K
}

Deoptimization events (10 events):
Event: 34.158 Thread 0x000000001a315000 Uncommon trap: reason=unstable_if action=reinterpret pc=0x0000000003614c24 method=java.lang.String.lastIndexOf([CII[CIII)I @ 17
Event: 34.586 Thread 0x000000001a315000 Uncommon trap: reason=unstable_if action=reinterpret pc=0x0000000003c51f08 method=kotlin.reflect.jvm.internal.impl.protobuf.CodedInputStream.readRawVarint32()I @ 10
Event: 35.770 Thread 0x000000001a315000 Uncommon trap: reason=unstable_if action=reinterpret pc=0x00000000042ce884 method=org.gradle.internal.reflect.PropertyAccessorType.of(Ljava/lang/reflect/Method;)Lorg/gradle/internal/reflect/PropertyAccessorType; @ 4
Event: 35.826 Thread 0x000000001a315000 Uncommon trap: reason=unstable_if action=reinterpret pc=0x0000000003e22b28 method=java.io.WinNTFileSystem.normalize(Ljava/lang/String;)Ljava/lang/String; @ 74
Event: 36.931 Thread 0x0000000003379000 Uncommon trap: reason=unstable_if action=reinterpret pc=0x00000000036c607c method=java.lang.ref.Finalizer.remove()V @ 10
Event: 38.291 Thread 0x000000001a315000 Uncommon trap: reason=null_check action=make_not_entrant pc=0x0000000004340424 method=java.lang.Class.isAnnotation()Z @ 1
Event: 38.696 Thread 0x000000001a315000 Uncommon trap: reason=unstable_if action=reinterpret pc=0x00000000043f172c method=org.objectweb.asm.Type.getType(Ljava/lang/Class;)Lorg/objectweb/asm/Type; @ 33
Event: 38.696 Thread 0x000000001a315000 Uncommon trap: reason=unstable_if action=reinterpret pc=0x000000000436b8ec method=org.objectweb.asm.Type.getArgumentsAndReturnSizes(Ljava/lang/String;)I @ 109
Event: 38.696 Thread 0x000000001a315000 Uncommon trap: reason=unstable_if action=reinterpret pc=0x0000000003e61720 method=org.objectweb.asm.Type.getArgumentsAndReturnSizes(Ljava/lang/String;)I @ 109
Event: 38.770 Thread 0x000000001a315000 Uncommon trap: reason=unstable_if action=reinterpret pc=0x0000000004007304 method=java.util.TreeMap.put(Ljava/lang/Object;Ljava/lang/Object;)Ljava/lang/Object; @ 163

Classes redefined (0 events):
No events

Internal exceptions (10 events):
Event: 35.679 Thread 0x000000001a315000 Exception <a 'java/lang/ClassNotFoundException': com/android/build/gradle/internal/api/ApkVariantOutputImpl_DecoratedBeanInfo> (0x00000000e5638740) thrown at [C:\re\workspace\8-2-build-windows-amd64-cygwin\jdk8u191\11896\hotspot\src\share\vm\classfile\sys
Event: 35.681 Thread 0x000000001a315000 Exception <a 'java/lang/ClassNotFoundException': com/android/build/gradle/internal/api/ApkVariantOutputImplBeanInfo> (0x00000000e5652d98) thrown at [C:\re\workspace\8-2-build-windows-amd64-cygwin\jdk8u191\11896\hotspot\src\share\vm\classfile\systemDiction
Event: 35.682 Thread 0x000000001a315000 Exception <a 'java/lang/ClassNotFoundException': com/android/build/gradle/internal/api/BaseVariantOutputImplBeanInfo> (0x00000000e566e3d0) thrown at [C:\re\workspace\8-2-build-windows-amd64-cygwin\jdk8u191\11896\hotspot\src\share\vm\classfile\systemDictio
Event: 35.683 Thread 0x000000001a315000 Exception <a 'java/lang/ClassNotFoundException': com/android/build/gradle/internal/api/BaseVariantOutputImplCustomizer> (0x00000000e5689eb0) thrown at [C:\re\workspace\8-2-build-windows-amd64-cygwin\jdk8u191\11896\hotspot\src\share\vm\classfile\systemDict
Event: 35.686 Thread 0x000000001a315000 Exception <a 'java/lang/ClassNotFoundException': com/android/build/gradle/internal/api/ApkVariantOutputImplCustomizer> (0x00000000e56c7c90) thrown at [C:\re\workspace\8-2-build-windows-amd64-cygwin\jdk8u191\11896\hotspot\src\share\vm\classfile\systemDicti
Event: 35.688 Thread 0x000000001a315000 Exception <a 'java/lang/ClassNotFoundException': com/android/build/gradle/internal/api/ApkVariantOutputImpl_DecoratedCustomizer> (0x00000000e56f8738) thrown at [C:\re\workspace\8-2-build-windows-amd64-cygwin\jdk8u191\11896\hotspot\src\share\vm\classfile\s
Event: 37.535 Thread 0x000000001a315000 Exception <a 'java/lang/NoSuchMethodError': java.lang.Object.lambda$static$0(Ljava/util/Set;Ljava/util/Set;)Z> (0x00000000e111cfc8) thrown at [C:\re\workspace\8-2-build-windows-amd64-cygwin\jdk8u191\11896\hotspot\src\share\vm\interpreter\linkResolver.cpp,
Event: 37.536 Thread 0x000000001a315000 Exception <a 'java/lang/NoSuchMethodError': java.lang.Object.lambda$static$1(Ljava/util/Set;Ljava/util/Set;)Z> (0x00000000e111ff38) thrown at [C:\re\workspace\8-2-build-windows-amd64-cygwin\jdk8u191\11896\hotspot\src\share\vm\interpreter\linkResolver.cpp,
Event: 37.537 Thread 0x000000001a315000 Exception <a 'java/lang/NoSuchMethodError': java.lang.Object.lambda$static$2(Ljava/util/Set;Ljava/util/Set;)Z> (0x00000000e1122a78) thrown at [C:\re\workspace\8-2-build-windows-amd64-cygwin\jdk8u191\11896\hotspot\src\share\vm\interpreter\linkResolver.cpp,
Event: 37.538 Thread 0x000000001a315000 Exception <a 'java/lang/NoSuchMethodError': java.lang.Object.lambda$static$3(Ljava/util/Set;Ljava/util/Set;)Z> (0x00000000e11255b8) thrown at [C:\re\workspace\8-2-build-windows-amd64-cygwin\jdk8u191\11896\hotspot\src\share\vm\interpreter\linkResolver.cpp,

Events (10 events):
Event: 38.820 loading class com/google/common/collect/FluentIterable$3$1
Event: 38.820 loading class com/google/common/collect/FluentIterable$3$1 done
Event: 38.821 loading class com/google/common/collect/Iterators$ConcatenatedIterator
Event: 38.821 loading class com/google/common/collect/Iterators$ConcatenatedIterator done
Event: 38.822 loading class com/android/build/gradle/internal/pipeline/TransformStream$1
Event: 38.822 loading class com/android/build/gradle/internal/pipeline/TransformStream$1 done
Event: 38.822 loading class org/gradle/api/internal/TaskInputsInternal
Event: 38.822 loading class org/gradle/api/internal/TaskInputsInternal done
Event: 38.822 loading class org/gradle/api/tasks/TaskInputFilePropertyBuilder
Event: 38.822 loading class org/gradle/api/tasks/TaskInputFilePropertyBuilder done


Dynamic libraries:
0x00007ff64df80000 - 0x00007ff64dfb7000 	D:\Java\jdk1.8.0_191\bin\java.exe
0x00007ff8da820000 - 0x00007ff8da9f1000 	C:\Windows\SYSTEM32\ntdll.dll
0x00007ff8d7f70000 - 0x00007ff8d801b000 	C:\Windows\System32\KERNEL32.DLL
0x00007ff8d6de0000 - 0x00007ff8d6ffd000 	C:\Windows\System32\KERNELBASE.dll
0x00007ff8d90d0000 - 0x00007ff8d9172000 	C:\Windows\System32\ADVAPI32.dll
0x00007ff8d8ac0000 - 0x00007ff8d8b5e000 	C:\Windows\System32\msvcrt.dll
0x00007ff8da700000 - 0x00007ff8da759000 	C:\Windows\System32\sechost.dll
0x00007ff8d8020000 - 0x00007ff8d8141000 	C:\Windows\System32\RPCRT4.dll
0x00007ff8d8420000 - 0x00007ff8d8585000 	C:\Windows\System32\USER32.dll
0x00007ff8d6dc0000 - 0x00007ff8d6dde000 	C:\Windows\System32\win32u.dll
0x00007ff8d87d0000 - 0x00007ff8d8804000 	C:\Windows\System32\GDI32.dll
0x00007ff8d7a70000 - 0x00007ff8d7bf2000 	C:\Windows\System32\gdi32full.dll
0x00007ff8c9c20000 - 0x00007ff8c9e99000 	C:\Windows\WinSxS\amd64_microsoft.windows.common-controls_6595b64144ccf1df_6.0.14393.447_none_42191651c6827bb3\COMCTL32.dll
0x00007ff8d8150000 - 0x00007ff8d8418000 	C:\Windows\System32\combase.dll
0x00007ff8d7c00000 - 0x00007ff8d7cf5000 	C:\Windows\System32\ucrtbase.dll
0x00007ff8d7000000 - 0x00007ff8d706a000 	C:\Windows\System32\bcryptPrimitives.dll
0x00007ff8d87a0000 - 0x00007ff8d87ce000 	C:\Windows\System32\IMM32.DLL
0x0000000059780000 - 0x0000000059852000 	D:\Java\jdk1.8.0_191\jre\bin\msvcr100.dll
0x0000000058ed0000 - 0x0000000059774000 	D:\Java\jdk1.8.0_191\jre\bin\server\jvm.dll
0x00007ff8d8950000 - 0x00007ff8d8958000 	C:\Windows\System32\PSAPI.DLL
0x00007ff8c80d0000 - 0x00007ff8c80d9000 	C:\Windows\SYSTEM32\WSOCK32.dll
0x00007ff8d4e90000 - 0x00007ff8d4eb3000 	C:\Windows\SYSTEM32\WINMM.dll
0x00007ff8ceb10000 - 0x00007ff8ceb1a000 	C:\Windows\SYSTEM32\VERSION.dll
0x00007ff8da690000 - 0x00007ff8da6fa000 	C:\Windows\System32\WS2_32.dll
0x00007ff8d4a60000 - 0x00007ff8d4a8b000 	C:\Windows\SYSTEM32\WINMMBASE.dll
0x00007ff8d7070000 - 0x00007ff8d70b2000 	C:\Windows\System32\cfgmgr32.dll
0x0000000058ec0000 - 0x0000000058ecf000 	D:\Java\jdk1.8.0_191\jre\bin\verify.dll
0x0000000058e90000 - 0x0000000058eb9000 	D:\Java\jdk1.8.0_191\jre\bin\java.dll
0x0000000058e70000 - 0x0000000058e86000 	D:\Java\jdk1.8.0_191\jre\bin\zip.dll
0x00007ff8d9180000 - 0x00007ff8da689000 	C:\Windows\System32\SHELL32.dll
0x00007ff8d71c0000 - 0x00007ff8d789a000 	C:\Windows\System32\windows.storage.dll
0x00007ff8d6ca0000 - 0x00007ff8d6cec000 	C:\Windows\System32\powrprof.dll
0x00007ff8d8590000 - 0x00007ff8d85e2000 	C:\Windows\System32\shlwapi.dll
0x00007ff8d6cf0000 - 0x00007ff8d6cff000 	C:\Windows\System32\kernel.appcore.dll
0x00007ff8d7d00000 - 0x00007ff8d7da9000 	C:\Windows\System32\shcore.dll
0x00007ff8d6c80000 - 0x00007ff8d6c94000 	C:\Windows\System32\profapi.dll
0x0000000058e50000 - 0x0000000058e6a000 	D:\Java\jdk1.8.0_191\jre\bin\net.dll
0x00007ff8d6590000 - 0x00007ff8d65ec000 	C:\Windows\system32\mswsock.dll
0x0000000058e30000 - 0x0000000058e41000 	D:\Java\jdk1.8.0_191\jre\bin\nio.dll
0x00007ff8d1b30000 - 0x00007ff8d1b4e000 	C:\Users\Administrator\.gradle\native\25\windows-amd64\native-platform.dll
0x0000000058e20000 - 0x0000000058e2d000 	D:\Java\jdk1.8.0_191\jre\bin\management.dll
0x00007ff8d6730000 - 0x00007ff8d6747000 	C:\Windows\SYSTEM32\CRYPTSP.dll
0x00007ff8d61a0000 - 0x00007ff8d61d3000 	C:\Windows\system32\rsaenh.dll
0x00007ff8d6840000 - 0x00007ff8d686b000 	C:\Windows\SYSTEM32\bcrypt.dll
0x00007ff8d6410000 - 0x00007ff8d642f000 	C:\Windows\SYSTEM32\USERENV.dll
0x00007ff8d6750000 - 0x00007ff8d675b000 	C:\Windows\SYSTEM32\CRYPTBASE.dll
0x00007ff8d6320000 - 0x00007ff8d6358000 	C:\Windows\SYSTEM32\IPHLPAPI.DLL
0x00007ff8d8940000 - 0x00007ff8d8948000 	C:\Windows\System32\NSI.dll
0x00007ff8d2730000 - 0x00007ff8d2746000 	C:\Windows\SYSTEM32\dhcpcsvc6.DLL
0x00007ff8d2e80000 - 0x00007ff8d2e9a000 	C:\Windows\SYSTEM32\dhcpcsvc.DLL

VM Arguments:
jvm_args: -Xmx1536m -Dfile.encoding=GBK -Duser.country=CN -Duser.language=zh -Duser.variant 
java_command: org.gradle.launcher.daemon.bootstrap.GradleDaemon 5.1.1
java_class_path (initial): C:\Users\Administrator\.gradle\wrapper\dists\gradle-5.1.1-all\97z1ksx6lirer3kbvdnh7jtjg\gradle-5.1.1\lib\gradle-launcher-5.1.1.jar
Launcher Type: SUN_STANDARD

Environment Variables:
JAVA_HOME=D:\Java\jdk1.8.0_191
CLASSPATH=.;D:\Java\jdk1.8.0_191\lib;D:\Java\jdk1.8.0_191\lib\tools.jar;D:\apache-tomcat-8.0.53-windows-x64\apache-tomcat-8.0.53\lib\servlet-api.jar;.;D:\Java\jdk1.8.0_191\lib;D:\Java\jdk1.8.0_191\lib\tools.jar;D:\Java\jdk1.8.0_191\lib\mysql-connector-java-8.0.13.jar;D:\Java\sqlite-tools-win32-x86-3270200\sqlite-tools-win32-x86-3270200
PATH=C:\Program Files (x86)\Common Files\Oracle\Java\javapath;C:\Windows\system32;C:\Windows;C:\Windows\System32\Wbem;C:\Windows\System32\WindowsPowerShell\v1.0\;C:\VisTitle;C:\Program Files (x86)\NVIDIA Corporation\PhysX\Common;C:\Program Files (x86)\Microsoft SQL Server\100\Tools\Binn\;C:\Program Files\Microsoft SQL Server\100\Tools\Binn\;C:\Program Files\Microsoft SQL Server\100\DTS\Binn\;C:\Program Files (x86)\Microsoft SQL Server\100\Tools\Binn\VSShell\Common7\IDE\;C:\Program Files (x86)\Microsoft SQL Server\100\DTS\Binn\;C:\Program Files (x86)\Microsoft Visual Studio 9.0\Common7\IDE\PrivateAssemblies\;C:\Program Files (x86)\QuickTime\QTSystem\;C:\Android;C:\java\bin;D:\apache-tomcat-8.0.53-windows-x64\apache-tomcat-8.0.53\bin;D:\apache-tomcat-8.0.53-windows-x64\apache-tomcat-8.0.53\bin;D:\Java\jdk1.8.0_191\bin;C:\Program Files\MySQL\MySQL Server 8.0\bin;C:\Program Files\NVIDIA Corporation\NVIDIA NvDLISR;D:\Java\sqlite-tools-win32-x86-3270200\sqlite-tools-win32-x86-3270200;C:\Program Files\Git\cmd;C:\Users\Administrator\AppData\Local\GitHubDesktop\bin
USERNAME=Administrator
OS=Windows_NT
PROCESSOR_IDENTIFIER=Intel64 Family 6 Model 60 Stepping 3, GenuineIntel



---------------  S Y S T E M  ---------------

OS: Windows 10.0 , 64 bit Build 14393 (10.0.14393.0)

CPU:total 8 (initial active 8) (4 cores per cpu, 2 threads per core) family 6 model 60 stepping 3, cmov, cx8, fxsr, mmx, sse, sse2, sse3, ssse3, sse4.1, sse4.2, popcnt, avx, avx2, aes, clmul, erms, lzcnt, ht, tsc, tscinvbit, bmi1, bmi2

Memory: 4k page, physical 8036716k(899392k free), swap 8036716k(5824k free)

vm_info: Java HotSpot(TM) 64-Bit Server VM (25.191-b12) for windows-amd64 JRE (1.8.0_191-b12), built on Oct  6 2018 09:29:03 by "java_re" with MS VC++ 10.0 (VS2010)

time: Tue May 07 22:41:36 2019
elapsed time: 38 seconds (0d 0h 0m 38s)

