#
# There is insufficient memory for the Java Runtime Environment to continue.
# Native memory allocation (malloc) failed to allocate 427520 bytes for Chunk::new
# Possible reasons:
#   The system is out of physical RAM or swap space
#   In 32 bit mode, the process size limit was hit
# Possible solutions:
#   Reduce memory load on the system
#   Increase physical memory or swap space
#   Check if swap backing store is full
#   Use 64 bit Java on a 64 bit OS
#   Decrease Java heap size (-Xmx/-Xms)
#   Decrease number of Java threads
#   Decrease Java thread stack sizes (-Xss)
#   Set larger code cache with -XX:ReservedCodeCacheSize=
# This output file may be truncated or incomplete.
#
#  Out of Memory Error (allocation.cpp:390), pid=8736, tid=0x000000000000268c
#
# JRE version: Java(TM) SE Runtime Environment (8.0_191-b12) (build 1.8.0_191-b12)
# Java VM: Java HotSpot(TM) 64-Bit Server VM (25.191-b12 mixed mode windows-amd64 compressed oops)
# Failed to write core dump. Minidumps are not enabled by default on client versions of Windows
#

---------------  T H R E A D  ---------------

Current thread (0x0000000018ac1000):  JavaThread "C2 CompilerThread1" daemon [_thread_in_native, id=9868, stack(0x00000000193a0000,0x00000000194a0000)]

Stack: [0x00000000193a0000,0x00000000194a0000]
[error occurred during error reporting (printing stack bounds), id 0xc0000005]

Native frames: (J=compiled Java code, j=interpreted, Vv=VM code, C=native code)


Current CompileTask:
C2:  82405 9310       4       java.lang.invoke.MethodType::makeImpl (66 bytes)


---------------  P R O C E S S  ---------------

Java Threads: ( => current thread )
  0x000000001b9ca000 JavaThread "ForkJoinPool.commonPool-worker-7" daemon [_thread_blocked, id=9320, stack(0x0000000028df0000,0x0000000028ef0000)]
  0x000000001b9ce000 JavaThread "ForkJoinPool.commonPool-worker-6" daemon [_thread_blocked, id=11924, stack(0x0000000028cf0000,0x0000000028df0000)]
  0x0000000024dc4800 JavaThread "ForkJoinPool.commonPool-worker-5" daemon [_thread_blocked, id=12472, stack(0x0000000028bf0000,0x0000000028cf0000)]
  0x0000000024dca800 JavaThread "ForkJoinPool.commonPool-worker-4" daemon [_thread_blocked, id=11108, stack(0x0000000028af0000,0x0000000028bf0000)]
  0x0000000024dc9000 JavaThread "ForkJoinPool.commonPool-worker-3" daemon [_thread_blocked, id=4284, stack(0x00000000289f0000,0x0000000028af0000)]
  0x0000000024dc7000 JavaThread "ForkJoinPool.commonPool-worker-1" daemon [_thread_blocked, id=4740, stack(0x00000000284f0000,0x00000000285f0000)]
  0x0000000024dc8800 JavaThread "Cache worker for Java compile cache (F:\JavaTest\car\.gradle\5.1.1\javaCompile)" [_thread_blocked, id=8940, stack(0x00000000283f0000,0x00000000284f0000)]
  0x0000000024dc7800 JavaThread "Cache worker for Java compile cache (C:\Users\Administrator\.gradle\caches\5.1.1\javaCompile)" [_thread_blocked, id=3336, stack(0x00000000282f0000,0x00000000283f0000)]
  0x0000000024dca000 JavaThread "stdout" [_thread_in_native, id=5152, stack(0x00000000281f0000,0x00000000282f0000)]
  0x0000000024dc4000 JavaThread "stderr" [_thread_in_native, id=11316, stack(0x0000000027080000,0x0000000027180000)]
  0x0000000024dbc800 JavaThread "pool-2-thread-1" [_thread_blocked, id=3300, stack(0x0000000026f80000,0x0000000027080000)]
  0x0000000024dc1800 JavaThread "Cache worker for execution history cache (F:\JavaTest\car\.gradle\5.1.1\executionHistory)" [_thread_blocked, id=10940, stack(0x0000000026c80000,0x0000000026d80000)]
  0x0000000024dbf800 JavaThread "Execution worker for ':' Thread 7" [_thread_blocked, id=1972, stack(0x0000000026b80000,0x0000000026c80000)]
  0x0000000024dbd000 JavaThread "Execution worker for ':' Thread 6" [_thread_blocked, id=5636, stack(0x0000000026a80000,0x0000000026b80000)]
  0x0000000024dbb800 JavaThread "Execution worker for ':' Thread 5" [_thread_blocked, id=11792, stack(0x0000000026980000,0x0000000026a80000)]
  0x0000000024dc0000 JavaThread "Execution worker for ':' Thread 4" [_thread_blocked, id=10120, stack(0x0000000026880000,0x0000000026980000)]
  0x0000000024dbe800 JavaThread "Execution worker for ':' Thread 3" [_thread_blocked, id=9604, stack(0x0000000026780000,0x0000000026880000)]
  0x000000001b004800 JavaThread "Execution worker for ':' Thread 2" [_thread_blocked, id=11892, stack(0x0000000026680000,0x0000000026780000)]
  0x000000001b008800 JavaThread "Execution worker for ':'" [_thread_blocked, id=12156, stack(0x0000000026580000,0x0000000026680000)]
  0x000000001b007000 JavaThread "Cache worker for file content cache (F:\JavaTest\car\.gradle\5.1.1\fileContent)" [_thread_blocked, id=12688, stack(0x0000000023d20000,0x0000000023e20000)]
  0x000000001b006000 JavaThread "Cache worker for file content cache (C:\Users\Administrator\.gradle\caches\5.1.1\fileContent)" [_thread_blocked, id=3228, stack(0x0000000023180000,0x0000000023280000)]
  0x000000001b001800 JavaThread "Memory manager" [_thread_blocked, id=13188, stack(0x0000000022a30000,0x0000000022b30000)]
  0x000000001b003000 JavaThread "Cache worker for Build Output Cleanup Cache (F:\JavaTest\car\.gradle\buildOutputCleanup)" [_thread_blocked, id=4732, stack(0x0000000022730000,0x0000000022830000)]
  0x000000001b007800 JavaThread "Build operations Thread 8" [_thread_in_Java, id=2240, stack(0x0000000022230000,0x0000000022330000)]
  0x000000001b002000 JavaThread "Build operations Thread 7" [_thread_blocked, id=3432, stack(0x0000000022130000,0x0000000022230000)]
  0x000000001affc000 JavaThread "Build operations Thread 6" [_thread_in_Java, id=10952, stack(0x0000000022030000,0x0000000022130000)]
  0x000000001b000800 JavaThread "Build operations Thread 5" [_thread_blocked, id=11752, stack(0x0000000021f30000,0x0000000022030000)]
  0x000000001affe800 JavaThread "Build operations Thread 4" [_thread_blocked, id=5468, stack(0x0000000021e30000,0x0000000021f30000)]
  0x000000001b000000 JavaThread "Build operations Thread 3" [_thread_blocked, id=8496, stack(0x0000000021d30000,0x0000000021e30000)]
  0x000000001affd800 JavaThread "Build operations Thread 2" [_thread_blocked, id=2404, stack(0x0000000021c30000,0x0000000021d30000)]
  0x000000001aff9000 JavaThread "Build operations" [_thread_blocked, id=684, stack(0x0000000021b30000,0x0000000021c30000)]
  0x000000001affb800 JavaThread "Cache worker for execution history cache (C:\Users\Administrator\.gradle\caches\5.1.1\executionHistory)" [_thread_blocked, id=11740, stack(0x0000000021700000,0x0000000021800000)]
  0x000000001afff000 JavaThread "Cache worker for cache directory md-rule (C:\Users\Administrator\.gradle\caches\5.1.1\md-rule)" [_thread_blocked, id=11660, stack(0x000000001fb60000,0x000000001fc60000)]
  0x000000001affa800 JavaThread "Cache worker for cache directory md-supplier (C:\Users\Administrator\.gradle\caches\5.1.1\md-supplier)" [_thread_blocked, id=2044, stack(0x000000001f7c0000,0x000000001f8c0000)]
  0x0000000018ad7800 JavaThread "Cache worker for file hash cache (F:\JavaTest\car\.gradle\5.1.1\fileHashes)" [_thread_blocked, id=11692, stack(0x000000001e4f0000,0x000000001e5f0000)]
  0x0000000018add800 JavaThread "Cache worker for journal cache (C:\Users\Administrator\.gradle\caches\journal-1)" [_thread_blocked, id=8308, stack(0x000000001d220000,0x000000001d320000)]
  0x0000000018add000 JavaThread "File lock request listener" [_thread_in_native, id=8312, stack(0x000000001d120000,0x000000001d220000)]
  0x0000000018adc000 JavaThread "Cache worker for file hash cache (C:\Users\Administrator\.gradle\caches\5.1.1\fileHashes)" [_thread_blocked, id=11712, stack(0x000000001d020000,0x000000001d120000)]
  0x000000001ab27000 JavaThread "Thread-9" [_thread_blocked, id=12940, stack(0x000000001cf20000,0x000000001d020000)]
  0x000000001ab20000 JavaThread "Asynchronous log dispatcher for DefaultDaemonConnection: socket connection from /127.0.0.1:50246 to /127.0.0.1:50247" [_thread_blocked, id=7224, stack(0x000000001cc20000,0x000000001cd20000)]
  0x00000000199a2800 JavaThread "Daemon worker" [_thread_blocked, id=11772, stack(0x000000001cb20000,0x000000001cc20000)]
  0x000000001b38d000 JavaThread "Cancel handler" [_thread_blocked, id=8984, stack(0x000000001ca20000,0x000000001cb20000)]
  0x000000001ac8a800 JavaThread "Handler for socket connection from /127.0.0.1:50246 to /127.0.0.1:50247" [_thread_in_native, id=6468, stack(0x000000001c720000,0x000000001c820000)]
  0x0000000019ece000 JavaThread "Daemon" [_thread_blocked, id=7184, stack(0x000000001c620000,0x000000001c720000)]
  0x000000001b015800 JavaThread "Daemon periodic checks" [_thread_blocked, id=11580, stack(0x000000001c520000,0x000000001c620000)]
  0x000000001b04b800 JavaThread "Incoming local TCP Connector on port 50246" [_thread_in_native, id=10176, stack(0x000000001c380000,0x000000001c480000)]
  0x0000000019ab1000 JavaThread "Daemon health stats" [_thread_blocked, id=9600, stack(0x000000001c060000,0x000000001c160000)]
  0x0000000018b69000 JavaThread "Service Thread" daemon [_thread_blocked, id=9924, stack(0x00000000196a0000,0x00000000197a0000)]
  0x0000000018ad9000 JavaThread "C1 CompilerThread3" daemon [_thread_in_native, id=9572, stack(0x00000000195a0000,0x00000000196a0000)]
  0x0000000018ad0800 JavaThread "C2 CompilerThread2" daemon [_thread_in_native, id=9916, stack(0x00000000194a0000,0x00000000195a0000)]
=>0x0000000018ac1000 JavaThread "C2 CompilerThread1" daemon [_thread_in_native, id=9868, stack(0x00000000193a0000,0x00000000194a0000)]
  0x0000000018abe000 JavaThread "C2 CompilerThread0" daemon [_thread_blocked, id=9988, stack(0x00000000192a0000,0x00000000193a0000)]
  0x0000000018abc800 JavaThread "Attach Listener" daemon [_thread_blocked, id=10392, stack(0x00000000191a0000,0x00000000192a0000)]
  0x0000000018a69000 JavaThread "Signal Dispatcher" daemon [_thread_blocked, id=9312, stack(0x00000000190a0000,0x00000000191a0000)]
  0x0000000002e79000 JavaThread "Finalizer" daemon [_thread_blocked, id=9940, stack(0x0000000018f30000,0x0000000019030000)]
  0x0000000016c5d800 JavaThread "Reference Handler" daemon [_thread_blocked, id=9616, stack(0x0000000018e30000,0x0000000018f30000)]
  0x00000000011be000 JavaThread "main" [_thread_blocked, id=4076, stack(0x0000000002c80000,0x0000000002d80000)]

Other Threads:
  0x0000000016c59000 VMThread [stack: 0x0000000018930000,0x0000000018a30000] [id=9968]
  0x0000000018b7d000 WatcherThread [stack: 0x00000000197a0000,0x00000000198a0000] [id=11668]

VM state:not at safepoint (normal execution)

VM Mutex/Monitor currently owned by a thread: None

Heap:
 PSYoungGen      total 217600K, used 35127K [0x00000000e0000000, 0x00000000ef780000, 0x0000000100000000)
  eden space 201728K, 9% used [0x00000000e0000000,0x00000000e12cf1c0,0x00000000ec500000)
  from space 15872K, 99% used [0x00000000edb80000,0x00000000eeafec80,0x00000000eeb00000)
  to   space 23040K, 0% used [0x00000000ec500000,0x00000000ec500000,0x00000000edb80000)
 ParOldGen       total 119296K, used 41202K [0x00000000a0000000, 0x00000000a7480000, 0x00000000e0000000)
  object space 119296K, 34% used [0x00000000a0000000,0x00000000a283ca00,0x00000000a7480000)
 Metaspace       used 75759K, capacity 78238K, committed 78464K, reserved 1116160K
  class space    used 10343K, capacity 10864K, committed 10880K, reserved 1048576K

Card table byte_map: [0x0000000012240000,0x0000000012550000] byte_map_base: 0x0000000011d40000

Marking Bits: (ParMarkBitMap*) 0x0000000067cc3e30
 Begin Bits: [0x0000000012f50000, 0x0000000014750000)
 End Bits:   [0x0000000014750000, 0x0000000015f50000)

Polling page: 0x0000000001180000

CodeCache: size=245760Kb used=26713Kb max_used=26713Kb free=219046Kb
 bounds [0x0000000002e80000, 0x00000000048c0000, 0x0000000011e80000]
 total_blobs=9347 nmethods=8491 adapters=766
 compilation: enabled

Compilation events (10 events):
Event: 82.334 Thread 0x0000000018abe000 nmethod 9560 0x0000000004894310 code [0x0000000004894440, 0x0000000004894538]
Event: 82.334 Thread 0x0000000018ad9000 9566       1       com.android.tools.r8.it.unimi.dsi.fastutil.ints.Int2ReferenceOpenHashMap$MapEntry::getValue (13 bytes)
Event: 82.334 Thread 0x0000000018ad9000 nmethod 9566 0x0000000004893f90 code [0x00000000048940e0, 0x0000000004894210]
Event: 82.334 Thread 0x0000000018ad9000 9549       3       com.android.tools.r8.it.unimi.dsi.fastutil.ints.Int2ReferenceOpenHashMap$MapIterator::<init> (48 bytes)
Event: 82.335 Thread 0x0000000018ad9000 nmethod 9549 0x0000000004893b50 code [0x0000000004893cc0, 0x0000000004893eb0]
Event: 82.335 Thread 0x0000000018ad9000 9552       3       com.android.tools.r8.ir.code.Position::equals (74 bytes)
Event: 82.337 Thread 0x0000000018ad9000 nmethod 9552 0x0000000004893210 code [0x00000000048933a0, 0x00000000048939e8]
Event: 82.337 Thread 0x0000000018ad9000 9537       3       com.android.tools.r8.ir.regalloc.LiveIntervals::compareTo (34 bytes)
Event: 82.338 Thread 0x0000000018ad9000 nmethod 9537 0x0000000004892bd0 code [0x0000000004892d60, 0x00000000048930d8]
Event: 82.338 Thread 0x0000000018ad9000 9553       3       com.android.tools.r8.ir.conversion.IRBuilder::markIndexProcessed (58 bytes)

GC Heap History (10 events):
Event: 29.724 GC heap before
{Heap before GC invocations=13 (full 2):
 PSYoungGen      total 147968K, used 147955K [0x00000000e0000000, 0x00000000ea880000, 0x0000000100000000)
  eden space 136192K, 100% used [0x00000000e0000000,0x00000000e8500000,0x00000000e8500000)
  from space 11776K, 99% used [0x00000000e9d00000,0x00000000ea87cf80,0x00000000ea880000)
  to   space 13824K, 0% used [0x00000000e8d80000,0x00000000e8d80000,0x00000000e9b00000)
 ParOldGen       total 82944K, used 19322K [0x00000000a0000000, 0x00000000a5100000, 0x00000000e0000000)
  object space 82944K, 23% used [0x00000000a0000000,0x00000000a12de888,0x00000000a5100000)
 Metaspace       used 55561K, capacity 56952K, committed 57216K, reserved 1097728K
  class space    used 7634K, capacity 8027K, committed 8064K, reserved 1048576K
Event: 29.804 GC heap after
Heap after GC invocations=13 (full 2):
 PSYoungGen      total 158720K, used 12394K [0x00000000e0000000, 0x00000000ec880000, 0x0000000100000000)
  eden space 144896K, 0% used [0x00000000e0000000,0x00000000e0000000,0x00000000e8d80000)
  from space 13824K, 89% used [0x00000000e8d80000,0x00000000e999a848,0x00000000e9b00000)
  to   space 14848K, 0% used [0x00000000eba00000,0x00000000eba00000,0x00000000ec880000)
 ParOldGen       total 82944K, used 26362K [0x00000000a0000000, 0x00000000a5100000, 0x00000000e0000000)
  object space 82944K, 31% used [0x00000000a0000000,0x00000000a19be930,0x00000000a5100000)
 Metaspace       used 55561K, capacity 56952K, committed 57216K, reserved 1097728K
  class space    used 7634K, capacity 8027K, committed 8064K, reserved 1048576K
}
Event: 31.013 GC heap before
{Heap before GC invocations=14 (full 2):
 PSYoungGen      total 158720K, used 37219K [0x00000000e0000000, 0x00000000ec880000, 0x0000000100000000)
  eden space 144896K, 17% used [0x00000000e0000000,0x00000000e183e4c8,0x00000000e8d80000)
  from space 13824K, 89% used [0x00000000e8d80000,0x00000000e999a848,0x00000000e9b00000)
  to   space 14848K, 0% used [0x00000000eba00000,0x00000000eba00000,0x00000000ec880000)
 ParOldGen       total 82944K, used 26362K [0x00000000a0000000, 0x00000000a5100000, 0x00000000e0000000)
  object space 82944K, 31% used [0x00000000a0000000,0x00000000a19be930,0x00000000a5100000)
 Metaspace       used 57531K, capacity 58994K, committed 59136K, reserved 1099776K
  class space    used 7938K, capacity 8332K, committed 8448K, reserved 1048576K
Event: 31.057 GC heap after
Heap after GC invocations=14 (full 2):
 PSYoungGen      total 190464K, used 2927K [0x00000000e0000000, 0x00000000ed980000, 0x0000000100000000)
  eden space 175616K, 0% used [0x00000000e0000000,0x00000000e0000000,0x00000000eab80000)
  from space 14848K, 19% used [0x00000000eba00000,0x00000000ebcdbd40,0x00000000ec880000)
  to   space 14848K, 0% used [0x00000000eab80000,0x00000000eab80000,0x00000000eba00000)
 ParOldGen       total 82944K, used 30197K [0x00000000a0000000, 0x00000000a5100000, 0x00000000e0000000)
  object space 82944K, 36% used [0x00000000a0000000,0x00000000a1d7d600,0x00000000a5100000)
 Metaspace       used 57531K, capacity 58994K, committed 59136K, reserved 1099776K
  class space    used 7938K, capacity 8332K, committed 8448K, reserved 1048576K
}
Event: 31.057 GC heap before
{Heap before GC invocations=15 (full 3):
 PSYoungGen      total 190464K, used 2927K [0x00000000e0000000, 0x00000000ed980000, 0x0000000100000000)
  eden space 175616K, 0% used [0x00000000e0000000,0x00000000e0000000,0x00000000eab80000)
  from space 14848K, 19% used [0x00000000eba00000,0x00000000ebcdbd40,0x00000000ec880000)
  to   space 14848K, 0% used [0x00000000eab80000,0x00000000eab80000,0x00000000eba00000)
 ParOldGen       total 82944K, used 30197K [0x00000000a0000000, 0x00000000a5100000, 0x00000000e0000000)
  object space 82944K, 36% used [0x00000000a0000000,0x00000000a1d7d600,0x00000000a5100000)
 Metaspace       used 57531K, capacity 58994K, committed 59136K, reserved 1099776K
  class space    used 7938K, capacity 8332K, committed 8448K, reserved 1048576K
Event: 31.971 GC heap after
Heap after GC invocations=15 (full 3):
 PSYoungGen      total 190464K, used 0K [0x00000000e0000000, 0x00000000ed980000, 0x0000000100000000)
  eden space 175616K, 0% used [0x00000000e0000000,0x00000000e0000000,0x00000000eab80000)
  from space 14848K, 0% used [0x00000000eba00000,0x00000000eba00000,0x00000000ec880000)
  to   space 14848K, 0% used [0x00000000eab80000,0x00000000eab80000,0x00000000eba00000)
 ParOldGen       total 119296K, used 27737K [0x00000000a0000000, 0x00000000a7480000, 0x00000000e0000000)
  object space 119296K, 23% used [0x00000000a0000000,0x00000000a1b166e8,0x00000000a7480000)
 Metaspace       used 57531K, capacity 58994K, committed 59136K, reserved 1099776K
  class space    used 7938K, capacity 8332K, committed 8448K, reserved 1048576K
}
Event: 69.805 GC heap before
{Heap before GC invocations=16 (full 3):
 PSYoungGen      total 190464K, used 175616K [0x00000000e0000000, 0x00000000ed980000, 0x0000000100000000)
  eden space 175616K, 100% used [0x00000000e0000000,0x00000000eab80000,0x00000000eab80000)
  from space 14848K, 0% used [0x00000000eba00000,0x00000000eba00000,0x00000000ec880000)
  to   space 14848K, 0% used [0x00000000eab80000,0x00000000eab80000,0x00000000eba00000)
 ParOldGen       total 119296K, used 27737K [0x00000000a0000000, 0x00000000a7480000, 0x00000000e0000000)
  object space 119296K, 23% used [0x00000000a0000000,0x00000000a1b166e8,0x00000000a7480000)
 Metaspace       used 63233K, capacity 65380K, committed 65536K, reserved 1105920K
  class space    used 8711K, capacity 9203K, committed 9216K, reserved 1048576K
Event: 69.856 GC heap after
Heap after GC invocations=16 (full 3):
 PSYoungGen      total 190464K, used 12057K [0x00000000e0000000, 0x00000000eeb00000, 0x0000000100000000)
  eden space 175616K, 0% used [0x00000000e0000000,0x00000000e0000000,0x00000000eab80000)
  from space 14848K, 81% used [0x00000000eab80000,0x00000000eb746540,0x00000000eba00000)
  to   space 15872K, 0% used [0x00000000edb80000,0x00000000edb80000,0x00000000eeb00000)
 ParOldGen       total 119296K, used 27745K [0x00000000a0000000, 0x00000000a7480000, 0x00000000e0000000)
  object space 119296K, 23% used [0x00000000a0000000,0x00000000a1b186e8,0x00000000a7480000)
 Metaspace       used 63233K, capacity 65380K, committed 65536K, reserved 1105920K
  class space    used 8711K, capacity 9203K, committed 9216K, reserved 1048576K
}
Event: 81.326 GC heap before
{Heap before GC invocations=17 (full 3):
 PSYoungGen      total 190464K, used 187673K [0x00000000e0000000, 0x00000000eeb00000, 0x0000000100000000)
  eden space 175616K, 100% used [0x00000000e0000000,0x00000000eab80000,0x00000000eab80000)
  from space 14848K, 81% used [0x00000000eab80000,0x00000000eb746540,0x00000000eba00000)
  to   space 15872K, 0% used [0x00000000edb80000,0x00000000edb80000,0x00000000eeb00000)
 ParOldGen       total 119296K, used 27745K [0x00000000a0000000, 0x00000000a7480000, 0x00000000e0000000)
  object space 119296K, 23% used [0x00000000a0000000,0x00000000a1b186e8,0x00000000a7480000)
 Metaspace       used 72722K, capacity 74972K, committed 75136K, reserved 1114112K
  class space    used 9877K, capacity 10363K, committed 10368K, reserved 1048576K
Event: 81.447 GC heap after
Heap after GC invocations=17 (full 3):
 PSYoungGen      total 217600K, used 15867K [0x00000000e0000000, 0x00000000ef780000, 0x0000000100000000)
  eden space 201728K, 0% used [0x00000000e0000000,0x00000000e0000000,0x00000000ec500000)
  from space 15872K, 99% used [0x00000000edb80000,0x00000000eeafec80,0x00000000eeb00000)
  to   space 23040K, 0% used [0x00000000ec500000,0x00000000ec500000,0x00000000edb80000)
 ParOldGen       total 119296K, used 41202K [0x00000000a0000000, 0x00000000a7480000, 0x00000000e0000000)
  object space 119296K, 34% used [0x00000000a0000000,0x00000000a283ca00,0x00000000a7480000)
 Metaspace       used 72722K, capacity 74972K, committed 75136K, reserved 1114112K
  class space    used 9877K, capacity 10363K, committed 10368K, reserved 1048576K
}

Deoptimization events (10 events):
Event: 79.933 Thread 0x000000001b007800 Uncommon trap: reason=unstable_if action=reinterpret pc=0x0000000003a66828 method=java.util.regex.Pattern.newSlice([IIZ)Ljava/util/regex/Pattern$Node; @ 10
Event: 80.682 Thread 0x000000001affc000 Uncommon trap: reason=unstable_if action=reinterpret pc=0x000000000417d020 method=java.nio.Bits.putInt(Ljava/nio/ByteBuffer;IIZ)V @ 1
Event: 81.219 Thread 0x000000001b007800 Uncommon trap: reason=unstable_if action=reinterpret pc=0x00000000047e13b0 method=com.android.tools.r8.graph.CachedHashValueDexItem.equals(Ljava/lang/Object;)Z @ 10
Event: 81.219 Thread 0x000000001affc000 Uncommon trap: reason=unstable_if action=reinterpret pc=0x00000000047e13b0 method=com.android.tools.r8.graph.CachedHashValueDexItem.equals(Ljava/lang/Object;)Z @ 10
Event: 81.219 Thread 0x000000001b007800 Uncommon trap: reason=unstable_if action=reinterpret pc=0x00000000047e13b0 method=com.android.tools.r8.graph.CachedHashValueDexItem.equals(Ljava/lang/Object;)Z @ 10
Event: 81.219 Thread 0x000000001affc000 Uncommon trap: reason=unstable_if action=reinterpret pc=0x00000000047e13b0 method=com.android.tools.r8.graph.CachedHashValueDexItem.equals(Ljava/lang/Object;)Z @ 10
Event: 81.219 Thread 0x000000001b007800 Uncommon trap: reason=unstable_if action=reinterpret pc=0x00000000047e13b0 method=com.android.tools.r8.graph.CachedHashValueDexItem.equals(Ljava/lang/Object;)Z @ 10
Event: 81.219 Thread 0x000000001affc000 Uncommon trap: reason=unstable_if action=reinterpret pc=0x00000000047e13b0 method=com.android.tools.r8.graph.CachedHashValueDexItem.equals(Ljava/lang/Object;)Z @ 10
Event: 81.834 Thread 0x000000001b007800 Uncommon trap: reason=unstable_if action=reinterpret pc=0x0000000003c93f4c method=java.util.HashMap$HashIterator.<init>(Ljava/util/HashMap;)V @ 45
Event: 82.037 Thread 0x000000001affc000 Uncommon trap: reason=unstable_if action=reinterpret pc=0x0000000003aaa81c method=java.util.HashMap$HashIterator.<init>(Ljava/util/HashMap;)V @ 45

Classes redefined (0 events):
No events

Internal exceptions (10 events):
Event: 78.378 Thread 0x0000000024dbd000 Implicit null exception at 0x0000000004657898 to 0x00000000046578ce
Event: 78.982 Thread 0x000000001ab27000 Exception <a 'java/lang/NoSuchMethodError': <clinit>> (0x00000000e65d8ba0) thrown at [C:\re\workspace\8-2-build-windows-amd64-cygwin\jdk8u191\11896\hotspot\src\share\vm\prims\jni.cpp, line 1613]
Event: 79.353 Thread 0x0000000024dbd000 Implicit null exception at 0x0000000003cfe25a to 0x0000000003cfe2ad
Event: 79.403 Thread 0x0000000024dc7000 Exception <a 'sun/nio/fs/WindowsException'> (0x00000000e6d3d640) thrown at [C:\re\workspace\8-2-build-windows-amd64-cygwin\jdk8u191\11896\hotspot\src\share\vm\prims\jni.cpp, line 709]
Event: 79.423 Thread 0x0000000024dc7000 Exception <a 'sun/nio/fs/WindowsException'> (0x00000000e6d3e628) thrown at [C:\re\workspace\8-2-build-windows-amd64-cygwin\jdk8u191\11896\hotspot\src\share\vm\prims\jni.cpp, line 709]
Event: 79.732 Thread 0x0000000024dc9000 Exception <a 'java/lang/NoSuchMethodError': java.lang.Object.lambda$static$0(Ljava/lang/String;)Z> (0x00000000e7382db8) thrown at [C:\re\workspace\8-2-build-windows-amd64-cygwin\jdk8u191\11896\hotspot\src\share\vm\interpreter\linkResolver.cpp, line 620]
Event: 79.947 Thread 0x000000001affc000 Exception <a 'java/lang/NoSuchMethodError': java.lang.Object.lambda$and$0(Ljava/util/function/Predicate;Ljava/lang/Object;)Z> (0x00000000e2255cf8) thrown at [C:\re\workspace\8-2-build-windows-amd64-cygwin\jdk8u191\11896\hotspot\src\share\vm\interpreter\li
Event: 79.947 Thread 0x000000001b007800 Exception <a 'java/lang/NoSuchMethodError': java.lang.Object.lambda$and$0(Ljava/util/function/Predicate;Ljava/lang/Object;)Z> (0x00000000e7938770) thrown at [C:\re\workspace\8-2-build-windows-amd64-cygwin\jdk8u191\11896\hotspot\src\share\vm\interpreter\li
Event: 80.177 Thread 0x000000001affc000 Exception <a 'sun/nio/fs/WindowsException'> (0x00000000e87ca740) thrown at [C:\re\workspace\8-2-build-windows-amd64-cygwin\jdk8u191\11896\hotspot\src\share\vm\prims\jni.cpp, line 709]
Event: 80.250 Thread 0x000000001b007800 Exception <a 'sun/nio/fs/WindowsException'> (0x00000000e8c1bbc8) thrown at [C:\re\workspace\8-2-build-windows-amd64-cygwin\jdk8u191\11896\hotspot\src\share\vm\prims\jni.cpp, line 709]

Events (10 events):
Event: 82.297 loading class java/util/IdentityHashMap$EntryIterator$Entry
Event: 82.298 loading class java/util/IdentityHashMap$EntryIterator$Entry done
Event: 82.299 loading class com/android/tools/r8/utils/LRUCacheTable
Event: 82.299 loading class com/android/tools/r8/utils/LRUCacheTable done
Event: 82.300 loading class com/android/tools/r8/utils/LRUCacheTable$LRUCacheRow
Event: 82.300 loading class com/android/tools/r8/utils/LRUCacheTable$LRUCacheRow done
Event: 82.315 loading class com/android/tools/r8/com/google/common/base/Equivalence$Wrapper
Event: 82.315 loading class com/android/tools/r8/com/google/common/base/Equivalence$Wrapper done
Event: 82.332 loading class com/android/tools/r8/ir/code/Phi
Event: 82.332 loading class com/android/tools/r8/ir/code/Phi done


Dynamic libraries:
0x00007ff642df0000 - 0x00007ff642e27000 	D:\Java\jdk1.8.0_191\bin\java.exe
0x00007ff8d7d10000 - 0x00007ff8d7ee1000 	C:\Windows\SYSTEM32\ntdll.dll
0x00007ff8d7a00000 - 0x00007ff8d7aab000 	C:\Windows\System32\KERNEL32.DLL
0x00007ff8d4d90000 - 0x00007ff8d4fad000 	C:\Windows\System32\KERNELBASE.dll
0x00007ff8d7ac0000 - 0x00007ff8d7b62000 	C:\Windows\System32\ADVAPI32.dll
0x00007ff8d5860000 - 0x00007ff8d58fe000 	C:\Windows\System32\msvcrt.dll
0x00007ff8d5900000 - 0x00007ff8d5959000 	C:\Windows\System32\sechost.dll
0x00007ff8d55b0000 - 0x00007ff8d56d1000 	C:\Windows\System32\RPCRT4.dll
0x00007ff8d52a0000 - 0x00007ff8d5405000 	C:\Windows\System32\USER32.dll
0x00007ff8d4c70000 - 0x00007ff8d4c8e000 	C:\Windows\System32\win32u.dll
0x00007ff8d57a0000 - 0x00007ff8d57d4000 	C:\Windows\System32\GDI32.dll
0x00007ff8d4200000 - 0x00007ff8d4382000 	C:\Windows\System32\gdi32full.dll
0x00007ff8c73d0000 - 0x00007ff8c7649000 	C:\Windows\WinSxS\amd64_microsoft.windows.common-controls_6595b64144ccf1df_6.0.14393.447_none_42191651c6827bb3\COMCTL32.dll
0x00007ff8d7300000 - 0x00007ff8d75c8000 	C:\Windows\System32\combase.dll
0x00007ff8d4490000 - 0x00007ff8d4585000 	C:\Windows\System32\ucrtbase.dll
0x00007ff8d5060000 - 0x00007ff8d50ca000 	C:\Windows\System32\bcryptPrimitives.dll
0x00007ff8d7260000 - 0x00007ff8d728e000 	C:\Windows\System32\IMM32.DLL
0x0000000067d50000 - 0x0000000067e22000 	D:\Java\jdk1.8.0_191\jre\bin\msvcr100.dll
0x00000000674a0000 - 0x0000000067d44000 	D:\Java\jdk1.8.0_191\jre\bin\server\jvm.dll
0x00007ff8d7ab0000 - 0x00007ff8d7ab8000 	C:\Windows\System32\PSAPI.DLL
0x00007ff8d2160000 - 0x00007ff8d2183000 	C:\Windows\SYSTEM32\WINMM.dll
0x00007ff8c0c20000 - 0x00007ff8c0c29000 	C:\Windows\SYSTEM32\WSOCK32.dll
0x00007ff8cbf30000 - 0x00007ff8cbf3a000 	C:\Windows\SYSTEM32\VERSION.dll
0x00007ff8d57e0000 - 0x00007ff8d584a000 	C:\Windows\System32\WS2_32.dll
0x00007ff8d2100000 - 0x00007ff8d212b000 	C:\Windows\SYSTEM32\WINMMBASE.dll
0x00007ff8d4440000 - 0x00007ff8d4482000 	C:\Windows\System32\cfgmgr32.dll
0x0000000067490000 - 0x000000006749f000 	D:\Java\jdk1.8.0_191\jre\bin\verify.dll
0x0000000067460000 - 0x0000000067489000 	D:\Java\jdk1.8.0_191\jre\bin\java.dll
0x0000000067440000 - 0x0000000067456000 	D:\Java\jdk1.8.0_191\jre\bin\zip.dll
0x00007ff8d5b80000 - 0x00007ff8d7089000 	C:\Windows\System32\SHELL32.dll
0x00007ff8d4590000 - 0x00007ff8d4c6a000 	C:\Windows\System32\windows.storage.dll
0x00007ff8d4190000 - 0x00007ff8d41dc000 	C:\Windows\System32\powrprof.dll
0x00007ff8d70a0000 - 0x00007ff8d70f2000 	C:\Windows\System32\shlwapi.dll
0x00007ff8d41f0000 - 0x00007ff8d41ff000 	C:\Windows\System32\kernel.appcore.dll
0x00007ff8d4fb0000 - 0x00007ff8d5059000 	C:\Windows\System32\shcore.dll
0x00007ff8d4170000 - 0x00007ff8d4184000 	C:\Windows\System32\profapi.dll
0x0000000067410000 - 0x000000006742a000 	D:\Java\jdk1.8.0_191\jre\bin\net.dll
0x00007ff8d3a80000 - 0x00007ff8d3adc000 	C:\Windows\system32\mswsock.dll
0x00000000673f0000 - 0x0000000067401000 	D:\Java\jdk1.8.0_191\jre\bin\nio.dll
0x00007ff8d1ea0000 - 0x00007ff8d1ebe000 	C:\Users\Administrator\.gradle\native\25\windows-amd64\native-platform.dll
0x0000000067430000 - 0x000000006743d000 	D:\Java\jdk1.8.0_191\jre\bin\management.dll
0x00007ff8d3c20000 - 0x00007ff8d3c37000 	C:\Windows\SYSTEM32\CRYPTSP.dll
0x00007ff8d3690000 - 0x00007ff8d36c3000 	C:\Windows\system32\rsaenh.dll
0x00007ff8d40b0000 - 0x00007ff8d40db000 	C:\Windows\SYSTEM32\bcrypt.dll
0x00007ff8d3900000 - 0x00007ff8d391f000 	C:\Windows\SYSTEM32\USERENV.dll
0x00007ff8d3c40000 - 0x00007ff8d3c4b000 	C:\Windows\SYSTEM32\CRYPTBASE.dll
0x00007ff8d3810000 - 0x00007ff8d3848000 	C:\Windows\SYSTEM32\IPHLPAPI.DLL
0x00007ff8d5850000 - 0x00007ff8d5858000 	C:\Windows\System32\NSI.dll
0x00007ff8cf560000 - 0x00007ff8cf576000 	C:\Windows\SYSTEM32\dhcpcsvc6.DLL
0x00007ff8cfa20000 - 0x00007ff8cfa3a000 	C:\Windows\SYSTEM32\dhcpcsvc.DLL
0x00007ff8d3560000 - 0x00007ff8d3592000 	C:\Windows\SYSTEM32\ntmarta.dll

VM Arguments:
jvm_args: -Xmx1536m -Dfile.encoding=GBK -Duser.country=CN -Duser.language=zh -Duser.variant 
java_command: org.gradle.launcher.daemon.bootstrap.GradleDaemon 5.1.1
java_class_path (initial): C:\Users\Administrator\.gradle\wrapper\dists\gradle-5.1.1-all\97z1ksx6lirer3kbvdnh7jtjg\gradle-5.1.1\lib\gradle-launcher-5.1.1.jar
Launcher Type: SUN_STANDARD

Environment Variables:
JAVA_HOME=D:\Java\jdk1.8.0_191
CLASSPATH=.;D:\Java\jdk1.8.0_191\lib;D:\Java\jdk1.8.0_191\lib\tools.jar;D:\apache-tomcat-8.0.53-windows-x64\apache-tomcat-8.0.53\lib\servlet-api.jar;.;D:\Java\jdk1.8.0_191\lib;D:\Java\jdk1.8.0_191\lib\tools.jar;D:\Java\jdk1.8.0_191\lib\mysql-connector-java-8.0.13.jar;D:\Java\sqlite-tools-win32-x86-3270200\sqlite-tools-win32-x86-3270200
PATH=C:\Program Files (x86)\Common Files\Oracle\Java\javapath;C:\Windows\system32;C:\Windows;C:\Windows\System32\Wbem;C:\Windows\System32\WindowsPowerShell\v1.0\;C:\VisTitle;C:\Program Files (x86)\NVIDIA Corporation\PhysX\Common;C:\Program Files (x86)\Microsoft SQL Server\100\Tools\Binn\;C:\Program Files\Microsoft SQL Server\100\Tools\Binn\;C:\Program Files\Microsoft SQL Server\100\DTS\Binn\;C:\Program Files (x86)\Microsoft SQL Server\100\Tools\Binn\VSShell\Common7\IDE\;C:\Program Files (x86)\Microsoft SQL Server\100\DTS\Binn\;C:\Program Files (x86)\Microsoft Visual Studio 9.0\Common7\IDE\PrivateAssemblies\;C:\Program Files (x86)\QuickTime\QTSystem\;C:\Android;C:\java\bin;D:\apache-tomcat-8.0.53-windows-x64\apache-tomcat-8.0.53\bin;D:\apache-tomcat-8.0.53-windows-x64\apache-tomcat-8.0.53\bin;D:\Java\jdk1.8.0_191\bin;C:\Program Files\MySQL\MySQL Server 8.0\bin;C:\Program Files\NVIDIA Corporation\NVIDIA NvDLISR;D:\Java\sqlite-tools-win32-x86-3270200\sqlite-tools-win32-x86-3270200;C:\Users\Administrator\AppData\Local\GitHubDesktop\bin
USERNAME=Administrator
OS=Windows_NT
PROCESSOR_IDENTIFIER=Intel64 Family 6 Model 60 Stepping 3, GenuineIntel



---------------  S Y S T E M  ---------------

OS: Windows 10.0 , 64 bit Build 14393 (10.0.14393.0)

CPU:total 8 (initial active 8) (4 cores per cpu, 2 threads per core) family 6 model 60 stepping 3, cmov, cx8, fxsr, mmx, sse, sse2, sse3, ssse3, sse4.1, sse4.2, popcnt, avx, avx2, aes, clmul, erms, lzcnt, ht, tsc, tscinvbit, bmi1, bmi2

Memory: 4k page, physical 8036716k(1576252k free), swap 8036716k(5696k free)

vm_info: Java HotSpot(TM) 64-Bit Server VM (25.191-b12) for windows-amd64 JRE (1.8.0_191-b12), built on Oct  6 2018 09:29:03 by "java_re" with MS VC++ 10.0 (VS2010)

time: Sat Apr 27 11:12:39 2019
elapsed time: 82 seconds (0d 0h 1m 22s)

