#
# There is insufficient memory for the Java Runtime Environment to continue.
# Native memory allocation (malloc) failed to allocate 65552 bytes for Chunk::new
# Possible reasons:
#   The system is out of physical RAM or swap space
#   In 32 bit mode, the process size limit was hit
# Possible solutions:
#   Reduce memory load on the system
#   Increase physical memory or swap space
#   Check if swap backing store is full
#   Use 64 bit Java on a 64 bit OS
#   Decrease Java heap size (-Xmx/-Xms)
#   Decrease number of Java threads
#   Decrease Java thread stack sizes (-Xss)
#   Set larger code cache with -XX:ReservedCodeCacheSize=
# This output file may be truncated or incomplete.
#
#  Out of Memory Error (allocation.cpp:390), pid=12796, tid=0x00000000000019a0
#
# JRE version: Java(TM) SE Runtime Environment (8.0_191-b12) (build 1.8.0_191-b12)
# Java VM: Java HotSpot(TM) 64-Bit Server VM (25.191-b12 mixed mode windows-amd64 compressed oops)
# Failed to write core dump. Minidumps are not enabled by default on client versions of Windows
#

---------------  T H R E A D  ---------------

Current thread (0x0000000018964800):  JavaThread "C2 CompilerThread1" daemon [_thread_in_native, id=6560, stack(0x00000000191d0000,0x00000000192d0000)]

Stack: [0x00000000191d0000,0x00000000192d0000]
[error occurred during error reporting (printing stack bounds), id 0xc0000005]

Native frames: (J=compiled Java code, j=interpreted, Vv=VM code, C=native code)


Current CompileTask:
C2:   8083 1430   !   4       java.net.URLClassLoader$1::run (63 bytes)


---------------  P R O C E S S  ---------------

Java Threads: ( => current thread )
  0x0000000019748000 JavaThread "Cache worker for journal cache (C:\Users\Administrator\.gradle\caches\journal-1)" [_thread_blocked, id=5336, stack(0x000000001d050000,0x000000001d150000)]
  0x0000000019747000 JavaThread "File lock request listener" [_thread_in_native, id=3196, stack(0x000000001cf50000,0x000000001d050000)]
  0x0000000019745000 JavaThread "Cache worker for file hash cache (C:\Users\Administrator\.gradle\caches\5.1.1\fileHashes)" [_thread_blocked, id=1528, stack(0x000000001ce50000,0x000000001cf50000)]
  0x000000001977a000 JavaThread "Thread-9" [_thread_blocked, id=4876, stack(0x000000001cd50000,0x000000001ce50000)]
  0x000000001a579800 JavaThread "Stdin handler" [_thread_blocked, id=2364, stack(0x000000001cc50000,0x000000001cd50000)]
  0x000000001a57b800 JavaThread "Asynchronous log dispatcher for DefaultDaemonConnection: socket connection from /127.0.0.1:51887 to /127.0.0.1:51888" [_thread_blocked, id=13288, stack(0x000000001ca50000,0x000000001cb50000)]
  0x000000001a92a000 JavaThread "Daemon worker" [_thread_in_vm, id=4268, stack(0x000000001c950000,0x000000001ca50000)]
  0x000000001a929800 JavaThread "Cancel handler" [_thread_blocked, id=3484, stack(0x000000001c850000,0x000000001c950000)]
  0x000000001a00c800 JavaThread "Handler for socket connection from /127.0.0.1:51887 to /127.0.0.1:51888" [_thread_in_native, id=1248, stack(0x000000001c550000,0x000000001c650000)]
  0x000000001a00c000 JavaThread "Daemon" [_thread_blocked, id=244, stack(0x000000001c450000,0x000000001c550000)]
  0x000000001b2c0800 JavaThread "Daemon periodic checks" [_thread_blocked, id=3416, stack(0x000000001c350000,0x000000001c450000)]
  0x000000001a7fc000 JavaThread "Incoming local TCP Connector on port 51887" [_thread_in_native, id=2816, stack(0x000000001c1b0000,0x000000001c2b0000)]
  0x000000001ab91000 JavaThread "Daemon health stats" [_thread_blocked, id=2480, stack(0x000000001be90000,0x000000001bf90000)]
  0x00000000189b3000 JavaThread "Service Thread" daemon [_thread_blocked, id=11956, stack(0x00000000194d0000,0x00000000195d0000)]
  0x000000001896b800 JavaThread "C1 CompilerThread3" daemon [_thread_blocked, id=8924, stack(0x00000000193d0000,0x00000000194d0000)]
  0x0000000018968800 JavaThread "C2 CompilerThread2" daemon [_thread_blocked, id=12988, stack(0x00000000192d0000,0x00000000193d0000)]
=>0x0000000018964800 JavaThread "C2 CompilerThread1" daemon [_thread_in_native, id=6560, stack(0x00000000191d0000,0x00000000192d0000)]
  0x0000000018961800 JavaThread "C2 CompilerThread0" daemon [_thread_in_native, id=13160, stack(0x00000000190d0000,0x00000000191d0000)]
  0x000000001895c800 JavaThread "Attach Listener" daemon [_thread_blocked, id=3628, stack(0x0000000018fd0000,0x00000000190d0000)]
  0x0000000018909000 JavaThread "Signal Dispatcher" daemon [_thread_blocked, id=10604, stack(0x0000000018ed0000,0x0000000018fd0000)]
  0x0000000002c89000 JavaThread "Finalizer" daemon [_thread_blocked, id=9764, stack(0x0000000018dd0000,0x0000000018ed0000)]
  0x0000000016aed800 JavaThread "Reference Handler" daemon [_thread_blocked, id=10000, stack(0x0000000018cd0000,0x0000000018dd0000)]
  0x0000000002d2e000 JavaThread "main" [_thread_blocked, id=10004, stack(0x0000000002720000,0x0000000002820000)]

Other Threads:
  0x0000000016ae9000 VMThread [stack: 0x00000000187d0000,0x00000000188d0000] [id=7940]
  0x00000000189c4000 WatcherThread [stack: 0x00000000195d0000,0x00000000196d0000] [id=3436]

VM state:not at safepoint (normal execution)

VM Mutex/Monitor currently owned by a thread: None

Heap:
 PSYoungGen      total 36864K, used 34799K [0x00000000e0000000, 0x00000000e2900000, 0x0000000100000000)
  eden space 31744K, 93% used [0x00000000e0000000,0x00000000e1d029e8,0x00000000e1f00000)
  from space 5120K, 99% used [0x00000000e1f00000,0x00000000e23f9420,0x00000000e2400000)
  to   space 5120K, 0% used [0x00000000e2400000,0x00000000e2400000,0x00000000e2900000)
 ParOldGen       total 84992K, used 1662K [0x00000000a0000000, 0x00000000a5300000, 0x00000000e0000000)
  object space 84992K, 1% used [0x00000000a0000000,0x00000000a019f818,0x00000000a5300000)
 Metaspace       used 15067K, capacity 15568K, committed 15744K, reserved 1062912K
  class space    used 2184K, capacity 2362K, committed 2432K, reserved 1048576K

Card table byte_map: [0x00000000120f0000,0x0000000012400000] byte_map_base: 0x0000000011bf0000

Marking Bits: (ParMarkBitMap*) 0x00000000596f3e30
 Begin Bits: [0x0000000012e00000, 0x0000000014600000)
 End Bits:   [0x0000000014600000, 0x0000000015e00000)

Polling page: 0x0000000000a20000

CodeCache: size=245760Kb used=5080Kb max_used=5080Kb free=240679Kb
 bounds [0x0000000002d30000, 0x0000000003230000, 0x0000000011d30000]
 total_blobs=1821 nmethods=1436 adapters=297
 compilation: enabled

Compilation events (10 events):
Event: 8.034 Thread 0x000000001896b800 1434       3       java.util.AbstractCollection::isEmpty (13 bytes)
Event: 8.035 Thread 0x000000001896b800 nmethod 1434 0x0000000003226410 code [0x0000000003226580, 0x00000000032267e8]
Event: 8.035 Thread 0x000000001896b800 1435       3       org.gradle.internal.file.FilePathUtil::sizeOfCommonPrefix (142 bytes)
Event: 8.039 Thread 0x000000001896b800 nmethod 1435 0x0000000003226890 code [0x0000000003226b00, 0x0000000003227f28]
Event: 8.039 Thread 0x000000001896b800 1436       3       org.gradle.internal.file.DefaultFileHierarchySet$Node::sizeOfCommonPrefix (10 bytes)
Event: 8.040 Thread 0x000000001896b800 nmethod 1436 0x0000000003228890 code [0x0000000003228a00, 0x0000000003228be8]
Event: 8.040 Thread 0x000000001896b800 1437       3       org.gradle.internal.file.FilePathUtil::sizeOfCommonPrefix (10 bytes)
Event: 8.040 Thread 0x000000001896b800 nmethod 1437 0x0000000003228cd0 code [0x0000000003228e40, 0x0000000003228fa8]
Event: 8.040 Thread 0x000000001896b800 1438       1       com.google.common.collect.RegularImmutableList::size (5 bytes)
Event: 8.040 Thread 0x000000001896b800 nmethod 1438 0x0000000003229050 code [0x00000000032291a0, 0x00000000032292b0]

GC Heap History (6 events):
Event: 2.961 GC heap before
{Heap before GC invocations=1 (full 0):
 PSYoungGen      total 36864K, used 31744K [0x00000000e0000000, 0x00000000e2900000, 0x0000000100000000)
  eden space 31744K, 100% used [0x00000000e0000000,0x00000000e1f00000,0x00000000e1f00000)
  from space 5120K, 0% used [0x00000000e2400000,0x00000000e2400000,0x00000000e2900000)
  to   space 5120K, 0% used [0x00000000e1f00000,0x00000000e1f00000,0x00000000e2400000)
 ParOldGen       total 84992K, used 0K [0x00000000a0000000, 0x00000000a5300000, 0x00000000e0000000)
  object space 84992K, 0% used [0x00000000a0000000,0x00000000a0000000,0x00000000a5300000)
 Metaspace       used 7014K, capacity 7194K, committed 7424K, reserved 1056768K
  class space    used 875K, capacity 910K, committed 1024K, reserved 1048576K
Event: 3.014 GC heap after
Heap after GC invocations=1 (full 0):
 PSYoungGen      total 36864K, used 4657K [0x00000000e0000000, 0x00000000e2900000, 0x0000000100000000)
  eden space 31744K, 0% used [0x00000000e0000000,0x00000000e0000000,0x00000000e1f00000)
  from space 5120K, 90% used [0x00000000e1f00000,0x00000000e238c580,0x00000000e2400000)
  to   space 5120K, 0% used [0x00000000e2400000,0x00000000e2400000,0x00000000e2900000)
 ParOldGen       total 84992K, used 8K [0x00000000a0000000, 0x00000000a5300000, 0x00000000e0000000)
  object space 84992K, 0% used [0x00000000a0000000,0x00000000a0002000,0x00000000a5300000)
 Metaspace       used 7014K, capacity 7194K, committed 7424K, reserved 1056768K
  class space    used 875K, capacity 910K, committed 1024K, reserved 1048576K
}
Event: 4.122 GC heap before
{Heap before GC invocations=2 (full 0):
 PSYoungGen      total 36864K, used 36401K [0x00000000e0000000, 0x00000000e2900000, 0x0000000100000000)
  eden space 31744K, 100% used [0x00000000e0000000,0x00000000e1f00000,0x00000000e1f00000)
  from space 5120K, 90% used [0x00000000e1f00000,0x00000000e238c580,0x00000000e2400000)
  to   space 5120K, 0% used [0x00000000e2400000,0x00000000e2400000,0x00000000e2900000)
 ParOldGen       total 84992K, used 8K [0x00000000a0000000, 0x00000000a5300000, 0x00000000e0000000)
  object space 84992K, 0% used [0x00000000a0000000,0x00000000a0002000,0x00000000a5300000)
 Metaspace       used 8219K, capacity 8470K, committed 8576K, reserved 1056768K
  class space    used 1057K, capacity 1145K, committed 1152K, reserved 1048576K
Event: 4.134 GC heap after
Heap after GC invocations=2 (full 0):
 PSYoungGen      total 36864K, used 4424K [0x00000000e0000000, 0x00000000e2900000, 0x0000000100000000)
  eden space 31744K, 0% used [0x00000000e0000000,0x00000000e0000000,0x00000000e1f00000)
  from space 5120K, 86% used [0x00000000e2400000,0x00000000e28521e8,0x00000000e2900000)
  to   space 5120K, 0% used [0x00000000e1f00000,0x00000000e1f00000,0x00000000e2400000)
 ParOldGen       total 84992K, used 16K [0x00000000a0000000, 0x00000000a5300000, 0x00000000e0000000)
  object space 84992K, 0% used [0x00000000a0000000,0x00000000a0004000,0x00000000a5300000)
 Metaspace       used 8219K, capacity 8470K, committed 8576K, reserved 1056768K
  class space    used 1057K, capacity 1145K, committed 1152K, reserved 1048576K
}
Event: 7.295 GC heap before
{Heap before GC invocations=3 (full 0):
 PSYoungGen      total 36864K, used 36168K [0x00000000e0000000, 0x00000000e2900000, 0x0000000100000000)
  eden space 31744K, 100% used [0x00000000e0000000,0x00000000e1f00000,0x00000000e1f00000)
  from space 5120K, 86% used [0x00000000e2400000,0x00000000e28521e8,0x00000000e2900000)
  to   space 5120K, 0% used [0x00000000e1f00000,0x00000000e1f00000,0x00000000e2400000)
 ParOldGen       total 84992K, used 16K [0x00000000a0000000, 0x00000000a5300000, 0x00000000e0000000)
  object space 84992K, 0% used [0x00000000a0000000,0x00000000a0004000,0x00000000a5300000)
 Metaspace       used 12662K, capacity 12986K, committed 13184K, reserved 1060864K
  class space    used 1766K, capacity 1901K, committed 1920K, reserved 1048576K
Event: 7.310 GC heap after
Heap after GC invocations=3 (full 0):
 PSYoungGen      total 36864K, used 5093K [0x00000000e0000000, 0x00000000e2900000, 0x0000000100000000)
  eden space 31744K, 0% used [0x00000000e0000000,0x00000000e0000000,0x00000000e1f00000)
  from space 5120K, 99% used [0x00000000e1f00000,0x00000000e23f9420,0x00000000e2400000)
  to   space 5120K, 0% used [0x00000000e2400000,0x00000000e2400000,0x00000000e2900000)
 ParOldGen       total 84992K, used 1662K [0x00000000a0000000, 0x00000000a5300000, 0x00000000e0000000)
  object space 84992K, 1% used [0x00000000a0000000,0x00000000a019f818,0x00000000a5300000)
 Metaspace       used 12662K, capacity 12986K, committed 13184K, reserved 1060864K
  class space    used 1766K, capacity 1901K, committed 1920K, reserved 1048576K
}

Deoptimization events (10 events):
Event: 5.379 Thread 0x0000000002d2e000 Uncommon trap: reason=unstable_if action=reinterpret pc=0x000000000307cd68 method=java.io.WinNTFileSystem.normalize(Ljava/lang/String;II)Ljava/lang/String; @ 90
Event: 6.840 Thread 0x000000001a00c800 Uncommon trap: reason=unstable_if action=reinterpret pc=0x00000000030f4c70 method=java.util.concurrent.ConcurrentHashMap.putVal(Ljava/lang/Object;Ljava/lang/Object;Z)Ljava/lang/Object; @ 206
Event: 6.978 Thread 0x000000001a92a000 Uncommon trap: reason=unstable_if action=reinterpret pc=0x000000000318e9ac method=sun.nio.cs.ext.DoubleByte$Encoder.encodeArrayLoop(Ljava/nio/CharBuffer;Ljava/nio/ByteBuffer;)Ljava/nio/charset/CoderResult; @ 218
Event: 7.000 Thread 0x000000001a92a000 Uncommon trap: reason=bimorphic action=maybe_recompile pc=0x0000000002fbcc60 method=java.util.HashMap.putVal(ILjava/lang/Object;Ljava/lang/Object;ZZ)Ljava/lang/Object; @ 253
Event: 7.000 Thread 0x000000001a92a000 Uncommon trap: reason=bimorphic action=maybe_recompile pc=0x0000000002fbcc60 method=java.util.HashMap.putVal(ILjava/lang/Object;Ljava/lang/Object;ZZ)Ljava/lang/Object; @ 253
Event: 7.001 Thread 0x000000001a92a000 Uncommon trap: reason=bimorphic action=maybe_recompile pc=0x0000000002fbcc60 method=java.util.HashMap.putVal(ILjava/lang/Object;Ljava/lang/Object;ZZ)Ljava/lang/Object; @ 253
Event: 7.483 Thread 0x000000001a92a000 Uncommon trap: reason=class_check action=maybe_recompile pc=0x00000000030017d8 method=java.util.regex.Matcher.match(II)Z @ 86
Event: 7.519 Thread 0x000000001a92a000 Uncommon trap: reason=class_check action=maybe_recompile pc=0x00000000030017d8 method=java.util.regex.Matcher.match(II)Z @ 86
Event: 7.520 Thread 0x000000001a92a000 Uncommon trap: reason=class_check action=maybe_recompile pc=0x00000000030017d8 method=java.util.regex.Matcher.match(II)Z @ 86
Event: 7.521 Thread 0x000000001a92a000 Uncommon trap: reason=class_check action=maybe_recompile pc=0x0000000002fc595c method=java.util.regex.Matcher.match(II)Z @ 86

Classes redefined (0 events):
No events

Internal exceptions (10 events):
Event: 6.846 Thread 0x000000001a00c800 Exception <a 'java/lang/NoSuchMethodError': <clinit>> (0x00000000e0f1b058) thrown at [C:\re\workspace\8-2-build-windows-amd64-cygwin\jdk8u191\11896\hotspot\src\share\vm\prims\jni.cpp, line 1613]
Event: 6.850 Thread 0x000000001a00c800 Exception <a 'java/lang/NoSuchMethodError': <clinit>> (0x00000000e0f30148) thrown at [C:\re\workspace\8-2-build-windows-amd64-cygwin\jdk8u191\11896\hotspot\src\share\vm\prims\jni.cpp, line 1613]
Event: 6.859 Thread 0x000000001a00c800 Exception <a 'java/lang/NoSuchMethodError': <clinit>> (0x00000000e0f43318) thrown at [C:\re\workspace\8-2-build-windows-amd64-cygwin\jdk8u191\11896\hotspot\src\share\vm\prims\jni.cpp, line 1613]
Event: 6.868 Thread 0x000000001a00c800 Exception <a 'java/lang/NoSuchMethodError': <clinit>> (0x00000000e0f6aa88) thrown at [C:\re\workspace\8-2-build-windows-amd64-cygwin\jdk8u191\11896\hotspot\src\share\vm\prims\jni.cpp, line 1613]
Event: 6.874 Thread 0x000000001a00c800 Exception <a 'java/lang/NoSuchMethodError': <clinit>> (0x00000000e0f82f08) thrown at [C:\re\workspace\8-2-build-windows-amd64-cygwin\jdk8u191\11896\hotspot\src\share\vm\prims\jni.cpp, line 1613]
Event: 6.877 Thread 0x000000001a00c800 Exception <a 'java/lang/NoSuchMethodError': <clinit>> (0x00000000e0f8bbb0) thrown at [C:\re\workspace\8-2-build-windows-amd64-cygwin\jdk8u191\11896\hotspot\src\share\vm\prims\jni.cpp, line 1613]
Event: 6.884 Thread 0x000000001a00c800 Exception <a 'java/lang/NoSuchMethodError': <clinit>> (0x00000000e0fa2530) thrown at [C:\re\workspace\8-2-build-windows-amd64-cygwin\jdk8u191\11896\hotspot\src\share\vm\prims\jni.cpp, line 1613]
Event: 6.908 Thread 0x000000001a00c800 Exception <a 'java/lang/NoSuchMethodError': <clinit>> (0x00000000e1005200) thrown at [C:\re\workspace\8-2-build-windows-amd64-cygwin\jdk8u191\11896\hotspot\src\share\vm\prims\jni.cpp, line 1613]
Event: 6.919 Thread 0x000000001a00c800 Exception <a 'java/lang/NoSuchMethodError': <clinit>> (0x00000000e1031ad8) thrown at [C:\re\workspace\8-2-build-windows-amd64-cygwin\jdk8u191\11896\hotspot\src\share\vm\prims\jni.cpp, line 1613]
Event: 6.930 Thread 0x000000001a00c800 Exception <a 'java/lang/NoSuchMethodError': <clinit>> (0x00000000e104e140) thrown at [C:\re\workspace\8-2-build-windows-amd64-cygwin\jdk8u191\11896\hotspot\src\share\vm\prims\jni.cpp, line 1613]

Events (10 events):
Event: 8.057 loading class org/gradle/internal/typeconversion/NotationParserBuilder$LazyDisplayName
Event: 8.057 loading class org/gradle/internal/typeconversion/NotationParserBuilder$LazyDisplayName done
Event: 8.058 loading class org/gradle/internal/typeconversion/ErrorHandlingNotationParser
Event: 8.058 loading class org/gradle/internal/typeconversion/ErrorHandlingNotationParser done
Event: 8.059 loading class org/gradle/internal/exceptions/DiagnosticsVisitor
Event: 8.059 loading class org/gradle/internal/exceptions/DiagnosticsVisitor done
Event: 8.060 loading class org/apache/tools/ant/DirectoryScanner
Event: 8.060 loading class org/apache/tools/ant/DirectoryScanner done
Event: 8.063 loading class org/apache/tools/ant/FileScanner
Event: 8.063 loading class org/apache/tools/ant/FileScanner done


Dynamic libraries:
0x00007ff716650000 - 0x00007ff716687000 	D:\Java\jdk1.8.0_191\bin\java.exe
0x00007ff8da820000 - 0x00007ff8da9f1000 	C:\Windows\SYSTEM32\ntdll.dll
0x00007ff8d7f70000 - 0x00007ff8d801b000 	C:\Windows\System32\KERNEL32.DLL
0x00007ff8d6de0000 - 0x00007ff8d6ffd000 	C:\Windows\System32\KERNELBASE.dll
0x00007ff8d90d0000 - 0x00007ff8d9172000 	C:\Windows\System32\ADVAPI32.dll
0x00007ff8d8ac0000 - 0x00007ff8d8b5e000 	C:\Windows\System32\msvcrt.dll
0x00007ff8da700000 - 0x00007ff8da759000 	C:\Windows\System32\sechost.dll
0x00007ff8d8020000 - 0x00007ff8d8141000 	C:\Windows\System32\RPCRT4.dll
0x00007ff8d8420000 - 0x00007ff8d8585000 	C:\Windows\System32\USER32.dll
0x00007ff8d6dc0000 - 0x00007ff8d6dde000 	C:\Windows\System32\win32u.dll
0x00007ff8d87d0000 - 0x00007ff8d8804000 	C:\Windows\System32\GDI32.dll
0x00007ff8d7a70000 - 0x00007ff8d7bf2000 	C:\Windows\System32\gdi32full.dll
0x00007ff8c9c20000 - 0x00007ff8c9e99000 	C:\Windows\WinSxS\amd64_microsoft.windows.common-controls_6595b64144ccf1df_6.0.14393.447_none_42191651c6827bb3\COMCTL32.dll
0x00007ff8d8150000 - 0x00007ff8d8418000 	C:\Windows\System32\combase.dll
0x00007ff8d7c00000 - 0x00007ff8d7cf5000 	C:\Windows\System32\ucrtbase.dll
0x00007ff8d7000000 - 0x00007ff8d706a000 	C:\Windows\System32\bcryptPrimitives.dll
0x00007ff8d87a0000 - 0x00007ff8d87ce000 	C:\Windows\System32\IMM32.DLL
0x0000000059780000 - 0x0000000059852000 	D:\Java\jdk1.8.0_191\jre\bin\msvcr100.dll
0x0000000058ed0000 - 0x0000000059774000 	D:\Java\jdk1.8.0_191\jre\bin\server\jvm.dll
0x00007ff8d8950000 - 0x00007ff8d8958000 	C:\Windows\System32\PSAPI.DLL
0x00007ff8d4e90000 - 0x00007ff8d4eb3000 	C:\Windows\SYSTEM32\WINMM.dll
0x00007ff8c80d0000 - 0x00007ff8c80d9000 	C:\Windows\SYSTEM32\WSOCK32.dll
0x00007ff8ceb10000 - 0x00007ff8ceb1a000 	C:\Windows\SYSTEM32\VERSION.dll
0x00007ff8da690000 - 0x00007ff8da6fa000 	C:\Windows\System32\WS2_32.dll
0x00007ff8d4a60000 - 0x00007ff8d4a8b000 	C:\Windows\SYSTEM32\WINMMBASE.dll
0x00007ff8d7070000 - 0x00007ff8d70b2000 	C:\Windows\System32\cfgmgr32.dll
0x0000000058ec0000 - 0x0000000058ecf000 	D:\Java\jdk1.8.0_191\jre\bin\verify.dll
0x0000000058e90000 - 0x0000000058eb9000 	D:\Java\jdk1.8.0_191\jre\bin\java.dll
0x0000000058e70000 - 0x0000000058e86000 	D:\Java\jdk1.8.0_191\jre\bin\zip.dll
0x00007ff8d9180000 - 0x00007ff8da689000 	C:\Windows\System32\SHELL32.dll
0x00007ff8d71c0000 - 0x00007ff8d789a000 	C:\Windows\System32\windows.storage.dll
0x00007ff8d6ca0000 - 0x00007ff8d6cec000 	C:\Windows\System32\powrprof.dll
0x00007ff8d8590000 - 0x00007ff8d85e2000 	C:\Windows\System32\shlwapi.dll
0x00007ff8d6cf0000 - 0x00007ff8d6cff000 	C:\Windows\System32\kernel.appcore.dll
0x00007ff8d7d00000 - 0x00007ff8d7da9000 	C:\Windows\System32\shcore.dll
0x00007ff8d6c80000 - 0x00007ff8d6c94000 	C:\Windows\System32\profapi.dll
0x0000000058e50000 - 0x0000000058e6a000 	D:\Java\jdk1.8.0_191\jre\bin\net.dll
0x00007ff8d6590000 - 0x00007ff8d65ec000 	C:\Windows\system32\mswsock.dll
0x0000000058e30000 - 0x0000000058e41000 	D:\Java\jdk1.8.0_191\jre\bin\nio.dll
0x00007ff8d1b30000 - 0x00007ff8d1b4e000 	C:\Users\Administrator\.gradle\native\25\windows-amd64\native-platform.dll
0x0000000058e20000 - 0x0000000058e2d000 	D:\Java\jdk1.8.0_191\jre\bin\management.dll
0x00007ff8d6730000 - 0x00007ff8d6747000 	C:\Windows\SYSTEM32\CRYPTSP.dll
0x00007ff8d61a0000 - 0x00007ff8d61d3000 	C:\Windows\system32\rsaenh.dll
0x00007ff8d6840000 - 0x00007ff8d686b000 	C:\Windows\SYSTEM32\bcrypt.dll
0x00007ff8d6410000 - 0x00007ff8d642f000 	C:\Windows\SYSTEM32\USERENV.dll
0x00007ff8d6750000 - 0x00007ff8d675b000 	C:\Windows\SYSTEM32\CRYPTBASE.dll
0x00007ff8d6320000 - 0x00007ff8d6358000 	C:\Windows\SYSTEM32\IPHLPAPI.DLL
0x00007ff8d8940000 - 0x00007ff8d8948000 	C:\Windows\System32\NSI.dll
0x00007ff8d2730000 - 0x00007ff8d2746000 	C:\Windows\SYSTEM32\dhcpcsvc6.DLL
0x00007ff8d2e80000 - 0x00007ff8d2e9a000 	C:\Windows\SYSTEM32\dhcpcsvc.DLL

VM Arguments:
jvm_args: -Xmx1536m -Dfile.encoding=GBK -Duser.country=CN -Duser.language=zh -Duser.variant 
java_command: org.gradle.launcher.daemon.bootstrap.GradleDaemon 5.1.1
java_class_path (initial): C:\Users\Administrator\.gradle\wrapper\dists\gradle-5.1.1-all\97z1ksx6lirer3kbvdnh7jtjg\gradle-5.1.1\lib\gradle-launcher-5.1.1.jar
Launcher Type: SUN_STANDARD

Environment Variables:
JAVA_HOME=D:\Java\jdk1.8.0_191
CLASSPATH=.;D:\Java\jdk1.8.0_191\lib;D:\Java\jdk1.8.0_191\lib\tools.jar;D:\apache-tomcat-8.0.53-windows-x64\apache-tomcat-8.0.53\lib\servlet-api.jar;.;D:\Java\jdk1.8.0_191\lib;D:\Java\jdk1.8.0_191\lib\tools.jar;D:\Java\jdk1.8.0_191\lib\mysql-connector-java-8.0.13.jar;D:\Java\sqlite-tools-win32-x86-3270200\sqlite-tools-win32-x86-3270200
PATH=C:\Program Files (x86)\Common Files\Oracle\Java\javapath;C:\Windows\system32;C:\Windows;C:\Windows\System32\Wbem;C:\Windows\System32\WindowsPowerShell\v1.0\;C:\VisTitle;C:\Program Files (x86)\NVIDIA Corporation\PhysX\Common;C:\Program Files (x86)\Microsoft SQL Server\100\Tools\Binn\;C:\Program Files\Microsoft SQL Server\100\Tools\Binn\;C:\Program Files\Microsoft SQL Server\100\DTS\Binn\;C:\Program Files (x86)\Microsoft SQL Server\100\Tools\Binn\VSShell\Common7\IDE\;C:\Program Files (x86)\Microsoft SQL Server\100\DTS\Binn\;C:\Program Files (x86)\Microsoft Visual Studio 9.0\Common7\IDE\PrivateAssemblies\;C:\Program Files (x86)\QuickTime\QTSystem\;C:\Android;C:\java\bin;D:\apache-tomcat-8.0.53-windows-x64\apache-tomcat-8.0.53\bin;D:\apache-tomcat-8.0.53-windows-x64\apache-tomcat-8.0.53\bin;D:\Java\jdk1.8.0_191\bin;C:\Program Files\MySQL\MySQL Server 8.0\bin;C:\Program Files\NVIDIA Corporation\NVIDIA NvDLISR;D:\Java\sqlite-tools-win32-x86-3270200\sqlite-tools-win32-x86-3270200;C:\Program Files\Git\cmd;C:\Users\Administrator\AppData\Local\GitHubDesktop\bin
USERNAME=Administrator
OS=Windows_NT
PROCESSOR_IDENTIFIER=Intel64 Family 6 Model 60 Stepping 3, GenuineIntel



---------------  S Y S T E M  ---------------

OS: Windows 10.0 , 64 bit Build 14393 (10.0.14393.0)

CPU:total 8 (initial active 8) (4 cores per cpu, 2 threads per core) family 6 model 60 stepping 3, cmov, cx8, fxsr, mmx, sse, sse2, sse3, ssse3, sse4.1, sse4.2, popcnt, avx, avx2, aes, clmul, erms, lzcnt, ht, tsc, tscinvbit, bmi1, bmi2

Memory: 4k page, physical 8036716k(883724k free), swap 8036716k(3168k free)

vm_info: Java HotSpot(TM) 64-Bit Server VM (25.191-b12) for windows-amd64 JRE (1.8.0_191-b12), built on Oct  6 2018 09:29:03 by "java_re" with MS VC++ 10.0 (VS2010)

time: Tue May 07 22:51:40 2019
elapsed time: 8 seconds (0d 0h 0m 8s)

