#
# There is insufficient memory for the Java Runtime Environment to continue.
# Native memory allocation (malloc) failed to allocate 39504 bytes for Chunk::new
# Possible reasons:
#   The system is out of physical RAM or swap space
#   In 32 bit mode, the process size limit was hit
# Possible solutions:
#   Reduce memory load on the system
#   Increase physical memory or swap space
#   Check if swap backing store is full
#   Use 64 bit Java on a 64 bit OS
#   Decrease Java heap size (-Xmx/-Xms)
#   Decrease number of Java threads
#   Decrease Java thread stack sizes (-Xss)
#   Set larger code cache with -XX:ReservedCodeCacheSize=
# This output file may be truncated or incomplete.
#
#  Out of Memory Error (allocation.cpp:390), pid=13284, tid=0x0000000000000d60
#
# JRE version: Java(TM) SE Runtime Environment (8.0_191-b12) (build 1.8.0_191-b12)
# Java VM: Java HotSpot(TM) 64-Bit Server VM (25.191-b12 mixed mode windows-amd64 compressed oops)
# Failed to write core dump. Minidumps are not enabled by default on client versions of Windows
#

---------------  T H R E A D  ---------------

Current thread (0x0000000018552000):  JavaThread "C2 CompilerThread0" daemon [_thread_in_native, id=3424, stack(0x0000000018cc0000,0x0000000018dc0000)]

Stack: [0x0000000018cc0000,0x0000000018dc0000]
[error occurred during error reporting (printing stack bounds), id 0xc0000005]

Native frames: (J=compiled Java code, j=interpreted, Vv=VM code, C=native code)


Current CompileTask:
C2:  19797 3779   !   4       java.lang.StringCoding::decode (120 bytes)


---------------  P R O C E S S  ---------------

Java Threads: ( => current thread )
  0x000000001ab18000 JavaThread "Cache worker for Build Output Cleanup Cache (F:\JavaTest\car\.gradle\buildOutputCleanup)" [_thread_blocked, id=10500, stack(0x0000000023320000,0x0000000023420000)]
  0x000000001ab16800 JavaThread "Build operations Thread 8" [_thread_blocked, id=7944, stack(0x0000000022a20000,0x0000000022b20000)]
  0x000000001ab14000 JavaThread "Build operations Thread 7" [_thread_blocked, id=5964, stack(0x0000000022920000,0x0000000022a20000)]
  0x000000001ab1b000 JavaThread "Build operations Thread 6" [_thread_blocked, id=3200, stack(0x0000000022820000,0x0000000022920000)]
  0x000000001ab17000 JavaThread "Build operations Thread 5" [_thread_blocked, id=7092, stack(0x0000000022720000,0x0000000022820000)]
  0x000000001ab18800 JavaThread "Build operations Thread 4" [_thread_blocked, id=10588, stack(0x0000000022620000,0x0000000022720000)]
  0x000000001ab15800 JavaThread "Build operations Thread 3" [_thread_blocked, id=9836, stack(0x0000000022520000,0x0000000022620000)]
  0x000000001ab1a000 JavaThread "Build operations Thread 2" [_thread_blocked, id=8144, stack(0x0000000022420000,0x0000000022520000)]
  0x000000001ab19800 JavaThread "Build operations" [_thread_blocked, id=13208, stack(0x0000000022320000,0x0000000022420000)]
  0x000000001a77c800 JavaThread "Cache worker for execution history cache (C:\Users\Administrator\.gradle\caches\5.1.1\executionHistory)" [_thread_blocked, id=9268, stack(0x0000000021e20000,0x0000000021f20000)]
  0x000000001a782000 JavaThread "Cache worker for cache directory md-rule (C:\Users\Administrator\.gradle\caches\5.1.1\md-rule)" [_thread_blocked, id=3112, stack(0x0000000021d20000,0x0000000021e20000)]
  0x000000001a77e000 JavaThread "Cache worker for cache directory md-supplier (C:\Users\Administrator\.gradle\caches\5.1.1\md-supplier)" [_thread_blocked, id=7956, stack(0x0000000021c20000,0x0000000021d20000)]
  0x000000001a783800 JavaThread "Cache worker for file hash cache (F:\JavaTest\car\.gradle\5.1.1\fileHashes)" [_thread_blocked, id=8276, stack(0x000000001df60000,0x000000001e060000)]
  0x000000001a782800 JavaThread "Cache worker for journal cache (C:\Users\Administrator\.gradle\caches\journal-1)" [_thread_blocked, id=9572, stack(0x000000001cc90000,0x000000001cd90000)]
  0x000000001a77f800 JavaThread "File lock request listener" [_thread_in_native, id=7836, stack(0x000000001cb90000,0x000000001cc90000)]
  0x000000001a77f000 JavaThread "Cache worker for file hash cache (C:\Users\Administrator\.gradle\caches\5.1.1\fileHashes)" [_thread_blocked, id=7804, stack(0x000000001ca90000,0x000000001cb90000)]
  0x000000001a4c2800 JavaThread "Thread-9" [_thread_blocked, id=2808, stack(0x000000001c990000,0x000000001ca90000)]
  0x000000001a195800 JavaThread "Stdin handler" [_thread_blocked, id=11440, stack(0x000000001c890000,0x000000001c990000)]
  0x000000001a18c000 JavaThread "Asynchronous log dispatcher for DefaultDaemonConnection: socket connection from /127.0.0.1:51781 to /127.0.0.1:51782" [_thread_blocked, id=7376, stack(0x000000001c690000,0x000000001c790000)]
  0x000000001af1a000 JavaThread "Daemon worker" [_thread_in_Java, id=7884, stack(0x000000001c590000,0x000000001c690000)]
  0x000000001a1ba000 JavaThread "Cancel handler" [_thread_blocked, id=7120, stack(0x000000001c490000,0x000000001c590000)]
  0x000000001a2e7800 JavaThread "Handler for socket connection from /127.0.0.1:51781 to /127.0.0.1:51782" [_thread_in_native, id=2232, stack(0x000000001c190000,0x000000001c290000)]
  0x000000001ac88800 JavaThread "Daemon" [_thread_blocked, id=3596, stack(0x000000001c090000,0x000000001c190000)]
  0x0000000019ca4800 JavaThread "Daemon periodic checks" [_thread_blocked, id=10684, stack(0x000000001bf90000,0x000000001c090000)]
  0x000000001b370800 JavaThread "Incoming local TCP Connector on port 51781" [_thread_in_native, id=8028, stack(0x000000001be90000,0x000000001bf90000)]
  0x0000000019f33000 JavaThread "Daemon health stats" [_thread_blocked, id=1112, stack(0x000000001bb90000,0x000000001bc90000)]
  0x00000000185ef000 JavaThread "Service Thread" daemon [_thread_blocked, id=6424, stack(0x00000000190c0000,0x00000000191c0000)]
  0x000000001855f000 JavaThread "C1 CompilerThread3" daemon [_thread_blocked, id=1476, stack(0x0000000018fc0000,0x00000000190c0000)]
  0x0000000018556800 JavaThread "C2 CompilerThread2" daemon [_thread_in_native, id=4028, stack(0x0000000018ec0000,0x0000000018fc0000)]
  0x0000000018554800 JavaThread "C2 CompilerThread1" daemon [_thread_in_native, id=11376, stack(0x0000000018dc0000,0x0000000018ec0000)]
=>0x0000000018552000 JavaThread "C2 CompilerThread0" daemon [_thread_in_native, id=3424, stack(0x0000000018cc0000,0x0000000018dc0000)]
  0x000000001854d000 JavaThread "Attach Listener" daemon [_thread_blocked, id=1724, stack(0x0000000018bc0000,0x0000000018cc0000)]
  0x000000001854c000 JavaThread "Signal Dispatcher" daemon [_thread_blocked, id=1852, stack(0x0000000018ac0000,0x0000000018bc0000)]
  0x00000000184e0800 JavaThread "Finalizer" daemon [_thread_blocked, id=12496, stack(0x00000000189c0000,0x0000000018ac0000)]
  0x00000000166fd000 JavaThread "Reference Handler" daemon [_thread_blocked, id=11712, stack(0x00000000188c0000,0x00000000189c0000)]
  0x000000000283e000 JavaThread "main" [_thread_blocked, id=12324, stack(0x0000000002680000,0x0000000002780000)]

Other Threads:
  0x00000000166f9000 VMThread [stack: 0x00000000183c0000,0x00000000184c0000] [id=12920]
  0x0000000018603800 WatcherThread [stack: 0x00000000191c0000,0x00000000192c0000] [id=5824]

VM state:not at safepoint (normal execution)

VM Mutex/Monitor currently owned by a thread: None

Heap:
 PSYoungGen      total 107008K, used 74485K [0x00000000e0000000, 0x00000000e9280000, 0x0000000100000000)
  eden space 96256K, 77% used [0x00000000e0000000,0x00000000e48bd4c8,0x00000000e5e00000)
  from space 10752K, 0% used [0x00000000e5e00000,0x00000000e5e00000,0x00000000e6880000)
  to   space 11264K, 0% used [0x00000000e8780000,0x00000000e8780000,0x00000000e9280000)
 ParOldGen       total 58880K, used 16996K [0x00000000a0000000, 0x00000000a3980000, 0x00000000e0000000)
  object space 58880K, 28% used [0x00000000a0000000,0x00000000a10991f8,0x00000000a3980000)
 Metaspace       used 43655K, capacity 44484K, committed 44928K, reserved 1087488K
  class space    used 5981K, capacity 6230K, committed 6272K, reserved 1048576K

Card table byte_map: [0x0000000011d00000,0x0000000012010000] byte_map_base: 0x0000000011800000

Marking Bits: (ParMarkBitMap*) 0x00000000596f3e30
 Begin Bits: [0x0000000012a10000, 0x0000000014210000)
 End Bits:   [0x0000000014210000, 0x0000000015a10000)

Polling page: 0x00000000006f0000

CodeCache: size=245760Kb used=12224Kb max_used=12237Kb free=233535Kb
 bounds [0x0000000002940000, 0x0000000003540000, 0x0000000011940000]
 total_blobs=4332 nmethods=3568 adapters=675
 compilation: enabled

Compilation events (10 events):
Event: 19.725 Thread 0x000000001855f000 nmethod 3770 0x000000000352ca90 code [0x000000000352cc00, 0x000000000352ce48]
Event: 19.734 Thread 0x0000000018552000 nmethod 3767% 0x0000000003538050 code [0x00000000035381a0, 0x0000000003538a38]
Event: 19.740 Thread 0x0000000018556800 3774       4       java.util.jar.Manifest$FastInputStream::peek (38 bytes)
Event: 19.740 Thread 0x0000000018552000 3775       4       java.util.jar.Manifest$FastInputStream::readLine (9 bytes)
Event: 19.743 Thread 0x0000000018556800 nmethod 3774 0x0000000003530e10 code [0x0000000003530f60, 0x0000000003531048]
Event: 19.743 Thread 0x0000000018556800 3776       4       java.lang.String::<init> (38 bytes)
Event: 19.743 Thread 0x000000001855f000 3777       3       java.util.jar.Manifest::read (328 bytes)
Event: 19.748 Thread 0x000000001855f000 nmethod 3777 0x0000000003538cd0 code [0x0000000003539060, 0x000000000353aad8]
Event: 19.767 Thread 0x0000000018552000 nmethod 3775 0x000000000353ba90 code [0x000000000353bbe0, 0x000000000353c018]
Event: 19.767 Thread 0x0000000018552000 3779   !   4       java.lang.StringCoding::decode (120 bytes)

GC Heap History (10 events):
Event: 9.821 GC heap before
{Heap before GC invocations=7 (full 1):
 PSYoungGen      total 73728K, used 7668K [0x00000000e0000000, 0x00000000e5200000, 0x0000000100000000)
  eden space 63488K, 0% used [0x00000000e0000000,0x00000000e0000000,0x00000000e3e00000)
  from space 10240K, 74% used [0x00000000e4800000,0x00000000e4f7d190,0x00000000e5200000)
  to   space 10240K, 0% used [0x00000000e3e00000,0x00000000e3e00000,0x00000000e4800000)
 ParOldGen       total 84992K, used 8160K [0x00000000a0000000, 0x00000000a5300000, 0x00000000e0000000)
  object space 84992K, 9% used [0x00000000a0000000,0x00000000a07f8238,0x00000000a5300000)
 Metaspace       used 20644K, capacity 21036K, committed 21296K, reserved 1067008K
  class space    used 2937K, capacity 3098K, committed 3200K, reserved 1048576K
Event: 9.925 GC heap after
Heap after GC invocations=7 (full 1):
 PSYoungGen      total 73728K, used 0K [0x00000000e0000000, 0x00000000e5200000, 0x0000000100000000)
  eden space 63488K, 0% used [0x00000000e0000000,0x00000000e0000000,0x00000000e3e00000)
  from space 10240K, 0% used [0x00000000e4800000,0x00000000e4800000,0x00000000e5200000)
  to   space 10240K, 0% used [0x00000000e3e00000,0x00000000e3e00000,0x00000000e4800000)
 ParOldGen       total 58880K, used 8525K [0x00000000a0000000, 0x00000000a3980000, 0x00000000e0000000)
  object space 58880K, 14% used [0x00000000a0000000,0x00000000a0853598,0x00000000a3980000)
 Metaspace       used 20644K, capacity 21036K, committed 21296K, reserved 1067008K
  class space    used 2937K, capacity 3098K, committed 3200K, reserved 1048576K
}
Event: 12.511 GC heap before
{Heap before GC invocations=8 (full 1):
 PSYoungGen      total 73728K, used 63488K [0x00000000e0000000, 0x00000000e5200000, 0x0000000100000000)
  eden space 63488K, 100% used [0x00000000e0000000,0x00000000e3e00000,0x00000000e3e00000)
  from space 10240K, 0% used [0x00000000e4800000,0x00000000e4800000,0x00000000e5200000)
  to   space 10240K, 0% used [0x00000000e3e00000,0x00000000e3e00000,0x00000000e4800000)
 ParOldGen       total 58880K, used 8525K [0x00000000a0000000, 0x00000000a3980000, 0x00000000e0000000)
  object space 58880K, 14% used [0x00000000a0000000,0x00000000a0853598,0x00000000a3980000)
 Metaspace       used 28260K, capacity 28704K, committed 28928K, reserved 1075200K
  class space    used 3885K, capacity 4045K, committed 4096K, reserved 1048576K
Event: 12.522 GC heap after
Heap after GC invocations=8 (full 1):
 PSYoungGen      total 73728K, used 7412K [0x00000000e0000000, 0x00000000e7280000, 0x0000000100000000)
  eden space 63488K, 0% used [0x00000000e0000000,0x00000000e0000000,0x00000000e3e00000)
  from space 10240K, 72% used [0x00000000e3e00000,0x00000000e453d130,0x00000000e4800000)
  to   space 10240K, 0% used [0x00000000e6880000,0x00000000e6880000,0x00000000e7280000)
 ParOldGen       total 58880K, used 8533K [0x00000000a0000000, 0x00000000a3980000, 0x00000000e0000000)
  object space 58880K, 14% used [0x00000000a0000000,0x00000000a0855598,0x00000000a3980000)
 Metaspace       used 28260K, capacity 28704K, committed 28928K, reserved 1075200K
  class space    used 3885K, capacity 4045K, committed 4096K, reserved 1048576K
}
Event: 14.066 GC heap before
{Heap before GC invocations=9 (full 1):
 PSYoungGen      total 73728K, used 70900K [0x00000000e0000000, 0x00000000e7280000, 0x0000000100000000)
  eden space 63488K, 100% used [0x00000000e0000000,0x00000000e3e00000,0x00000000e3e00000)
  from space 10240K, 72% used [0x00000000e3e00000,0x00000000e453d130,0x00000000e4800000)
  to   space 10240K, 0% used [0x00000000e6880000,0x00000000e6880000,0x00000000e7280000)
 ParOldGen       total 58880K, used 8533K [0x00000000a0000000, 0x00000000a3980000, 0x00000000e0000000)
  object space 58880K, 14% used [0x00000000a0000000,0x00000000a0855598,0x00000000a3980000)
 Metaspace       used 31504K, capacity 31972K, committed 32256K, reserved 1077248K
  class space    used 4429K, capacity 4599K, committed 4608K, reserved 1048576K
Event: 14.090 GC heap after
Heap after GC invocations=9 (full 1):
 PSYoungGen      total 106496K, used 8316K [0x00000000e0000000, 0x00000000e7480000, 0x0000000100000000)
  eden space 96256K, 0% used [0x00000000e0000000,0x00000000e0000000,0x00000000e5e00000)
  from space 10240K, 81% used [0x00000000e6880000,0x00000000e709f3e0,0x00000000e7280000)
  to   space 10752K, 0% used [0x00000000e5e00000,0x00000000e5e00000,0x00000000e6880000)
 ParOldGen       total 58880K, used 8541K [0x00000000a0000000, 0x00000000a3980000, 0x00000000e0000000)
  object space 58880K, 14% used [0x00000000a0000000,0x00000000a0857598,0x00000000a3980000)
 Metaspace       used 31504K, capacity 31972K, committed 32256K, reserved 1077248K
  class space    used 4429K, capacity 4599K, committed 4608K, reserved 1048576K
}
Event: 16.440 GC heap before
{Heap before GC invocations=10 (full 1):
 PSYoungGen      total 106496K, used 61375K [0x00000000e0000000, 0x00000000e7480000, 0x0000000100000000)
  eden space 96256K, 55% used [0x00000000e0000000,0x00000000e33d0ab0,0x00000000e5e00000)
  from space 10240K, 81% used [0x00000000e6880000,0x00000000e709f3e0,0x00000000e7280000)
  to   space 10752K, 0% used [0x00000000e5e00000,0x00000000e5e00000,0x00000000e6880000)
 ParOldGen       total 58880K, used 8541K [0x00000000a0000000, 0x00000000a3980000, 0x00000000e0000000)
  object space 58880K, 14% used [0x00000000a0000000,0x00000000a0857598,0x00000000a3980000)
 Metaspace       used 34652K, capacity 35328K, committed 35496K, reserved 1079296K
  class space    used 4885K, capacity 5067K, committed 5120K, reserved 1048576K
Event: 16.470 GC heap after
Heap after GC invocations=10 (full 1):
 PSYoungGen      total 107008K, used 10104K [0x00000000e0000000, 0x00000000e9280000, 0x0000000100000000)
  eden space 96256K, 0% used [0x00000000e0000000,0x00000000e0000000,0x00000000e5e00000)
  from space 10752K, 93% used [0x00000000e5e00000,0x00000000e67de048,0x00000000e6880000)
  to   space 11264K, 0% used [0x00000000e8780000,0x00000000e8780000,0x00000000e9280000)
 ParOldGen       total 58880K, used 8549K [0x00000000a0000000, 0x00000000a3980000, 0x00000000e0000000)
  object space 58880K, 14% used [0x00000000a0000000,0x00000000a0859598,0x00000000a3980000)
 Metaspace       used 34652K, capacity 35328K, committed 35496K, reserved 1079296K
  class space    used 4885K, capacity 5067K, committed 5120K, reserved 1048576K
}
Event: 16.470 GC heap before
{Heap before GC invocations=11 (full 2):
 PSYoungGen      total 107008K, used 10104K [0x00000000e0000000, 0x00000000e9280000, 0x0000000100000000)
  eden space 96256K, 0% used [0x00000000e0000000,0x00000000e0000000,0x00000000e5e00000)
  from space 10752K, 93% used [0x00000000e5e00000,0x00000000e67de048,0x00000000e6880000)
  to   space 11264K, 0% used [0x00000000e8780000,0x00000000e8780000,0x00000000e9280000)
 ParOldGen       total 58880K, used 8549K [0x00000000a0000000, 0x00000000a3980000, 0x00000000e0000000)
  object space 58880K, 14% used [0x00000000a0000000,0x00000000a0859598,0x00000000a3980000)
 Metaspace       used 34652K, capacity 35328K, committed 35496K, reserved 1079296K
  class space    used 4885K, capacity 5067K, committed 5120K, reserved 1048576K
Event: 16.647 GC heap after
Heap after GC invocations=11 (full 2):
 PSYoungGen      total 107008K, used 0K [0x00000000e0000000, 0x00000000e9280000, 0x0000000100000000)
  eden space 96256K, 0% used [0x00000000e0000000,0x00000000e0000000,0x00000000e5e00000)
  from space 10752K, 0% used [0x00000000e5e00000,0x00000000e5e00000,0x00000000e6880000)
  to   space 11264K, 0% used [0x00000000e8780000,0x00000000e8780000,0x00000000e9280000)
 ParOldGen       total 58880K, used 16996K [0x00000000a0000000, 0x00000000a3980000, 0x00000000e0000000)
  object space 58880K, 28% used [0x00000000a0000000,0x00000000a10991f8,0x00000000a3980000)
 Metaspace       used 34618K, capacity 35214K, committed 35496K, reserved 1079296K
  class space    used 4874K, capacity 5048K, committed 5120K, reserved 1048576K
}

Deoptimization events (10 events):
Event: 19.537 Thread 0x000000001af1a000 Uncommon trap: reason=unstable_if action=reinterpret pc=0x0000000002aed758 method=java.util.HashMap.putVal(ILjava/lang/Object;Ljava/lang/Object;ZZ)Ljava/lang/Object; @ 236
Event: 19.599 Thread 0x000000001af1a000 Uncommon trap: reason=unstable_if action=reinterpret pc=0x0000000002e075bc method=java.lang.CharacterDataLatin1.isWhitespace(I)Z @ 14
Event: 19.719 Thread 0x000000001af1a000 Uncommon trap: reason=unstable_if action=reinterpret pc=0x00000000034f5608 method=java.util.jar.JarFile.maybeInstantiateVerifier()V @ 4
Event: 19.725 Thread 0x000000001af1a000 Uncommon trap: reason=unstable_if action=reinterpret pc=0x00000000033b64d8 method=java.util.jar.JarFile.maybeInstantiateVerifier()V @ 4
Event: 19.725 Thread 0x000000001af1a000 Uncommon trap: reason=unstable_if action=reinterpret pc=0x00000000034e60b0 method=java.security.CodeSource.<init>(Ljava/net/URL;[Ljava/security/CodeSigner;)V @ 25
Event: 19.729 Thread 0x000000001af1a000 Uncommon trap: reason=unstable_if action=reinterpret pc=0x0000000002eaf2ac method=java.security.CodeSource.getCertificates()[Ljava/security/cert/Certificate; @ 22
Event: 19.730 Thread 0x000000001af1a000 Uncommon trap: reason=unstable_if action=reinterpret pc=0x00000000031a85d0 method=java.util.jar.JarFile.maybeInstantiateVerifier()V @ 4
Event: 19.730 Thread 0x000000001af1a000 Uncommon trap: reason=unstable_if action=reinterpret pc=0x00000000033b41d0 method=java.util.jar.JarFile.maybeInstantiateVerifier()V @ 4
Event: 19.731 Thread 0x000000001af1a000 Uncommon trap: reason=unstable_if action=reinterpret pc=0x0000000002a59e58 method=java.util.jar.JarFile.maybeInstantiateVerifier()V @ 4
Event: 19.731 Thread 0x000000001af1a000 Uncommon trap: reason=unstable_if action=reinterpret pc=0x00000000034f29fc method=java.security.CodeSource.matchCerts(Ljava/security/CodeSource;Z)Z @ 11

Classes redefined (0 events):
No events

Internal exceptions (10 events):
Event: 16.100 Thread 0x000000001af1a000 Exception <a 'java/lang/ClassNotFoundException': org/gradle/api/tasks/DeleteCustomizer> (0x00000000e2c5d378) thrown at [C:\re\workspace\8-2-build-windows-amd64-cygwin\jdk8u191\11896\hotspot\src\share\vm\classfile\systemDictionary.cpp, line 210]
Event: 16.106 Thread 0x000000001af1a000 Exception <a 'java/lang/ClassNotFoundException': org/gradle/api/tasks/Delete_DecoratedCustomizer> (0x00000000e2ca6660) thrown at [C:\re\workspace\8-2-build-windows-amd64-cygwin\jdk8u191\11896\hotspot\src\share\vm\classfile\systemDictionary.cpp, line 210]
Event: 17.686 Thread 0x000000001af1a000 Exception <a 'java/lang/ClassNotFoundException': build_3wfatb2f4frpar34y0ge05gnrBeanInfo> (0x00000000e12c9a90) thrown at [C:\re\workspace\8-2-build-windows-amd64-cygwin\jdk8u191\11896\hotspot\src\share\vm\classfile\systemDictionary.cpp, line 210]
Event: 17.687 Thread 0x000000001af1a000 Exception <a 'java/lang/ClassNotFoundException': build_3wfatb2f4frpar34y0ge05gnrCustomizer> (0x00000000e12d4f28) thrown at [C:\re\workspace\8-2-build-windows-amd64-cygwin\jdk8u191\11896\hotspot\src\share\vm\classfile\systemDictionary.cpp, line 210]
Event: 17.705 Thread 0x000000001af1a000 Exception <a 'java/lang/ClassNotFoundException': org/gradle/api/internal/plugins/DefaultObjectConfigurationActionBeanInfo> (0x00000000e1345b88) thrown at [C:\re\workspace\8-2-build-windows-amd64-cygwin\jdk8u191\11896\hotspot\src\share\vm\classfile\systemD
Event: 17.707 Thread 0x000000001af1a000 Exception <a 'java/lang/ClassNotFoundException': org/gradle/api/internal/plugins/DefaultObjectConfigurationActionCustomizer> (0x00000000e1383ce8) thrown at [C:\re\workspace\8-2-build-windows-amd64-cygwin\jdk8u191\11896\hotspot\src\share\vm\classfile\syste
Event: 18.221 Thread 0x000000001af1a000 Implicit null exception at 0x0000000003367af5 to 0x000000000336b351
Event: 18.222 Thread 0x000000001af1a000 Implicit null exception at 0x0000000003299c55 to 0x0000000003299f3d
Event: 19.080 Thread 0x000000001af1a000 Exception <a 'sun/nio/fs/WindowsException'> (0x00000000e302dc78) thrown at [C:\re\workspace\8-2-build-windows-amd64-cygwin\jdk8u191\11896\hotspot\src\share\vm\prims\jni.cpp, line 709]
Event: 19.508 Thread 0x000000001af1a000 Implicit null exception at 0x0000000003358fe8 to 0x00000000033594dd

Events (10 events):
Event: 19.731 Thread 0x000000001af1a000 Uncommon trap: trap_request=0xffffff65 fr.pc=0x0000000002a59e58
Event: 19.731 Thread 0x000000001af1a000 DEOPT PACKING pc=0x0000000002a59e58 sp=0x000000001c685a20
Event: 19.731 Thread 0x000000001af1a000 DEOPT UNPACKING pc=0x000000000298583b sp=0x000000001c6859b8 mode 2
Event: 19.731 Thread 0x000000001af1a000 Uncommon trap: trap_request=0xffffff65 fr.pc=0x00000000034f29fc
Event: 19.731 Executing VM operation: RevokeBias
Event: 19.731 Executing VM operation: RevokeBias done
Event: 19.731 Thread 0x000000001af1a000 DEOPT PACKING pc=0x00000000034f29fc sp=0x000000001c685a20
Event: 19.731 Thread 0x000000001af1a000 DEOPT UNPACKING pc=0x000000000298583b sp=0x000000001c6857d0 mode 2
Event: 19.732 loading class org/bouncycastle/jce/provider/BouncyCastleProvider
Event: 19.732 loading class org/bouncycastle/jce/provider/BouncyCastleProvider done


Dynamic libraries:
0x00007ff64df80000 - 0x00007ff64dfb7000 	D:\Java\jdk1.8.0_191\bin\java.exe
0x00007ff8da820000 - 0x00007ff8da9f1000 	C:\Windows\SYSTEM32\ntdll.dll
0x00007ff8d7f70000 - 0x00007ff8d801b000 	C:\Windows\System32\KERNEL32.DLL
0x00007ff8d6de0000 - 0x00007ff8d6ffd000 	C:\Windows\System32\KERNELBASE.dll
0x00007ff8d90d0000 - 0x00007ff8d9172000 	C:\Windows\System32\ADVAPI32.dll
0x00007ff8d8ac0000 - 0x00007ff8d8b5e000 	C:\Windows\System32\msvcrt.dll
0x00007ff8da700000 - 0x00007ff8da759000 	C:\Windows\System32\sechost.dll
0x00007ff8d8020000 - 0x00007ff8d8141000 	C:\Windows\System32\RPCRT4.dll
0x00007ff8d8420000 - 0x00007ff8d8585000 	C:\Windows\System32\USER32.dll
0x00007ff8d6dc0000 - 0x00007ff8d6dde000 	C:\Windows\System32\win32u.dll
0x00007ff8d87d0000 - 0x00007ff8d8804000 	C:\Windows\System32\GDI32.dll
0x00007ff8d7a70000 - 0x00007ff8d7bf2000 	C:\Windows\System32\gdi32full.dll
0x00007ff8c9c20000 - 0x00007ff8c9e99000 	C:\Windows\WinSxS\amd64_microsoft.windows.common-controls_6595b64144ccf1df_6.0.14393.447_none_42191651c6827bb3\COMCTL32.dll
0x00007ff8d8150000 - 0x00007ff8d8418000 	C:\Windows\System32\combase.dll
0x00007ff8d7c00000 - 0x00007ff8d7cf5000 	C:\Windows\System32\ucrtbase.dll
0x00007ff8d7000000 - 0x00007ff8d706a000 	C:\Windows\System32\bcryptPrimitives.dll
0x00007ff8d87a0000 - 0x00007ff8d87ce000 	C:\Windows\System32\IMM32.DLL
0x0000000059780000 - 0x0000000059852000 	D:\Java\jdk1.8.0_191\jre\bin\msvcr100.dll
0x0000000058ed0000 - 0x0000000059774000 	D:\Java\jdk1.8.0_191\jre\bin\server\jvm.dll
0x00007ff8d8950000 - 0x00007ff8d8958000 	C:\Windows\System32\PSAPI.DLL
0x00007ff8ceb10000 - 0x00007ff8ceb1a000 	C:\Windows\SYSTEM32\VERSION.dll
0x00007ff8d4e90000 - 0x00007ff8d4eb3000 	C:\Windows\SYSTEM32\WINMM.dll
0x00007ff8c80d0000 - 0x00007ff8c80d9000 	C:\Windows\SYSTEM32\WSOCK32.dll
0x00007ff8da690000 - 0x00007ff8da6fa000 	C:\Windows\System32\WS2_32.dll
0x0000000000b90000 - 0x0000000000bbb000 	C:\Windows\SYSTEM32\WINMMBASE.dll
0x00007ff8d7070000 - 0x00007ff8d70b2000 	C:\Windows\System32\cfgmgr32.dll
0x0000000058ec0000 - 0x0000000058ecf000 	D:\Java\jdk1.8.0_191\jre\bin\verify.dll
0x0000000058e90000 - 0x0000000058eb9000 	D:\Java\jdk1.8.0_191\jre\bin\java.dll
0x0000000058e70000 - 0x0000000058e86000 	D:\Java\jdk1.8.0_191\jre\bin\zip.dll
0x00007ff8d9180000 - 0x00007ff8da689000 	C:\Windows\System32\SHELL32.dll
0x00007ff8d71c0000 - 0x00007ff8d789a000 	C:\Windows\System32\windows.storage.dll
0x00007ff8d6ca0000 - 0x00007ff8d6cec000 	C:\Windows\System32\powrprof.dll
0x00007ff8d8590000 - 0x00007ff8d85e2000 	C:\Windows\System32\shlwapi.dll
0x00007ff8d6cf0000 - 0x00007ff8d6cff000 	C:\Windows\System32\kernel.appcore.dll
0x00007ff8d7d00000 - 0x00007ff8d7da9000 	C:\Windows\System32\shcore.dll
0x00007ff8d6c80000 - 0x00007ff8d6c94000 	C:\Windows\System32\profapi.dll
0x0000000058e50000 - 0x0000000058e6a000 	D:\Java\jdk1.8.0_191\jre\bin\net.dll
0x00007ff8d6590000 - 0x00007ff8d65ec000 	C:\Windows\system32\mswsock.dll
0x0000000058e30000 - 0x0000000058e41000 	D:\Java\jdk1.8.0_191\jre\bin\nio.dll
0x00007ff8d1b30000 - 0x00007ff8d1b4e000 	C:\Users\Administrator\.gradle\native\25\windows-amd64\native-platform.dll
0x0000000058e20000 - 0x0000000058e2d000 	D:\Java\jdk1.8.0_191\jre\bin\management.dll
0x00007ff8d6730000 - 0x00007ff8d6747000 	C:\Windows\SYSTEM32\CRYPTSP.dll
0x00007ff8d61a0000 - 0x00007ff8d61d3000 	C:\Windows\system32\rsaenh.dll
0x00007ff8d6840000 - 0x00007ff8d686b000 	C:\Windows\SYSTEM32\bcrypt.dll
0x00007ff8d6410000 - 0x00007ff8d642f000 	C:\Windows\SYSTEM32\USERENV.dll
0x00007ff8d6750000 - 0x00007ff8d675b000 	C:\Windows\SYSTEM32\CRYPTBASE.dll
0x00007ff8d6320000 - 0x00007ff8d6358000 	C:\Windows\SYSTEM32\IPHLPAPI.DLL
0x00007ff8d8940000 - 0x00007ff8d8948000 	C:\Windows\System32\NSI.dll
0x00007ff8d2730000 - 0x00007ff8d2746000 	C:\Windows\SYSTEM32\dhcpcsvc6.DLL
0x00007ff8d2e80000 - 0x00007ff8d2e9a000 	C:\Windows\SYSTEM32\dhcpcsvc.DLL

VM Arguments:
jvm_args: -Xmx1536m -Dfile.encoding=GBK -Duser.country=CN -Duser.language=zh -Duser.variant 
java_command: org.gradle.launcher.daemon.bootstrap.GradleDaemon 5.1.1
java_class_path (initial): C:\Users\Administrator\.gradle\wrapper\dists\gradle-5.1.1-all\97z1ksx6lirer3kbvdnh7jtjg\gradle-5.1.1\lib\gradle-launcher-5.1.1.jar
Launcher Type: SUN_STANDARD

Environment Variables:
JAVA_HOME=D:\Java\jdk1.8.0_191
CLASSPATH=.;D:\Java\jdk1.8.0_191\lib;D:\Java\jdk1.8.0_191\lib\tools.jar;D:\apache-tomcat-8.0.53-windows-x64\apache-tomcat-8.0.53\lib\servlet-api.jar;.;D:\Java\jdk1.8.0_191\lib;D:\Java\jdk1.8.0_191\lib\tools.jar;D:\Java\jdk1.8.0_191\lib\mysql-connector-java-8.0.13.jar;D:\Java\sqlite-tools-win32-x86-3270200\sqlite-tools-win32-x86-3270200
PATH=C:\Program Files (x86)\Common Files\Oracle\Java\javapath;C:\Windows\system32;C:\Windows;C:\Windows\System32\Wbem;C:\Windows\System32\WindowsPowerShell\v1.0\;C:\VisTitle;C:\Program Files (x86)\NVIDIA Corporation\PhysX\Common;C:\Program Files (x86)\Microsoft SQL Server\100\Tools\Binn\;C:\Program Files\Microsoft SQL Server\100\Tools\Binn\;C:\Program Files\Microsoft SQL Server\100\DTS\Binn\;C:\Program Files (x86)\Microsoft SQL Server\100\Tools\Binn\VSShell\Common7\IDE\;C:\Program Files (x86)\Microsoft SQL Server\100\DTS\Binn\;C:\Program Files (x86)\Microsoft Visual Studio 9.0\Common7\IDE\PrivateAssemblies\;C:\Program Files (x86)\QuickTime\QTSystem\;C:\Android;C:\java\bin;D:\apache-tomcat-8.0.53-windows-x64\apache-tomcat-8.0.53\bin;D:\apache-tomcat-8.0.53-windows-x64\apache-tomcat-8.0.53\bin;D:\Java\jdk1.8.0_191\bin;C:\Program Files\MySQL\MySQL Server 8.0\bin;C:\Program Files\NVIDIA Corporation\NVIDIA NvDLISR;D:\Java\sqlite-tools-win32-x86-3270200\sqlite-tools-win32-x86-3270200;C:\Program Files\Git\cmd;C:\Users\Administrator\AppData\Local\GitHubDesktop\bin
USERNAME=Administrator
OS=Windows_NT
PROCESSOR_IDENTIFIER=Intel64 Family 6 Model 60 Stepping 3, GenuineIntel



---------------  S Y S T E M  ---------------

OS: Windows 10.0 , 64 bit Build 14393 (10.0.14393.0)

CPU:total 8 (initial active 8) (4 cores per cpu, 2 threads per core) family 6 model 60 stepping 3, cmov, cx8, fxsr, mmx, sse, sse2, sse3, ssse3, sse4.1, sse4.2, popcnt, avx, avx2, aes, clmul, erms, lzcnt, ht, tsc, tscinvbit, bmi1, bmi2

Memory: 4k page, physical 8036716k(811100k free), swap 8036716k(5152k free)

vm_info: Java HotSpot(TM) 64-Bit Server VM (25.191-b12) for windows-amd64 JRE (1.8.0_191-b12), built on Oct  6 2018 09:29:03 by "java_re" with MS VC++ 10.0 (VS2010)

time: Tue May 07 22:48:19 2019
elapsed time: 19 seconds (0d 0h 0m 19s)

